0.01 0 -4.36647e-20 -7.83968e-06
0.02 0 -1.68616e-19 -3.28957e-05
0.03 0 -3.00648e-19 -6.25543e-05
0.04 0 -3.66331e-19 -7.84874e-05
0.05 0 -4.10629e-19 -8.74571e-05
0.06 0 -5.03049e-19 -0.000106024
0.07 0 -6.21142e-19 -0.000131726
0.08 0 -7.01733e-19 -0.000150103
0.09 0 -7.48939e-19 -0.000160209
0.1 0 -8.11888e-19 -0.000173839
0.11 0 -9.07128e-19 -0.000194036
0.12 0 -9.90369e-19 -0.000211442
0.13 0 -1.03126e-18 -0.000221542
0.14 0 -1.0749e-18 -0.000231167
0.15 0 -1.14615e-18 -0.000245373
0.16 0 -1.20894e-18 -0.000259374
0.17 0 -1.24239e-18 -0.000267911
0.18 0 -1.27378e-18 -0.000273863
0.19 0 -1.31717e-18 -0.000282143
0.2 0 -1.35207e-18 -0.000291269
0.21 0 -1.3785e-18 -0.000296786
0.22 0 -1.38818e-18 -0.000299001
0.23 0 -1.39831e-18 -0.000301668
0.24 0 -1.42131e-18 -0.000305251
0.25 0 -1.4229e-18 -0.000306687
0.26 0 -1.41377e-18 -0.000304962
0.27 0 -1.4024e-18 -0.000302431
0.28 0 -1.38662e-18 -0.000300418
0.29 0 -1.37717e-18 -0.000297229
0.3 0 -1.35889e-18 -0.000291438
0.31 0 -1.32519e-18 -0.000284202
0.32 0 -1.28199e-18 -0.000276982
0.33 0 -1.24163e-18 -0.000269141
0.34 0 -1.20507e-18 -0.000259383
0.35 0 -1.14544e-18 -0.000248033
0.36 0 -1.08617e-18 -0.000236308
0.37 0 -1.03961e-18 -0.000224244
0.38 0 -9.71993e-19 -0.000210911
0.39 0 -8.9816e-19 -0.00019617
0.4 0 -8.33655e-19 -0.000180863
0.41 0 -7.61551e-19 -0.000165364
0.42 0 -6.84089e-19 -0.000149143
0.43 0 -6.03522e-19 -0.000131883
0.44 0 -5.17852e-19 -0.000114071
0.45 0 -4.38072e-19 -9.61783e-05
0.46 0 -3.53469e-19 -7.80073e-05
0.47 0 -2.64197e-19 -5.92391e-05
0.48 0 -1.78134e-19 -4.00947e-05
0.49 0 -8.77788e-20 -2.10054e-05
0.5 0 2.6795e-22 -1.99516e-06
0.51 0 8.74874e-20 1.71691e-05
0.52 0 1.78099e-19 3.64303e-05
0.53 6.77626e-21 2.63601e-19 5.54583e-05
0.54 0 3.5068e-19 7.4112e-05
0.55 0 4.4012e-19 9.25168e-05
0.56 0 5.2191e-19 0.000110695
0.57 0 6.02294e-19 0.000128428
0.58 0 6.8304e-19 0.000145536
0.59 0 7.5947e-19 0.000162054
0.6 0 8.31687e-19 0.000178027
0.61 0 9.00702e-19 0.000193331
0.62 0 9.707e-19 0.000207798
0.63 0 1.03674e-18 0.000221403
0.64 0 1.09081e-18 0.000234187
0.65 0 1.14726e-18 0.000246093
0.66 0 1.20228e-18 0.000256992
0.67 0 1.23763e-18 0.000266832
0.68 0 1.27804e-18 0.000275639
0.69 0 1.3201e-18 0.0002834
0.7 0 1.34053e-18 0.000290035
0.71 0 1.37511e-18 0.000295487
0.72 0 1.40102e-18 0.000299774
0.73 0 1.40521e-18 0.000302908
0.74 0 1.42022e-18 0.000304853
0.75 0 1.41643e-18 0.00030557
0.76 0 1.41356e-18 0.000305072
0.77 0 1.41502e-18 0.000303387
0.78 0 1.3946e-18 0.000300518
0.79 0 1.37188e-18 0.00029645
0.8 0 1.34697e-18 0.000291198
0.81 0 1.32005e-18 0.000284806
0.82 0 1.28469e-18 0.000277303
0.83 0 1.24097e-18 0.0002687
0.84 0 1.20212e-18 0.000259026
0.85 0 1.15039e-18 0.000248331
0.86 0 1.08926e-18 0.000236666
0.87 0 1.03365e-18 0.000224067
0.88 0 9.73856e-19 0.000210576
0.89 0 9.05369e-19 0.000196252
0.9 0 8.30077e-19 0.000181159
0.91 0 7.58039e-19 0.000165355
0.92 0 6.8459e-19 0.000148894
0.93 0 6.03555e-19 0.000131841
0.94 0 5.22598e-19 0.000114271
0.95 0 4.38783e-19 9.6254e-05
0.96 0 3.5325e-19 7.7855e-05
0.97 0 2.6712e-19 5.91454e-05
0.98 0 1.77068e-19 4.02033e-05
0.99 0 8.92e-20 2.11056e-05
1 0 8.35144e-22 1.92431e-06
1.01 0 -9.02742e-20 -1.72671e-05
1.02 0 -1.77544e-19 -3.63906e-05
1.03 0 -2.65119e-19 -5.53685e-05
1.04 0 -3.51663e-19 -7.41272e-05
1.05 0 -4.356e-19 -9.25949e-05
1.06 0 -5.22719e-19 -0.000110698
1.07 0 -6.04495e-19 -0.000128363
1.08 0 -6.82252e-19 -0.000145521
1.09 0 -7.60576e-19 -0.000162105
1.1 0 -8.31019e-19 -0.00017805
1.11 0 -9.03073e-19 -0.000193292
1.12 0 -9.74797e-19 -0.000207771
1.13 0 -1.03452e-18 -0.000221429
1.14 0 -1.09345e-18 -0.000234215
1.15 0 -1.14808e-18 -0.000246076
1.16 0 -1.19493e-18 -0.000256966
1.17 0 -1.24356e-18 -0.000266841
1.18 0 -1.27747e-18 -0.000275663
1.19 0 -1.31287e-18 -0.000283398
1.2 0 -1.35614e-18 -0.000290014
1.21 0 -1.37118e-18 -0.000295485
1.22 0 -1.39387e-18 -0.000299791
1.23 0 -1.41764e-18 -0.000302913
1.24 0 -1.40966e-18 -0.00030484
1.25 0 -1.41573e-18 -0.000305563
1.26 0 -1.42275e-18 -0.000305081
1.27 0 -1.40127e-18 -0.000303395
1.28 0 -1.38734e-18 -0.000300512
1.29 0 -1.37771e-18 -0.000296442
1.3 0 -1.34631e-18 -0.000291202
1.31 0 -1.31938e-18 -0.000284814
1.32 0 -1.28727e-18 -0.000277301
1.33 0 -1.237e-18 -0.000268694
1.34 0 -1.19818e-18 -0.000259026
1.35 0 -1.15138e-18 -0.000248336
1.36 0 -1.09094e-18 -0.000236666
1.37 0 -1.03363e-18 -0.000224063
1.38 0 -9.67339e-19 -0.000210574
1.39 0 -9.00494e-19 -0.000196255
1.4 0 -8.33383e-19 -0.000181161
1.41 0 -7.56434e-19 -0.000165353
1.42 0 -6.83022e-19 -0.000148891
1.43 0 -6.06918e-19 -0.000131842
1.44 0 -5.22662e-19 -0.000114273
1.45 0 -4.40496e-19 -9.62531e-05
1.46 0 -3.53268e-19 -7.7853e-05
1.47 0 -2.64663e-19 -5.91457e-05
1.48 0 -1.7889e-19 -4.0205e-05
1.49 0 -8.8518e-20 -2.11056e-05
1.5 0 2.58368e-22 -1.92292e-06
1.51 0 8.79502e-20 1.72674e-05
1.52 0 1.77918e-19 3.63895e-05
1.53 0 2.65504e-19 5.5368e-05
1.54 0 3.52064e-19 7.4128e-05
1.55 0 4.3845e-19 9.25955e-05
1.56 0 5.21463e-19 0.000110698
1.57 0 6.01604e-19 0.000128363
1.58 0 6.82621e-19 0.000145521
1.59 0 7.60946e-19 0.000162106
1.6 0 8.34627e-19 0.00017805
1.61 0 9.03404e-19 0.000193292
1.62 0 9.69526e-19 0.000207771
1.63 0 1.03582e-18 0.00022143
1.64 0 1.09475e-18 0.000234215
1.65 0 1.1461e-18 0.000246076
1.66 0 1.19132e-18 0.000256965
1.67 0 1.24323e-18 0.000266841
1.68 0 1.28696e-18 0.000275663
1.69 0 1.31582e-18 0.000283398
1.7 0 1.34927e-18 0.000290014
1.71 0 1.37412e-18 0.000295485
1.72 0 1.39354e-18 0.000299791
1.73 0 1.4042e-18 0.000302913
1.74 0 1.41586e-18 0.00030484
1.75 0 1.41866e-18 0.000305563
1.76 0 1.40604e-18 0.000305081
1.77 0 1.4042e-18 0.000303395
1.78 0 1.39354e-18 0.000300511
1.79 0 1.3741e-18 0.000296442
1.8 0 1.34596e-18 0.000291202
1.81 0 1.31249e-18 0.000284814
1.82 0 1.28364e-18 0.000277301
1.83 0 1.24646e-18 0.000268694
1.84 0 1.20109e-18 0.000259026
1.85 0 1.14939e-18 0.000248336
1.86 0 1.09315e-18 0.000236666
1.87 0 1.03257e-18 0.000224062
1.88 0 9.7119e-19 0.000210574
1.89 0 9.04345e-19 0.000196255
1.9 0 8.32325e-19 0.000181161
1.91 0 7.60285e-19 0.000165353
1.92 0 6.81963e-19 0.000148891
1.93 0 6.02586e-19 0.000131842
1.94 0 5.22422e-19 0.000114273
1.95 0 4.38618e-19 9.62531e-05
1.96 0 3.53027e-19 7.7853e-05
1.97 0 2.65241e-19 5.91457e-05
1.98 0 1.77656e-19 4.0205e-05
1.99 0 8.9534e-20 2.11056e-05
2 0 -1.11677e-22 1.92291e-06
2.01 0 -8.9122e-20 -1.72674e-05
2.02 0 -1.77555e-19 -3.63895e-05
2.03 0 -2.65141e-19 -5.5368e-05
2.04 0 -3.52111e-19 -7.4128e-05
2.05 0 -4.38497e-19 -9.25955e-05
2.06 0 -5.23964e-19 -0.000110698
2.07 0 -6.03288e-19 -0.000128363
2.08 0 -6.79395e-19 -0.000145521
2.09 0 -7.59356e-19 -0.000162106
2.1 0 -8.34673e-19 -0.00017805
2.11 0 -9.03451e-19 -0.000193292
2.12 0 -9.70274e-19 -0.000207771
2.13 0 -1.0333e-18 -0.00022143
2.14 0 -1.09222e-18 -0.000234215
2.15 0 -1.14521e-18 -0.000246076
2.16 0 -1.19698e-18 -0.000256965
2.17 0 -1.24561e-18 -0.000266841
2.18 0 -1.27952e-18 -0.000275663
2.19 0 -1.3182e-18 -0.000283398
2.2 0 -1.35493e-18 -0.000290014
2.21 0 -1.37323e-18 -0.000295485
2.22 0 -1.39265e-18 -0.000299791
2.23 0 -1.40986e-18 -0.000302913
2.24 0 -1.41497e-18 -0.00030484
2.25 0 -1.42104e-18 -0.000305563
2.26 0 -1.41824e-18 -0.000305081
2.27 0 -1.40331e-18 -0.000303395
2.28 0 -1.39592e-18 -0.000300511
2.29 0 -1.37321e-18 -0.000296442
2.3 0 -1.34508e-18 -0.000291202
2.31 0 -1.32471e-18 -0.000284814
2.32 0 -1.28276e-18 -0.000277301
2.33 0 -1.23904e-18 -0.000268694
2.34 0 -1.20022e-18 -0.000259026
2.35 0 -1.14687e-18 -0.000248336
2.36 0 -1.09228e-18 -0.000236666
2.37 0 -1.03333e-18 -0.000224062
2.38 0 -9.68677e-19 -0.000210574
2.39 0 -9.05106e-19 -0.000196255
2.4 0 -8.31449e-19 -0.000181161
2.41 0 -7.59409e-19 -0.000165353
2.42 0 -6.82724e-19 -0.000148891
2.43 0 -5.98437e-19 -0.000131842
2.44 0 -5.24001e-19 -0.000114273
2.45 0 -4.39379e-19 -9.62531e-05
2.46 0 -3.50515e-19 -7.7853e-05
2.47 0 -2.67638e-19 -5.91457e-05
2.48 0 -1.77774e-19 -4.0205e-05
2.49 0 -8.88335e-20 -2.11056e-05
2.5 0 -6.32589e-22 -1.92291e-06
2.51 0 8.88892e-20 1.72674e-05
2.52 0 1.77089e-19 3.63895e-05
2.53 0 2.65902e-19 5.5368e-05
2.54 0 3.51702e-19 7.4128e-05
2.55 0 4.3727e-19 9.25955e-05
2.56 0 5.21101e-19 0.000110698
2.57 0 6.03698e-19 0.000128363
2.58 0 6.86351e-19 0.000145521
2.59 0 7.61403e-19 0.000162106
2.6 0 8.35083e-19 0.00017805
2.61 0 9.05498e-19 0.000193292
2.62 0 9.70684e-19 0.000207771
2.63 0 1.03534e-18 0.00022143
2.64 0 1.09427e-18 0.000234215
2.65 0 1.14726e-18 0.000246076
2.66 0 1.19739e-18 0.000256965
2.67 0 1.24275e-18 0.000266841
2.68 0 1.28648e-18 0.000275663
2.69 0 1.32188e-18 0.000283398
2.7 0 1.34552e-18 0.000290014
2.71 0 1.37364e-18 0.000295485
2.72 0 1.39633e-18 0.000299791
2.73 0 1.407e-18 0.000302913
2.74 0 1.41538e-18 0.00030484
2.75 0 1.4149e-18 0.000305563
2.76 0 1.40883e-18 0.000305081
2.77 0 1.40699e-18 0.000303395
2.78 0 1.38979e-18 0.000300511
2.79 0 1.3638e-18 0.000296442
2.8 0 1.34876e-18 0.000291202
2.81 0 1.31857e-18 0.000284814
2.82 0 1.2799e-18 0.000277301
2.83 0 1.24412e-18 0.000268694
2.84 0 1.19548e-18 0.000259026
2.85 0 1.14705e-18 0.000248336
2.86 0 1.09082e-18 0.000236666
2.87 0 1.0286e-18 0.000224062
2.88 0 9.72126e-19 0.000210574
2.89 0 9.05282e-19 0.000196255
2.9 0 8.36534e-19 0.000181161
2.91 0 7.62858e-19 0.000165353
2.92 0 6.829e-19 0.000148891
2.93 0 6.05159e-19 0.000131842
2.94 0 5.21722e-19 0.000114273
2.95 0 4.38737e-19 9.62531e-05
2.96 0 3.54782e-19 7.7853e-05
2.97 0 2.6495e-19 5.91457e-05
2.98 0 1.77365e-19 4.0205e-05
2.99 0 8.96524e-20 2.11056e-05
3 0 -5.3025e-22 1.92291e-06
3.01 0 -8.88867e-20 -1.72674e-05
3.02 0 -1.77188e-19 -3.63895e-05
3.03 0 -2.66002e-19 -5.5368e-05
3.04 0 -3.52211e-19 -7.4128e-05
3.05 0 -4.38597e-19 -9.25955e-05
3.06 0 -5.23247e-19 -0.000110698
3.07 0 -6.03389e-19 -0.000128363
3.08 0 -6.81132e-19 -0.000145521
3.09 0 -7.56184e-19 -0.000162106
3.1 0 -8.31501e-19 -0.00017805
3.11 0 -9.03552e-19 -0.000193292
3.12 0 -9.68738e-19 -0.000207771
3.13 0 -1.0334e-18 -0.00022143
3.14 0 -1.09396e-18 -0.000234215
3.15 0 -1.14859e-18 -0.000246076
3.16 0 -1.19871e-18 -0.000256965
3.17 0 -1.2408e-18 -0.000266841
3.18 0 -1.27798e-18 -0.000275663
3.19 0 -1.32321e-18 -0.000283398
3.2 0 -1.35666e-18 -0.000290014
3.21 0 -1.36514e-18 -0.000295485
3.22 0 -1.38784e-18 -0.000299791
3.23 0 -1.4116e-18 -0.000302913
3.24 0 -1.4167e-18 -0.00030484
3.25 0 -1.42278e-18 -0.000305563
3.26 0 -1.41343e-18 -0.000305081
3.27 0 -1.39523e-18 -0.000303395
3.28 0 -1.39439e-18 -0.000300511
3.29 0 -1.37494e-18 -0.000296442
3.3 0 -1.34027e-18 -0.000291202
3.31 0 -1.3199e-18 -0.000284814
3.32 0 -1.2845e-18 -0.000277301
3.33 0 -1.24078e-18 -0.000268694
3.34 0 -1.19541e-18 -0.000259026
3.35 0 -1.1437e-18 -0.000248336
3.36 0 -1.09565e-18 -0.000236666
3.37 0 -1.03343e-18 -0.000224062
3.38 0 -9.67142e-19 -0.000210574
3.39 0 -9.05207e-19 -0.000196255
3.4 0 -8.3155e-19 -0.000181161
3.41 0 -7.57873e-19 -0.000165353
3.42 0 -6.86098e-19 -0.000148891
3.43 0 -6.03448e-19 -0.000131842
3.44 0 -5.20828e-19 -0.000114273
3.45 0 -4.41116e-19 -9.62531e-05
3.46 0 -3.51434e-19 -7.7853e-05
3.47 0 -2.64057e-19 -5.91457e-05
3.48 0 -1.79745e-19 -4.0205e-05
3.49 0 -8.81453e-20 -2.11056e-05
3.5 0 -2.11013e-23 -1.92291e-06
3.51 0 8.81235e-20 1.72674e-05
3.52 0 1.785e-19 3.63895e-05
3.53 0 2.65268e-19 5.5368e-05
3.54 0 3.51887e-19 7.4128e-05
3.55 0 4.38273e-19 9.25955e-05
3.56 0 5.22104e-19 0.000110698
3.57 0 6.047e-19 0.000128363
3.58 0 6.82444e-19 0.000145521
3.59 0 7.55859e-19 0.000162106
3.6 0 8.32813e-19 0.00017805
3.61 0 9.04863e-19 0.000193292
3.62 0 9.7005e-19 0.000207771
3.63 0 1.03635e-18 0.00022143
3.64 0 1.092e-18 0.000234215
3.65 0 1.14335e-18 0.000246076
3.66 0 1.20002e-18 0.000256965
3.67 0 1.24211e-18 0.000266841
3.68 0 1.27602e-18 0.000275663
3.69 0 1.31798e-18 0.000283398
3.7 0 1.3547e-18 0.000290014
3.71 0 1.37628e-18 0.000295485
3.72 0 1.39242e-18 0.000299791
3.73 0 1.40636e-18 0.000302913
3.74 0 1.41474e-18 0.00030484
3.75 0 1.41754e-18 0.000305563
3.76 0 1.41474e-18 0.000305081
3.77 0 1.40636e-18 0.000303395
3.78 0 1.39242e-18 0.000300511
3.79 0 1.36971e-18 0.000296442
3.8 0 1.34485e-18 0.000291202
3.81 0 1.31794e-18 0.000284814
3.82 0 1.27926e-18 0.000277301
3.83 0 1.24115e-18 0.000268694
3.84 0 1.19906e-18 0.000259026
3.85 0 1.15063e-18 0.000248336
3.86 0 1.09673e-18 0.000236666
3.87 0 1.03124e-18 0.000224062
3.88 0 9.67284e-19 0.000210574
3.89 0 9.03713e-19 0.000196255
3.9 0 8.33328e-19 0.000181161
3.91 0 7.59652e-19 0.000165353
3.92 0 6.84604e-19 0.000148891
3.93 0 6.05226e-19 0.000131842
3.94 0 5.21789e-19 0.000114273
3.95 0 4.36349e-19 9.62531e-05
3.96 0 3.52394e-19 7.7853e-05
3.97 0 2.66654e-19 5.91457e-05
3.98 0 1.77199e-19 4.0205e-05
3.99 0 8.94856e-20 2.11056e-05
4 0 1.85104e-22 1.92291e-06
4.01 0 -8.92636e-20 -1.72674e-05
4.02 0 -1.77361e-19 -3.63895e-05
4.03 0 -2.66174e-19 -5.5368e-05
4.04 0 -3.52325e-19 -7.4128e-05
4.05 0 -4.37075e-19 -9.25955e-05
4.06 0 -5.22542e-19 -0.000110698
4.07 0 -6.03502e-19 -0.000128363
4.08 0 -6.82883e-19 -0.000145521
4.09 0 -7.61208e-19 -0.000162106
4.1 0 -8.34888e-19 -0.00017805
4.11 0 -9.03666e-19 -0.000193292
4.12 0 -9.70489e-19 -0.000207771
4.13 0 -1.03842e-18 -0.00022143
4.14 0 -1.0908e-18 -0.000234215
4.15 0 -1.14216e-18 -0.000246076
4.16 0 -1.20701e-18 -0.000256965
4.17 0 -1.2491e-18 -0.000266841
4.18 0 -1.27646e-18 -0.000275663
4.19 0 -1.31841e-18 -0.000283398
4.2 0 -1.3486e-18 -0.000290014
4.21 0 -1.37017e-18 -0.000295485
4.22 0 -1.40268e-18 -0.000299791
4.23 0 -1.41007e-18 -0.000302913
4.24 0 -1.40864e-18 -0.00030484
4.25 0 -1.42125e-18 -0.000305563
4.26 0 -1.41191e-18 -0.000305081
4.27 0 -1.40025e-18 -0.000303395
4.28 0 -1.39614e-18 -0.000300511
4.29 0 -1.37342e-18 -0.000296442
4.3 0 -1.34529e-18 -0.000291202
4.31 0 -1.3151e-18 -0.000284814
4.32 0 -1.2797e-18 -0.000277301
4.33 0 -1.23925e-18 -0.000268694
4.34 0 -1.19388e-18 -0.000259026
4.35 0 -1.14709e-18 -0.000248336
4.36 0 -1.09249e-18 -0.000236666
4.37 0 -1.03355e-18 -0.000224062
4.38 0 -9.72165e-19 -0.000210574
4.39 0 -9.05321e-19 -0.000196255
4.4 0 -8.333e-19 -0.000181161
4.41 0 -7.59623e-19 -0.000165353
4.42 0 -6.84575e-19 -0.000148891
4.43 0 -6.03562e-19 -0.000131842
4.44 0 -5.2176e-19 -0.000114273
4.45 0 -4.38775e-19 -9.62531e-05
4.46 0 -3.52366e-19 -7.7853e-05
4.47 0 -2.66626e-19 -5.91457e-05
4.48 0 -1.78398e-19 -4.0205e-05
4.49 0 -8.88435e-20 -2.11056e-05
4.5 0 -4.89144e-22 -1.92291e-06
4.51 0 8.91385e-20 1.72674e-05
4.52 0 1.78054e-19 3.63895e-05
4.53 0 2.66049e-19 5.5368e-05
4.54 0 3.53018e-19 7.4128e-05
4.55 0 4.3695e-19 9.25955e-05
4.56 0 5.21599e-19 0.000110698
4.57 0 6.05014e-19 0.000128363
4.58 0 6.82758e-19 0.000145521
4.59 0 7.59446e-19 0.000162106
4.6 0 8.33126e-19 0.00017805
4.61 0 9.01904e-19 0.000193292
4.62 0 9.72e-19 0.000207771
4.63 0 1.03666e-18 0.00022143
4.64 0 1.09395e-18 0.000234215
4.65 0 1.14694e-18 0.000246076
4.66 0 1.1987e-18 0.000256965
4.67 0 1.24734e-18 0.000266841
4.68 0 1.2747e-18 0.000275663
4.69 0 1.31011e-18 0.000283398
4.7 0 1.35338e-18 0.000290014
4.71 0 1.37168e-18 0.000295485
4.72 0 1.39438e-18 0.000299791
4.73 0 1.41158e-18 0.000302913
4.74 0 1.41015e-18 0.00030484
4.75 0 1.40967e-18 0.000305563
4.76 0 1.41342e-18 0.000305081
4.77 0 1.41486e-18 0.000303395
4.78 0 1.3911e-18 0.000300511
4.79 0 1.36839e-18 0.000296442
4.8 0 1.35335e-18 0.000291202
4.81 0 1.31989e-18 0.000284814
4.82 0 1.28776e-18 0.000277301
4.83 0 1.24076e-18 0.000268694
4.84 0 1.18885e-18 0.000259026
4.85 0 1.15024e-18 0.000248336
4.86 0 1.09237e-18 0.000236666
4.87 0 1.03342e-18 0.000224062
4.88 0 9.75313e-19 0.000210574
4.89 0 9.00286e-19 0.000196255
4.9 0 8.33175e-19 0.000181161
4.91 0 7.62772e-19 0.000165353
4.92 0 6.79541e-19 0.000148891
4.93 0 6.05073e-19 0.000131842
4.94 0 5.2409e-19 0.000114273
4.95 0 4.35377e-19 9.62531e-05
4.96 0 3.53877e-19 7.7853e-05
4.97 0 2.66091e-19 5.91457e-05
4.98 0 1.76227e-19 4.0205e-05
4.99 0 9.0355e-20 2.11056e-05
5 0 -4.03025e-22 1.92291e-06
5.01 0 -8.92198e-20 -1.72674e-05
5.02 0 -1.76323e-19 -3.63895e-05
5.03 0 -2.66364e-19 -5.5368e-05
5.04 0 -3.52924e-19 -7.4128e-05
5.05 0 -4.36855e-19 -9.25955e-05
5.06 0 -5.21505e-19 -0.000110698
5.07 0 -6.03283e-19 -0.000128363
5.08 0 -6.82664e-19 -0.000145521
5.09 0 -7.60988e-19 -0.000162106
5.1 0 -8.33032e-19 -0.00017805
5.11 0 -9.05083e-19 -0.000193292
5.12 0 -9.72842e-19 -0.000207771
5.13 0 -1.03095e-18 -0.00022143
5.14 0 -1.08988e-18 -0.000234215
5.15 0 -1.14778e-18 -0.000246076
5.16 0 -1.19791e-18 -0.000256965
5.17 0 -1.24e-18 -0.000266841
5.18 0 -1.27718e-18 -0.000275663
5.19 0 -1.31258e-18 -0.000283398
5.2 0 -1.34931e-18 -0.000290014
5.21 0 -1.37416e-18 -0.000295485
5.22 0 -1.39031e-18 -0.000299791
5.23 0 -1.40752e-18 -0.000302913
5.24 0 -1.4159e-18 -0.00030484
5.25 0 -1.4187e-18 -0.000305563
5.26 0 -1.41263e-18 -0.000305081
5.27 0 -1.40097e-18 -0.000303395
5.28 0 -1.39031e-18 -0.000300511
5.29 0 -1.37414e-18 -0.000296442
5.3 0 -1.34928e-18 -0.000291202
5.31 0 -1.31582e-18 -0.000284814
5.32 0 -1.28369e-18 -0.000277301
5.33 0 -1.24652e-18 -0.000268694
5.34 0 -1.20115e-18 -0.000259026
5.35 0 -1.15108e-18 -0.000248336
5.36 0 -1.09321e-18 -0.000236666
5.37 0 -1.0359e-18 -0.000224062
5.38 0 -9.71245e-19 -0.000210574
5.39 0 -9.02764e-19 -0.000196255
5.4 0 -8.35653e-19 -0.000181161
5.41 0 -7.58703e-19 -0.000165353
5.42 0 -6.83655e-19 -0.000148891
5.43 0 -6.07551e-19 -0.000131842
5.44 0 -5.22477e-19 -0.000114273
5.45 0 -4.37855e-19 -9.62531e-05
5.46 0 -3.53082e-19 -7.7853e-05
5.47 0 -2.65705e-19 -5.91457e-05
5.48 0 -1.77886e-19 -4.0205e-05
5.49 0 -8.91506e-20 -2.11056e-05
5.5 0 2.13784e-22 -1.92291e-06
5.51 0 8.87748e-20 1.72674e-05
5.52 0 1.7769e-19 3.63895e-05
5.53 0 2.65685e-19 5.5368e-05
5.54 0 3.52245e-19 7.4128e-05
5.55 0 4.37813e-19 9.25955e-05
5.56 0 5.22463e-19 0.000110698
5.57 0 6.04241e-19 0.000128363
5.58 0 6.80348e-19 0.000145521
5.59 0 7.58673e-19 0.000162106
5.6 0 8.37263e-19 0.00017805
5.61 0 9.02768e-19 0.000193292
5.62 0 9.69591e-19 0.000207771
5.63 0 1.03589e-18 0.00022143
5.64 0 1.08827e-18 0.000234215
5.65 0 1.14617e-18 0.000246076
5.66 0 1.19957e-18 0.000256965
5.67 0 1.24165e-18 0.000266841
5.68 0 1.28538e-18 0.000275663
5.69 0 1.32079e-18 0.000283398
5.7 0 1.3477e-18 0.000290014
5.71 0 1.37254e-18 0.000295485
5.72 0 1.39197e-18 0.000299791
5.73 0 1.4059e-18 0.000302913
5.74 0 1.41756e-18 0.00030484
5.75 0 1.42036e-18 0.000305563
5.76 0 1.41756e-18 0.000305081
5.77 0 1.40917e-18 0.000303395
5.78 0 1.39196e-18 0.000300511
5.79 0 1.37252e-18 0.000296442
5.8 0 1.34766e-18 0.000291202
5.81 0 1.32075e-18 0.000284814
5.82 0 1.28535e-18 0.000277301
5.83 0 1.23836e-18 0.000268694
5.84 0 1.19626e-18 0.000259026
5.85 0 1.14946e-18 0.000248336
5.86 0 1.09159e-18 0.000236666
5.87 0 1.03428e-18 0.000224062
5.88 0 9.71267e-19 0.000210574
5.89 0 9.02786e-19 0.000196255
5.9 0 8.35675e-19 0.000181161
5.91 0 7.63635e-19 0.000165353
5.92 0 6.85314e-19 0.000148891
5.93 0 6.01027e-19 0.000131842
5.94 0 5.19226e-19 0.000114273
5.95 0 4.39514e-19 9.62531e-05
5.96 0 3.51468e-19 7.7853e-05
5.97 0 2.65728e-19 5.91457e-05
5.98 0 1.79136e-19 4.0205e-05
5.99 0 8.75365e-20 2.11056e-05
6 0 5.6293e-22 1.92291e-06
6.01 0 -8.87068e-20 -1.72674e-05
6.02 0 -1.79259e-19 -3.63895e-05
6.03 0 -2.64799e-19 -5.5368e-05
6.04 0 -3.52996e-19 -7.4128e-05
6.05 0 -4.39382e-19 -9.25955e-05
6.06 0 -5.20758e-19 -0.000110698
6.07 0 -6.01718e-19 -0.000128363
6.08 0 -6.79462e-19 -0.000145521
6.09 0 -7.5615e-19 -0.000162106
6.1 0 -8.33104e-19 -0.00017805
6.11 0 -9.05154e-19 -0.000193292
6.12 0 -9.70341e-19 -0.000207771
6.13 0 -1.03173e-18 -0.00022143
6.14 0 -1.09229e-18 -0.000234215
6.15 0 -1.14855e-18 -0.000246076
6.16 0 -1.19541e-18 -0.000256965
6.17 0 -1.24404e-18 -0.000266841
6.18 0 -1.29104e-18 -0.000275663
6.19 0 -1.32318e-18 -0.000283398
6.2 0 -1.35336e-18 -0.000290014
6.21 0 -1.37493e-18 -0.000295485
6.22 0 -1.38453e-18 -0.000299791
6.23 0 -1.40502e-18 -0.000302913
6.24 0 -1.42322e-18 -0.00030484
6.25 0 -1.4162e-18 -0.000305563
6.26 0 -1.40685e-18 -0.000305081
6.27 0 -1.40501e-18 -0.000303395
6.28 0 -1.39108e-18 -0.000300511
6.29 0 -1.37491e-18 -0.000296442
6.3 0 -1.35005e-18 -0.000291202
6.31 0 -1.31332e-18 -0.000284814
6.32 0 -1.28446e-18 -0.000277301
6.33 0 -1.24729e-18 -0.000268694
6.34 0 -1.19537e-18 -0.000259026
6.35 0 -1.14367e-18 -0.000248336
6.36 0 -1.09234e-18 -0.000236666
6.37 0 -1.03176e-18 -0.000224062
6.38 0 -9.70381e-19 -0.000210574
6.39 0 -9.05173e-19 -0.000196255
6.4 0 -8.29879e-19 -0.000181161
6.41 0 -7.62749e-19 -0.000165353
6.42 0 -6.86064e-19 -0.000148891
6.43 0 -6.01777e-19 -0.000131842
6.44 0 -5.25704e-19 -0.000114273
6.45 0 -4.36991e-19 -9.62531e-05
6.46 0 -3.50582e-19 -7.7853e-05
6.47 0 -2.68523e-19 -5.91457e-05
6.48 0 -1.76204e-19 -4.0205e-05
6.49 0 -8.93095e-20 -2.11056e-05
6.5 0 -1.13415e-21 -1.92291e-06
6.51 0 9.04771e-20 1.72674e-05
6.52 0 1.76353e-19 3.63895e-05
6.53 0 2.65167e-19 5.5368e-05
6.54 -6.77626e-21 3.53773e-19 7.4128e-05
6.55 0 4.36553e-19 9.25955e-05
6.56 0 5.21202e-19 0.000110698
6.57 0 6.06254e-19 0.000128363
6.58 0 6.83998e-19 0.000145521
6.59 0 7.59049e-19 0.000162106
6.6 0 8.34366e-19 0.00017805
6.61 0 9.0478e-19 0.000193292
6.62 0 9.68331e-19 0.000207771
6.63 0 1.02808e-18 0.00022143
6.64 0 1.08864e-18 0.000234215
6.65 0 1.14818e-18 0.000246076
6.66 0 1.19667e-18 0.000256965
6.67 0 1.23876e-18 0.000266841
6.68 0 1.28576e-18 0.000275663
6.69 0 1.32117e-18 0.000283398
6.7 0 1.3448e-18 0.000290014
6.71 0 1.36965e-18 0.000295485
6.72 0 1.39562e-18 0.000299791
6.73 0 1.40955e-18 0.000302913
6.74 0 1.41466e-18 0.00030484
6.75 0 1.42073e-18 0.000305563
6.76 0 1.40812e-18 0.000305081
6.77 0 1.39973e-18 0.000303395
6.78 0 1.39561e-18 0.000300511
6.79 0 1.36963e-18 0.000296442
6.8 0 1.34804e-18 0.000291202
6.81 0 1.31785e-18 0.000284814
6.82 0 1.27264e-18 0.000277301
6.83 0 1.24528e-18 0.000268694
6.84 0 1.19991e-18 0.000259026
6.85 0 1.14002e-18 0.000248336
6.86 0 1.09688e-18 0.000236666
6.87 0 1.03466e-18 0.000224062
6.88 0 9.70007e-19 0.000210574
6.89 0 9.09709e-19 0.000196255
6.9 0 8.27869e-19 0.000181161
6.91 0 7.55829e-19 0.000165353
6.92 0 6.87327e-19 0.000148891
6.93 0 6.01403e-19 0.000131842
6.94 0 5.22057e-19 0.000114273
6.95 0 4.3989e-19 9.62531e-05
6.96 0 3.49389e-19 7.7853e-05
6.97 0 2.66513e-19 5.91457e-05
6.98 0 1.78928e-19 4.0205e-05
6.99 0 8.7533e-20 2.11056e-05
7 0 1.21146e-21 1.92291e-06
7.01 0 -8.90117e-20 -1.72674e-05
7.02 0 -1.78643e-19 -3.63895e-05
7.03 0 -2.65002e-19 -5.5368e-05
7.04 0 -3.53198e-19 -7.4128e-05
7.05 0 -4.37129e-19 -9.25955e-05
7.06 0 -5.20142e-19 -0.000110698
7.07 0 -6.05194e-19 -0.000128363
7.08 0 -6.84574e-19 -0.000145521
7.09 0 -7.59626e-19 -0.000162106
7.1 0 -8.33306e-19 -0.00017805
7.11 0 -9.0372e-19 -0.000193292
7.12 0 -9.7218e-19 -0.000207771
7.13 0 -1.03357e-18 -0.00022143
7.14 0 -1.08758e-18 -0.000234215
7.15 0 -1.14548e-18 -0.000246076
7.16 0 -1.19888e-18 -0.000256965
7.17 0 -1.24097e-18 -0.000266841
7.18 0 -1.28143e-18 -0.000275663
7.19 0 -1.31683e-18 -0.000283398
7.2 0 -1.34701e-18 -0.000290014
7.21 0 -1.37513e-18 -0.000295485
7.22 0 -1.39456e-18 -0.000299791
7.23 0 -1.40849e-18 -0.000302913
7.24 0 -1.41687e-18 -0.00030484
7.25 0 -1.4164e-18 -0.000305563
7.26 0 -1.41687e-18 -0.000305081
7.27 0 -1.41176e-18 -0.000303395
7.28 0 -1.39128e-18 -0.000300511
7.29 0 -1.37184e-18 -0.000296442
7.3 0 -1.35353e-18 -0.000291202
7.31 0 -1.31679e-18 -0.000284814
7.32 0 -1.27485e-18 -0.000277301
7.33 0 -1.24422e-18 -0.000268694
7.34 0 -1.20212e-18 -0.000259026
7.35 0 -1.14714e-18 -0.000248336
7.36 0 -1.09418e-18 -0.000236666
7.37 0 -1.03196e-18 -0.000224062
7.38 0 -9.68947e-19 -0.000210574
7.39 0 -9.07012e-19 -0.000196255
7.4 0 -8.31718e-19 -0.000181161
7.41 0 -7.58042e-19 -0.000165353
7.42 0 -6.8463e-19 -0.000148891
7.43 0 -6.0198e-19 -0.000131842
7.44 0 -5.22634e-19 -0.000114273
7.45 0 -4.40467e-19 -9.62531e-05
7.46 0 -3.50784e-19 -7.7853e-05
7.47 0 -2.65044e-19 -5.91457e-05
7.48 0 -1.79271e-19 -4.0205e-05
7.49 0 -8.86939e-20 -2.11056e-05
7.5 0 1.20762e-22 -1.92291e-06
7.51 0 8.82215e-20 1.72674e-05
7.52 0 1.78262e-19 3.63895e-05
7.53 0 2.65439e-19 5.5368e-05
7.54 0 3.50772e-19 7.4128e-05
7.55 0 4.37976e-19 9.25955e-05
7.56 0 5.21807e-19 0.000110698
7.57 0 6.01949e-19 0.000128363
7.58 0 6.82966e-19 0.000145521
7.59 0 7.61291e-19 0.000162106
7.6 0 8.31698e-19 0.00017805
7.61 0 8.98839e-19 0.000193292
7.62 0 9.68935e-19 0.000207771
7.63 0 1.03196e-18 0.00022143
7.64 0 1.09088e-18 0.000234215
7.65 0 1.14878e-18 0.000246076
7.66 0 1.19564e-18 0.000256965
7.67 0 1.241e-18 0.000266841
7.68 0 1.28473e-18 0.000275663
7.69 0 1.31359e-18 0.000283398
7.7 0 1.34377e-18 0.000290014
7.71 0 1.37516e-18 0.000295485
7.72 0 1.38476e-18 0.000299791
7.73 0 1.3987e-18 0.000302913
7.74 0 1.4169e-18 0.00030484
7.75 0 1.41643e-18 0.000305563
7.76 0 1.4169e-18 0.000305081
7.77 0 1.40852e-18 0.000303395
7.78 0 1.38804e-18 0.000300511
7.79 0 1.37841e-18 0.000296442
7.8 0 1.35356e-18 0.000291202
7.81 0 1.31682e-18 0.000284814
7.82 0 1.2847e-18 0.000277301
7.83 0 1.2377e-18 0.000268694
7.84 0 1.1956e-18 0.000259026
7.85 0 1.14881e-18 0.000248336
7.86 0 1.09258e-18 0.000236666
7.87 0 1.0369e-18 0.000224062
7.88 0 9.65702e-19 0.000210574
7.89 0 9.02131e-19 0.000196255
7.9 0 8.38293e-19 0.000181161
7.91 0 7.54797e-19 0.000165353
7.92 0 6.79749e-19 0.000148891
7.93 0 6.08554e-19 0.000131842
7.94 0 5.20207e-19 0.000114273
7.95 0 4.36404e-19 9.62531e-05
7.96 0 3.5654e-19 7.7853e-05
7.97 0 2.64663e-19 5.91457e-05
7.98 0 1.76669e-19 4.0205e-05
7.99 0 9.01832e-20 2.11056e-05
8 0 -1.03507e-21 1.92291e-06
8.01 0 -8.82408e-20 -1.72674e-05
8.02 0 -1.76572e-19 -3.63895e-05
8.03 0 -2.66613e-19 -5.5368e-05
8.04 0 -3.53173e-19 -7.4128e-05
8.05 0 -4.3874e-19 -9.25955e-05
8.06 0 -5.22572e-19 -0.000110698
8.07 0 -6.01895e-19 -0.000128363
8.08 0 -6.81276e-19 -0.000145521
8.09 0 -7.596e-19 -0.000162106
8.1 0 -8.31644e-19 -0.00017805
8.11 0 -9.03695e-19 -0.000193292
8.12 0 -9.70518e-19 -0.000207771
8.13 0 -1.03354e-18 -0.00022143
8.14 0 -1.09738e-18 -0.000234215
8.15 0 -1.14546e-18 -0.000246076
8.16 0 -1.18904e-18 -0.000256965
8.17 0 -1.24095e-18 -0.000266841
8.18 0 -1.28467e-18 -0.000275663
8.19 0 -1.32008e-18 -0.000283398
8.2 0 -1.35026e-18 -0.000290014
8.21 0 -1.37183e-18 -0.000295485
8.22 0 -1.39453e-18 -0.000299791
8.23 0 -1.40519e-18 -0.000302913
8.24 0 -1.40703e-18 -0.00030484
8.25 0 -1.41965e-18 -0.000305563
8.26 0 -1.41685e-18 -0.000305081
8.27 0 -1.40846e-18 -0.000303395
8.28 0 -1.39453e-18 -0.000300511
8.29 0 -1.362e-18 -0.000296442
8.3 0 -1.34696e-18 -0.000291202
8.31 0 -1.32332e-18 -0.000284814
8.32 0 -1.27482e-18 -0.000277301
8.33 0 -1.24092e-18 -0.000268694
8.34 0 -1.2021e-18 -0.000259026
8.35 0 -1.14221e-18 -0.000248336
8.36 0 -1.09322e-18 -0.000236666
8.37 0 -1.03591e-18 -0.000224062
8.38 0 -9.64713e-19 -0.000210574
8.39 0 -9.02778e-19 -0.000196255
8.4 0 -8.32394e-19 -0.000181161
8.41 0 -7.58717e-19 -0.000165353
8.42 0 -6.85306e-19 -0.000148891
8.43 0 -6.05929e-19 -0.000131842
8.44 0 -5.24946e-19 -0.000114273
8.45 0 -4.37869e-19 -9.62531e-05
8.46 0 -3.52278e-19 -7.7853e-05
8.47 0 -2.66947e-19 -5.91457e-05
8.48 0 -1.76089e-19 -4.0205e-05
8.49 0 -8.98079e-20 -2.11056e-05
8.5 0 -9.54885e-22 -1.92291e-06
8.51 0 9.00756e-20 1.72674e-05
8.52 0 1.76434e-19 3.63895e-05
8.53 0 2.66066e-19 5.5368e-05
8.54 0 3.54262e-19 7.4128e-05
8.55 0 4.37375e-19 9.25955e-05
8.56 0 5.21206e-19 0.000110698
8.57 0 6.03803e-19 0.000128363
8.58 0 6.86456e-19 0.000145521
8.59 0 7.61508e-19 0.000162106
8.6 0 8.31915e-19 0.00017805
8.61 0 9.05603e-19 0.000193292
8.62 0 9.67516e-19 0.000207771
8.63 0 1.03054e-18 0.00022143
8.64 0 1.09601e-18 0.000234215
8.65 0 1.14573e-18 0.000246076
8.66 0 1.19585e-18 0.000256965
8.67 0 1.24449e-18 0.000266841
8.68 0 1.28167e-18 0.000275663
8.69 0 1.32362e-18 0.000283398
8.7 0 1.34726e-18 0.000290014
8.71 0 1.36556e-18 0.000295485
8.72 0 1.40135e-18 0.000299791
8.73 0 1.40546e-18 0.000302913
8.74 0 1.41057e-18 0.00030484
8.75 0 1.42646e-18 0.000305563
8.76 0 1.41385e-18 0.000305081
8.77 0 1.40874e-18 0.000303395
8.78 0 1.3948e-18 0.000300511
8.79 0 1.36554e-18 0.000296442
8.8 0 1.3505e-18 0.000291202
8.81 0 1.32359e-18 0.000284814
8.82 0 1.28164e-18 0.000277301
8.83 0 1.23792e-18 0.000268694
8.84 0 1.19255e-18 0.000259026
8.85 0 1.14903e-18 0.000248336
8.86 0 1.09607e-18 0.000236666
8.87 0 1.03221e-18 0.000224062
8.88 0 9.70829e-19 0.000210574
8.89 0 9.05621e-19 0.000196255
8.9 0 8.336e-19 0.000181161
8.91 0 7.63197e-19 0.000165353
8.92 0 6.84876e-19 0.000148891
8.93 0 6.00589e-19 0.000131842
8.94 0 5.22061e-19 0.000114273
8.95 0 4.39076e-19 9.62531e-05
8.96 0 3.50212e-19 7.7853e-05
8.97 0 2.6529e-19 5.91457e-05
8.98 0 1.77705e-19 4.0205e-05
8.99 0 8.77414e-20 2.11056e-05
9 0 7.03928e-22 1.92291e-06
9.01 0 -8.91101e-20 -1.72674e-05
9.02 0 -1.7785e-19 -3.63895e-05
9.03 0 -2.65027e-19 -5.5368e-05
9.04 0 -3.53224e-19 -7.4128e-05
9.05 0 -4.37973e-19 -9.25955e-05
9.06 0 -5.20986e-19 -0.000110698
9.07 0 -6.01946e-19 -0.000128363
9.08 0 -6.82963e-19 -0.000145521
9.09 0 -7.64561e-19 -0.000162106
9.1 0 -8.34968e-19 -0.00017805
9.11 0 -9.02109e-19 -0.000193292
9.12 0 -9.70569e-19 -0.000207771
9.13 0 -1.03032e-18 -0.00022143
9.14 0 -1.09088e-18 -0.000234215
9.15 0 -1.14551e-18 -0.000246076
9.16 0 -1.19236e-18 -0.000256965
9.17 0 -1.24427e-18 -0.000266841
9.18 0 -1.28472e-18 -0.000275663
9.19 0 -1.31359e-18 -0.000283398
9.2 0 -1.34704e-18 -0.000290014
9.21 0 -1.37843e-18 -0.000295485
9.22 0 -1.39785e-18 -0.000299791
9.23 0 -1.41179e-18 -0.000302913
9.24 0 -1.42345e-18 -0.00030484
9.25 0 -1.42297e-18 -0.000305563
9.26 0 -1.41363e-18 -0.000305081
9.27 0 -1.40524e-18 -0.000303395
9.28 0 -1.39785e-18 -0.000300511
9.29 0 -1.37514e-18 -0.000296442
9.3 0 -1.34373e-18 -0.000291202
9.31 0 -1.31682e-18 -0.000284814
9.32 0 -1.28469e-18 -0.000277301
9.33 0 -1.24424e-18 -0.000268694
9.34 0 -1.20215e-18 -0.000259026
9.35 0 -1.15372e-18 -0.000248336
9.36 0 -1.09094e-18 -0.000236666
9.37 0 -1.03363e-18 -0.000224062
9.38 0 -9.70609e-19 -0.000210574
9.39 0 -9.00492e-19 -0.000196255
9.4 0 -8.3338e-19 -0.000181161
9.41 0 -7.56431e-19 -0.000165353
9.42 0 -6.81383e-19 -0.000148891
9.43 0 -6.05278e-19 -0.000131842
9.44 0 -5.23477e-19 -0.000114273
9.45 0 -4.39674e-19 -9.62531e-05
9.46 0 -3.53264e-19 -7.7853e-05
9.47 0 -2.66706e-19 -5.91457e-05
9.48 0 -1.77894e-19 -4.0205e-05
9.49 0 -8.8544e-20 -2.11056e-05
9.5 0 -4.58106e-22 -1.92291e-06
9.51 0 8.88006e-20 1.72674e-05
9.52 0 1.78228e-19 3.63895e-05
9.53 0 2.65404e-19 5.5368e-05
9.54 0 3.51964e-19 7.4128e-05
9.55 0 4.3835e-19 9.25955e-05
9.56 0 5.23e-19 0.000110698
9.57 0 6.04778e-19 0.000128363
9.58 0 6.82522e-19 0.000145521
9.59 0 7.5921e-19 0.000162106
9.6 0 8.31254e-19 0.00017805
9.61 0 9.01668e-19 0.000193292
9.62 0 9.75038e-19 0.000207771
9.63 0 1.03479e-18 0.00022143
9.64 0 1.09044e-18 0.000234215
9.65 0 1.14834e-18 0.000246076
9.66 0 1.19356e-18 0.000256965
9.67 0 1.23565e-18 0.000266841
9.68 0 1.28265e-18 0.000275663
9.69 0 1.32133e-18 0.000283398
9.7 0 1.34496e-18 0.000290014
9.71 0 1.36981e-18 0.000295485
9.72 0 1.39578e-18 0.000299791
9.73 0 1.40644e-18 0.000302913
9.74 0 1.41155e-18 0.00030484
9.75 0 1.41762e-18 0.000305563
9.76 0 1.41155e-18 0.000305081
9.77 0 1.40316e-18 0.000303395
9.78 0 1.3925e-18 0.000300511
9.79 0 1.36979e-18 0.000296442
9.8 0 1.3482e-18 0.000291202
9.81 0 1.31802e-18 0.000284814
9.82 0 1.27934e-18 0.000277301
9.83 0 1.24217e-18 0.000268694
9.84 0 1.19025e-18 0.000259026
9.85 0 1.14346e-18 0.000248336
9.86 0 1.0954e-18 0.000236666
9.87 0 1.02828e-18 0.000224062
9.88 0 9.71804e-19 0.000210574
9.89 0 9.06597e-19 0.000196255
9.9 0 8.29666e-19 0.000181161
9.91 0 7.59263e-19 0.000165353
9.92 0 6.80942e-19 0.000148891
9.93 0 6.03201e-19 0.000131842
9.94 0 5.24673e-19 0.000114273
9.95 0 4.38415e-19 9.62531e-05
9.96 0 3.52823e-19 7.7853e-05
9.97 0 2.66265e-19 5.91457e-05
9.98 0 1.77043e-19 4.0205e-05
9.99 0 8.89213e-20 2.11056e-05
10 0 4.13478e-22 1.92291e-06
10.01 0 -4.56269e-20 -9.42769e-06
10.02 0 -9.02834e-21 -3.49379e-06
10.03 0 3.59874e-20 7.18622e-06
10.04 0 1.46883e-20 4.35932e-06
10.05 0 -2.6952e-20 -5.13843e-06
10.06 0 -1.79795e-20 -4.67366e-06
10.07 0 1.91655e-20 3.36286e-06
10.08 0 1.883e-20 4.58146e-06
10.09 0 -1.24683e-20 -1.89629e-06
10.1 0 -1.80506e-20 -4.21102e-06
10.11 0 6.65364e-21 7.43781e-07
10.12 0 1.6399e-20 3.6707e-06
10.13 0 -2.1612e-21 1.12069e-07
10.14 0 -1.43368e-20 -3.04763e-06
10.15 0 -1.00736e-21 -7.03256e-07
10.16 0 1.17939e-20 2.40827e-06
10.17 0 3.07057e-21 1.06983e-06
10.18 0 -9.17707e-21 -1.80023e-06
10.19 0 -4.44782e-21 -1.25481e-06
10.2 0 6.72018e-21 1.25468e-06
10.21 0 5.12307e-21 1.30042e-06
10.22 0 -4.64415e-21 -7.89286e-07
10.23 0 -5.1948e-21 -1.24548e-06
10.24 0 2.91243e-21 4.11034e-07
10.25 0 4.88028e-21 1.12388e-06
10.26 0 -1.4206e-21 -1.18998e-07
10.27 0 -4.36667e-21 -9.63772e-07
10.28 0 2.68557e-22 -9.32287e-08
10.29 0 3.75086e-21 7.87418e-07
10.3 0 5.01792e-22 2.35457e-07
10.31 0 -3.05069e-21 -6.11476e-07
10.32 0 -1.00012e-21 -3.19223e-07
10.33 0 2.33185e-21 4.47572e-07
10.34 0 1.30707e-21 3.56501e-07
10.35 0 -1.67435e-21 -3.03033e-07
10.36 0 -1.44143e-21 -3.58771e-07
10.37 0 1.11488e-21 1.81692e-07
10.38 0 1.4283e-21 3.36401e-07
10.39 0 -6.55845e-22 -8.468e-08
10.4 0 -1.31958e-21 -2.9829e-07
10.41 0 2.80089e-22 1.11653e-08
10.42 0 1.1607e-21 2.51712e-07
10.43 0 1.90138e-24 4.10041e-08
10.44 0 -9.70302e-22 -2.02322e-07
10.45 0 -1.93331e-22 -7.47587e-08
10.46 0 7.7283e-22 1.54263e-07
10.47 0 3.17136e-22 9.3378e-08
10.48 0 -5.82787e-22 -1.10344e-07
10.49 0 -3.82969e-22 -1.00167e-07
10.5 0 4.12956e-22 7.22545e-08
10.51 0 4.02616e-22 9.82267e-08
10.52 0 -2.64717e-22 -4.07857e-08
10.53 0 -3.87723e-22 -9.03104e-08
10.54 0 1.44207e-22 1.60496e-08
10.55 0 3.52853e-22 7.87423e-08
10.56 0 -4.81116e-23 2.32517e-09
10.57 0 -3.05379e-22 -6.53921e-08
10.58 0 -2.16202e-23 -1.50231e-08
10.59 0 2.52891e-22 5.1687e-08
10.6 0 6.73637e-23 2.29022e-08
10.61 0 -1.97784e-22 -3.86487e-08
10.62 0 -9.47116e-23 -2.68843e-08
10.63 0 1.45958e-22 2.69475e-08
10.64 0 1.08794e-22 2.78745e-08
10.65 0 -1.00095e-22 -1.6963e-08
10.66 0 -1.11412e-22 -2.67058e-08
10.67 0 6.15224e-23 8.84606e-09
10.68 0 1.0528e-22 2.4105e-08
10.69 -4.1359e-25 -3.03286e-23 -2.57752e-09
10.7 0 -9.41529e-23 -2.06761e-08
10.71 0 6.09111e-24 -1.97947e-09
10.72 0 8.04665e-23 1.68968e-08
10.73 0 1.08575e-23 5.03492e-09
10.74 1.65436e-24 -6.55376e-23 -1.31249e-08
10.75 0 -2.16293e-23 -6.836e-09
10.76 0 5.01839e-23 9.60998e-09
10.77 0 2.79274e-23 7.63938e-09
10.78 0 -3.59642e-23 -6.50957e-09
10.79 0 -3.08872e-23 -7.69121e-09
10.8 0 2.39081e-23 3.90612e-09
10.81 0 3.07408e-23 7.21388e-09
10.82 0 -1.4072e-23 -1.82416e-09
10.83 0 -2.8375e-23 -6.39826e-09
10.84 0 6.12334e-24 2.46012e-10
10.85 0 2.48103e-23 5.40047e-09
10.86 0 -4.02763e-26 8.74338e-10
10.87 0 -2.0828e-23 -4.34189e-09
10.88 0 -4.16413e-24 -1.59964e-09
10.89 0 1.66279e-23 3.31147e-09
10.9 0 6.7156e-24 2.00018e-09
10.91 0 -1.25258e-23 -2.36956e-09
10.92 0 -8.16247e-24 -2.14679e-09
10.93 0 8.82466e-24 1.55245e-09
10.94 0 8.65697e-24 2.10599e-09
10.95 0 -5.67343e-24 -8.77219e-10
10.96 0 -8.39029e-24 -1.93681e-09
10.97 0 3.05806e-24 3.46311e-10
10.98 0 7.61803e-24 1.68914e-09
10.99 0 -1.07421e-24 4.81864e-11
11 0 -6.56161e-24 -1.4031e-09
11.01 0 -4.04067e-25 -3.20921e-10
11.02 0 5.35148e-24 1.10932e-09
11.03 0 1.43416e-24 4.9027e-10
11.04 0 -4.20589e-24 -8.29739e-10
11.05 0 -2.07012e-24 -5.75993e-10
11.06 0 3.13782e-24 5.78764e-10
11.07 0 2.34512e-24 5.97492e-10
11.08 0 -2.16719e-24 -3.64559e-10
11.09 0 -2.37795e-24 -5.72632e-10
11.1 0 1.31295e-24 1.90378e-10
11.11 0 2.25851e-24 5.17004e-10
11.12 0 -6.45044e-25 -5.58259e-11
11.13 0 -2.01907e-24 -4.43568e-10
11.14 0 1.57899e-25 -4.20222e-11
11.15 0 1.70817e-24 3.62578e-10
11.16 0 2.22317e-25 1.0766e-10
11.17 0 -1.384e-24 -2.81714e-10
11.18 0 -4.83899e-25 -1.46384e-10
11.19 0 1.0725e-24 2.06338e-10
11.2 0 6.11283e-25 1.63696e-10
11.21 0 -7.81194e-25 -1.39835e-10
11.22 0 -6.55672e-25 -1.64875e-10
11.23 0 5.14875e-25 8.39778e-11
11.24 0 6.54803e-25 1.5469e-10
11.25 0 -2.94993e-25 -3.92983e-11
11.26 0 -6.14134e-25 -1.37236e-10
11.27 0 1.30848e-25 5.42086e-12
11.28 0 5.38238e-25 1.15863e-10
11.29 -3.23117e-27 -5.33688e-27 1.86383e-11
11.3 0 -4.44755e-25 -9.31756e-11
11.31 0 -8.8456e-26 -3.4223e-11
11.32 0 3.54045e-25 7.10838e-11
11.33 0 1.46846e-25 4.28392e-11
11.34 0 -2.70818e-25 -5.0884e-11
11.35 0 -1.75849e-25 -4.60055e-11
11.36 0 1.91882e-25 3.33564e-11
11.37 0 1.81486e-25 4.51483e-11
11.38 3.23117e-27 -1.2334e-25 -1.88685e-11
11.39 0 -1.77005e-25 -4.15339e-11
11.4 0 6.51431e-26 7.47428e-12
11.41 -3.23117e-27 1.64918e-25 3.62321e-11
11.42 0 -2.14441e-26 9.95062e-13
11.43 0 -1.42936e-25 -3.0104e-11
11.44 0 -7.46588e-27 -6.8529e-12
11.45 0 1.16031e-25 2.38073e-11
11.46 0 2.94438e-26 1.04928e-11
11.47 0 -8.95454e-26 -1.78129e-11
11.48 0 -4.44134e-26 -1.23383e-11
11.49 0 6.68319e-26 1.24304e-11
11.5 0 5.10018e-26 1.28058e-11
11.51 0 -4.68729e-26 -7.83416e-12
11.52 0 -5.09507e-26 -1.22765e-11
11.53 0 2.89613e-26 4.09693e-12
11.54 0 4.78325e-26 1.1087e-11
11.55 0 -1.38526e-26 -1.20916e-12
11.56 0 -4.31589e-26 -9.51451e-12
11.57 0 2.76352e-27 -8.91566e-13
11.58 0 3.70092e-26 7.77925e-12
11.59 0 4.64931e-27 2.30148e-12
11.6 0 -3.00269e-26 -6.04596e-12
11.61 0 -9.85919e-27 -3.13403e-12
11.62 0 2.29634e-26 4.42981e-12
11.63 4.03897e-28 1.29723e-26 3.50712e-12
11.64 0 -1.65317e-26 -3.0035e-12
11.65 0 -1.41706e-26 -3.53463e-12
11.66 -2.01948e-28 1.10374e-26 1.80365e-12
11.67 0 1.4147e-26 3.31622e-12
11.68 0 -6.44356e-27 -8.45267e-13
11.69 0 -1.31335e-26 -2.9426e-12
11.7 -1.26218e-29 2.81894e-27 1.18442e-13
11.71 0 1.15051e-26 2.48476e-12
11.72 0 -3.9723e-29 3.97881e-13
11.73 0 -9.55473e-27 -1.99858e-12
11.74 0 -1.88913e-27 -7.32478e-13
11.75 0 7.58419e-27 1.52504e-12
11.76 0 3.09082e-27 9.16784e-13
11.77 0 -5.77399e-27 -1.09379e-12
11.78 0 -3.74917e-27 -9.862e-13
11.79 0 4.09905e-27 7.17864e-13
11.8 0 3.95443e-27 9.68879e-13
11.81 0 -2.62455e-27 -4.05933e-13
11.82 0 -3.85095e-27 -8.91837e-13
11.83 0 1.41718e-27 1.59813e-13
11.84 0 3.50733e-27 7.7804e-13
11.85 6.31089e-30 -4.89155e-28 2.36369e-14
11.86 0 -3.03062e-27 -6.46064e-13
11.87 -7.57306e-29 -2.10147e-28 -1.50133e-13
11.88 0 2.475e-27 5.11664e-13
11.89 0 6.81235e-28 2.30002e-13
11.9 0 -1.95111e-27 -3.82639e-13
11.91 0 -9.88926e-28 -2.708e-13
11.92 -7.57306e-29 1.45343e-27 2.66068e-13
11.93 -5.04871e-29 1.11702e-27 2.81343e-13
11.94 5.04871e-29 -9.92212e-28 -1.66096e-13
11.95 0 -1.12105e-27 -2.69869e-13
11.96 0 6.0182e-28 8.45329e-14
11.97 0 1.06967e-27 2.4366e-13
11.98 0 -2.83285e-28 -2.14104e-14
11.99 0 -9.60538e-28 -2.08834e-13
12 -1.89327e-29 4.7066e-29 -2.44822e-14
12.01 -2.52435e-29 8.12877e-28 1.70279e-13
12.02 0 1.26378e-28 5.51596e-14
12.03 1.26218e-29 -6.52814e-28 -1.31687e-13
12.04 -1.26218e-29 -2.37143e-28 -7.30585e-14
12.05 0 5.03332e-28 9.56624e-14
12.06 -1.26218e-29 3.00512e-28 8.07577e-14
12.07 -1.26218e-29 -3.58825e-28 -6.38643e-14
12.08 0 -3.28725e-28 -8.0754e-14
12.09 0 2.34355e-28 3.71808e-14
12.1 -1.26218e-29 3.25415e-28 7.5328e-14
12.11 9.46633e-30 -1.347e-28 -1.58897e-14
12.12 0 -2.96652e-28 -6.64454e-14
12.13 0 5.22519e-29 -1.71329e-16
12.14 -6.31089e-30 2.58155e-28 5.57273e-14
12.15 6.31089e-30 1.12968e-29 1.14722e-14
12.16 0 -2.15999e-28 -4.44344e-14
12.17 0 -5.33e-29 -1.86595e-14
12.18 -3.15544e-30 1.70768e-28 3.34973e-14
12.19 0 7.82577e-29 2.24689e-14
12.2 0 -1.26328e-28 -2.35434e-14
12.21 3.15544e-30 -9.22132e-29 -2.36413e-14
12.22 -4.73317e-30 8.72383e-29 1.49527e-14
12.23 0 9.60218e-29 2.288e-14
12.24 2.36658e-30 -5.53046e-29 -7.89696e-15
12.25 0 -9.02422e-29 -2.08059e-14
12.26 -4.73317e-30 2.86852e-29 2.39843e-15
12.27 3.15544e-30 8.08164e-29 1.79486e-14
12.28 -2.5638e-30 -5.95027e-30 1.63623e-15
12.29 3.15544e-30 -6.95316e-29 -1.47295e-14
12.3 -2.36658e-30 -1.00482e-29 -4.36673e-15
12.31 1.57772e-30 5.68152e-29 1.1474e-14
12.32 -2.36658e-30 1.97579e-29 5.9975e-15
12.33 2.36658e-30 -4.37991e-29 -8.40942e-15
12.34 -3.15544e-30 -2.48572e-29 -6.74205e-15
12.35 3.15544e-30 3.17515e-29 5.6873e-15
12.36 -2.36658e-30 2.73999e-29 6.8146e-15
12.37 2.76101e-30 -2.09671e-29 -3.38708e-15
12.38 -2.36658e-30 -2.74811e-29 -6.40686e-15
12.39 2.36658e-30 1.21634e-29 1.54064e-15
12.4 -2.36658e-30 2.52301e-29 5.6904e-15
12.41 3.10614e-30 -5.12288e-30 -1.35683e-16
12.42 -2.36658e-30 -2.22109e-29 -4.80249e-15
12.43 2.5638e-30 -4.64876e-31 -8.6183e-16
12.44 -2.36658e-30 1.85176e-29 3.85563e-15
12.45 2.36658e-30 4.11543e-30 1.50753e-15
12.46 -1.97215e-30 -1.49137e-29 -2.92872e-15
12.47 2.5638e-30 -6.50138e-30 -1.85994e-15
12.48 -2.5638e-30 1.11427e-29 2.08025e-15
12.49 2.16937e-30 7.6363e-30 1.98427e-15
12.5 -2.16937e-30 -7.70066e-30 -1.34189e-15
12.51 2.16937e-30 -7.92997e-30 -1.93746e-15
12.52 -2.46519e-30 4.82913e-30 7.32817e-16
12.53 2.16937e-30 7.67199e-30 1.77543e-15
12.54 -2.34193e-30 -2.44372e-30 -2.5356e-16
12.55 2.36658e-30 -6.95311e-30 -1.54097e-15
12.56 -2.3296e-30 6.57972e-31 -9.9923e-17
12.57 2.16937e-30 6.01407e-30 1.27341e-15
12.58 -2.31728e-30 6.51788e-31 3.43236e-16
12.59 2.36658e-30 -4.8954e-30 -9.98363e-16
12.6 -2.51449e-30 -1.52074e-30 -4.90461e-16
12.61 2.36658e-30 3.81873e-30 7.38664e-16
12.62 -2.36658e-30 2.05763e-30 5.62278e-16
12.63 2.46519e-30 -2.79865e-30 -5.0507e-16
12.64 -2.36658e-30 -2.27069e-30 -5.7401e-16
12.65 2.41589e-30 1.85057e-30 3.07705e-16
12.66 -2.41589e-30 2.28479e-30 5.4479e-16
12.67 2.48984e-30 -1.08954e-30 -1.4696e-16
12.68 -2.31728e-30 -2.18097e-30 -4.8654e-16
12.69 2.40972e-30 5.05735e-31 2.49562e-17
12.7 -2.41589e-30 1.92054e-30 4.13909e-16
12.71 2.45286e-30 -4.60349e-32 6.37204e-17
12.72 -2.41589e-30 -1.58722e-30 -3.33876e-16
12.73 2.45286e-30 -3.09204e-31 -1.20816e-16
12.74 -2.44054e-30 1.27049e-30 2.5616e-16
12.75 2.46519e-30 5.27468e-31 1.53988e-16
12.76 -2.41589e-30 -9.75114e-31 -1.83143e-16
12.77 2.46519e-30 -6.34035e-31 -1.6593e-16
12.78 -2.42821e-30 6.84074e-31 1.20493e-16
12.79 2.44054e-30 6.76385e-31 1.6427e-16
12.8 -2.4467e-30 -4.34342e-31 -6.72004e-17
12.81 2.46519e-30 -6.57507e-31 -1.5099e-16
12.82 -2.44978e-30 2.39062e-31 2.62297e-17
12.83 2.47752e-30 6.00274e-31 1.32571e-16
12.84 -2.44978e-30 -8.171e-32 5.46302e-18
12.85 2.47752e-30 -5.1495e-31 -1.09617e-16
12.86 -2.46827e-30 -4.01881e-32 -2.63402e-17
12.87 2.45286e-30 4.21101e-31 8.71646e-17
12.88 -2.46519e-30 1.19536e-31 4.03501e-17
12.89 2.48368e-30 -3.32629e-31 -6.44203e-17
12.9 -2.47135e-30 -1.63714e-31 -4.64303e-17
12.91 2.47135e-30 2.47194e-31 4.5151e-17
12.92 -2.48368e-30 1.88851e-31 4.86697e-17
12.93 2.48368e-30 -1.61169e-31 -2.74709e-17
12.94 -2.48368e-30 -1.93207e-31 -4.59013e-17
12.95 2.48368e-30 1.01542e-31 1.42502e-17
12.96 -2.48984e-30 1.86229e-31 4.19444e-17
12.97 2.48907e-30 -4.66432e-32 -2.90576e-18
12.98 -2.48984e-30 -1.61782e-31 -3.52639e-17
12.99 2.49408e-30 7.16013e-33 -4.20282e-18
13 -2.49292e-30 1.37482e-31 2.92664e-17
13.01 2.49601e-30 2.66235e-32 1.00031e-17
13.02 -2.49909e-30 -1.10696e-31 -2.20004e-17
13.03 2.50063e-30 -4.15582e-32 -1.23399e-17
13.04 -2.50833e-30 8.66524e-32 1.64814e-17
13.05 2.50217e-30 5.40222e-32 1.42329e-17
13.06 -2.50525e-30 -5.90759e-32 -1.04113e-17
13.07 2.50679e-30 -5.38727e-32 -1.35338e-17
13.08 -2.51064e-30 4.02194e-32 6.51308e-18
13.09 2.50987e-30 5.8169e-32 1.32086e-17
13.1 -2.51295e-30 -2.07234e-32 -2.25398e-18
13.11 2.51603e-30 -4.90291e-32 -1.1016e-17
13.12 -2.51791e-30 9.73116e-33 1.7918e-19
13.13 2.51912e-30 4.60599e-32 9.80808e-18
13.14 -2.51989e-30 3.34373e-33 2.37026e-18
13.15 2.52297e-30 -3.46911e-32 -7.22232e-18
13.16 -2.52528e-30 -8.61498e-33 -2.93036e-18
13.17 2.52759e-30 3.07562e-32 5.99227e-18
13.18 -2.52836e-30 1.47675e-32 4.20416e-18
13.19 2.52952e-30 -1.99456e-32 -3.64728e-18
13.2 -2.53298e-30 -1.43313e-32 -3.74267e-18
13.21 2.53414e-30 1.66496e-32 2.82694e-18
13.22 -2.53645e-30 1.7139e-32 4.24243e-18
13.23 2.53838e-30 -6.925e-33 -9.83118e-19
13.24 -2.53992e-30 -1.45424e-32 -3.23323e-18
13.25 2.54165e-30 6.18559e-33 6.94706e-19
13.26 -2.54377e-30 1.51373e-32 3.38147e-18
13.27 2.5456e-30 8.70605e-34 6.3126e-19
13.28 -2.54762e-30 -1.08568e-32 -2.18255e-18
13.29 2.54916e-30 3.06123e-34 -4.46518e-19
13.3 -2.55147e-30 1.07785e-32 2.26774e-18
13.31 2.55321e-30 5.17465e-33 1.36259e-18
13.32 -2.55513e-30 -6.3234e-33 -1.09924e-18
13.33 2.55715e-30 -2.41569e-33 -8.40051e-19
13.34 -2.55898e-30 6.44811e-33 1.27863e-18
13.35 2.56091e-30 6.57713e-33 1.49179e-18
13.36 -2.56305e-30 -2.33869e-33 -2.42895e-19
13.37 2.56466e-30 -2.7506e-33 -7.744e-19
13.38 -2.56688e-30 3.09904e-33 5.73321e-19
13.39 2.56842e-30 6.19188e-33 1.29332e-18
13.4 -2.57049e-30 2.98928e-34 3.0866e-19
13.41 2.57222e-30 -1.87527e-33 -4.95728e-19
13.42 -2.57437e-30 9.98121e-34 1.67098e-19
13.43 2.57603e-30 5.04416e-33 9.76884e-19
13.44 -2.57815e-30 1.85058e-33 5.85243e-19
13.45 2.57986e-30 -6.49397e-34 -1.73948e-19
13.46 -2.58192e-30 9.88258e-36 3.96869e-22
13.47 2.58354e-30 3.76297e-33 6.72957e-19
13.48 -2.58585e-30 2.44087e-33 6.63359e-19
13.49 2.58727e-30 6.26823e-34 9.69894e-20
13.5 -2.58948e-30 -2.60594e-34 -1.00846e-20
13.51 2.5911e-30 2.70243e-33 4.43453e-19
13.52 -2.59336e-30 2.46548e-33 6.25503e-19
13.53 2.59485e-30 1.49551e-33 2.81896e-19
13.54 -2.59707e-30 -4.90137e-35 5.92715e-20
13.55 2.59871e-30 1.99666e-33 3.02376e-19
13.56 -2.60097e-30 2.13204e-33 5.38621e-19
13.57 2.60241e-30 2.04979e-33 3.82629e-19
13.58 -2.60465e-30 3.03668e-34 1.5266e-19
13.59 2.60626e-30 1.60506e-33 2.36824e-19
13.6 -2.60843e-30 1.76674e-33 4.46924e-19
13.61 2.61002e-30 2.23663e-33 4.19001e-19
13.62 -2.61216e-30 6.32648e-34 2.37007e-19
13.63 2.61387e-30 1.49781e-33 2.23445e-19
13.64 -2.61599e-30 1.4154e-33 3.7342e-19
13.65 2.61763e-30 2.26907e-33 4.15287e-19
13.66 -2.61975e-30 9.33872e-34 2.97937e-19
13.67 2.62141e-30 1.52078e-33 2.38948e-19
13.68 -2.62355e-30 1.19992e-33 3.25438e-19
13.69 2.62524e-30 2.20357e-33 3.92523e-19
13.7 -2.62745e-30 1.10832e-33 3.33577e-19
13.71 2.62901e-30 1.63499e-33 2.65296e-19
13.72 -2.63116e-30 1.04896e-33 3.00884e-19
13.73 2.63284e-30 2.07969e-33 3.65421e-19
13.74 -2.63496e-30 1.21816e-33 3.48673e-19
13.75 2.6366e-30 1.71066e-33 2.91109e-19
13.76 -2.63872e-30 1.00965e-33 2.93463e-19
13.77 2.64035e-30 2.01762e-33 3.42249e-19
13.78 -2.64257e-30 1.2178e-33 3.50191e-19
13.79 2.64416e-30 1.83896e-33 3.10863e-19
13.8 -2.64628e-30 1.01007e-33 2.96204e-19
13.81 2.64796e-30 1.90666e-33 3.26229e-19
13.82 -2.65013e-30 1.22795e-33 3.44634e-19
13.83 2.65172e-30 1.87733e-33 3.23179e-19
13.84 -2.65393e-30 1.02599e-33 3.03371e-19
13.85 2.65547e-30 1.90266e-33 3.1735e-19
13.86 -2.65769e-30 1.19618e-33 3.36815e-19
13.87 2.65928e-30 1.91711e-33 3.2904e-19
13.88 -2.66149e-30 1.07789e-33 3.11125e-19
13.89 2.66308e-30 1.86368e-33 3.14008e-19
13.9 -2.66529e-30 1.17286e-33 3.29628e-19
13.91 2.66693e-30 1.92389e-33 3.30384e-19
13.92 -2.669e-30 1.07484e-33 3.17429e-19
13.93 2.67069e-30 1.85227e-33 3.14161e-19
13.94 -2.67285e-30 1.12706e-33 3.24369e-19
13.95 2.67449e-30 1.9114e-33 3.29186e-19
13.96 -2.67661e-30 1.08806e-33 3.21599e-19
13.97 2.67825e-30 1.86354e-33 3.16014e-19
13.98 -2.68041e-30 1.12721e-33 3.21246e-19
13.99 2.68205e-30 1.89487e-33 3.26997e-19
14 -2.68417e-30 1.12088e-33 3.23775e-19
14.01 2.68585e-30 1.8662e-33 3.18294e-19
14.02 -2.68797e-30 1.09726e-33 3.19884e-19
14.03 2.68966e-30 1.8988e-33 3.24806e-19
14.04 -2.69178e-30 1.11609e-33 3.24473e-19
14.05 2.69341e-30 1.86909e-33 3.20274e-19
14.06 -2.69558e-30 1.09991e-33 3.197e-19
14.07 2.69717e-30 1.89757e-33 3.23107e-19
14.08 -2.69934e-30 1.14549e-33 3.24281e-19
14.09 2.70102e-30 1.87789e-33 3.21661e-19
14.1 -2.70319e-30 1.08974e-33 3.20143e-19
14.11 2.70478e-30 1.90314e-33 3.22033e-19
14.12 -2.70694e-30 1.1246e-33 3.23692e-19
14.13 2.70858e-30 1.8849e-33 3.22442e-19
14.14 -2.71075e-30 1.11122e-33 3.20796e-19
14.15 2.71238e-30 1.87354e-33 3.21511e-19
14.16 -2.71455e-30 1.11699e-33 3.23037e-19
14.17 2.71614e-30 1.89722e-33 3.22748e-19
14.18 -2.71831e-30 1.12322e-33 3.21408e-19
14.19 2.71994e-30 1.89406e-33 3.21378e-19
14.2 -2.72211e-30 1.11866e-33 3.22497e-19
14.21 2.7237e-30 1.89526e-33 3.22749e-19
14.22 -2.72586e-30 1.12017e-33 3.21862e-19
14.23 2.72745e-30 1.87764e-33 3.2147e-19
14.24 -2.72967e-30 1.12649e-33 3.22135e-19
14.25 2.73131e-30 1.89744e-33 3.22599e-19
14.26 -2.73347e-30 1.11495e-33 3.22135e-19
14.27 2.73511e-30 1.89594e-33 3.21651e-19
14.28 -2.73723e-30 1.10285e-33 3.21942e-19
14.29 2.73891e-30 1.87781e-33 3.22407e-19
14.3 -2.74103e-30 1.10346e-33 3.22258e-19
14.31 2.74272e-30 1.87492e-33 3.21837e-19
14.32 -2.74484e-30 1.11688e-33 3.21877e-19
14.33 2.74647e-30 1.87636e-33 3.22238e-19
14.34 -2.74859e-30 1.12375e-33 3.22278e-19
14.35 2.75023e-30 1.89356e-33 3.21983e-19
14.36 -2.75239e-30 1.09641e-33 3.2189e-19
14.37 2.75403e-30 1.90758e-33 3.22118e-19
14.38 -2.75625e-30 1.11147e-33 3.22243e-19
14.39 2.75788e-30 1.86248e-33 3.22077e-19
14.4 -2.76e-30 1.12868e-33 3.21938e-19
14.41 2.76169e-30 1.86986e-33 3.22049e-19
14.42 -2.76381e-30 1.11753e-33 3.22188e-19
14.43 2.76544e-30 1.90542e-33 3.22123e-19
14.44 -2.76756e-30 1.09011e-33 3.21993e-19
14.45 2.76925e-30 1.88475e-33 3.22022e-19
14.46 -2.77137e-30 1.12015e-33 3.22136e-19
14.47 2.77295e-30 1.88425e-33 3.22136e-19
14.48 -2.77517e-30 1.13655e-33 3.22039e-19
14.49 2.77676e-30 1.89614e-33 3.2202e-19
14.5 -2.77892e-30 1.10754e-33 3.22097e-19
14.51 2.78061e-30 1.89734e-33 3.22129e-19
14.52 -2.78273e-30 1.10902e-33 3.22071e-19
14.53 2.78441e-30 1.87293e-33 3.22032e-19
14.54 -2.78653e-30 1.12023e-33 3.22073e-19
14.55 2.78817e-30 1.8755e-33 3.22114e-19
14.56 -2.79029e-30 1.10613e-33 3.22088e-19
14.57 2.79192e-30 1.90042e-33 3.22048e-19
14.58 -2.79409e-30 1.12716e-33 3.22062e-19
14.59 2.79573e-30 1.88686e-33 3.22098e-19
14.6 -2.79789e-30 1.10662e-33 3.22094e-19
14.61 2.79953e-30 1.89468e-33 3.22063e-19
14.62 -2.8017e-30 1.12416e-33 3.2206e-19
14.63 2.80324e-30 1.89751e-33 3.22086e-19
14.64 -2.80545e-30 1.12618e-33 3.22093e-19
14.65 2.80709e-30 1.88238e-33 3.22073e-19
14.66 -2.80926e-30 1.12264e-33 3.22063e-19
14.67 2.81085e-30 1.89406e-33 3.22078e-19
14.68 -2.81301e-30 1.11375e-33 3.22089e-19
14.69 2.8146e-30 1.91129e-33 3.22079e-19
14.7 -2.81687e-30 1.13059e-33 3.22068e-19
14.71 2.81841e-30 1.89332e-33 3.22073e-19
14.72 -2.82062e-30 1.13474e-33 3.22085e-19
14.73 2.82226e-30 1.89626e-33 3.22082e-19
14.74 -2.82447e-30 1.11891e-33 3.22072e-19
14.75 2.82601e-30 1.88918e-33 3.22072e-19
14.76 -2.82818e-30 1.13102e-33 3.22081e-19
14.77 2.82982e-30 1.88777e-33 3.22082e-19
14.78 -2.83198e-30 1.08657e-33 3.22075e-19
14.79 2.83352e-30 1.91026e-33 3.22073e-19
14.8 -2.83574e-30 1.13281e-33 3.22078e-19
14.81 2.83738e-30 1.87127e-33 3.22081e-19
14.82 -2.83959e-30 1.1323e-33 3.22077e-19
14.83 2.84118e-30 1.88453e-33 3.22074e-19
14.84 -2.84335e-30 1.09951e-33 3.22076e-19
14.85 2.84498e-30 1.90637e-33 3.2208e-19
14.86 -2.84715e-30 1.11645e-33 3.22078e-19
14.87 2.84869e-30 1.89742e-33 3.22075e-19
14.88 -2.85091e-30 1.13723e-33 3.22076e-19
14.89 2.85259e-30 1.86153e-33 3.22078e-19
14.9 -2.85471e-30 1.11639e-33 3.22079e-19
14.91 2.85635e-30 1.90783e-33 3.22076e-19
14.92 -2.85851e-30 1.10715e-33 3.22076e-19
14.93 2.86015e-30 1.8933e-33 3.22078e-19
14.94 -2.86227e-30 1.11196e-33 3.22078e-19
14.95 2.86391e-30 1.87804e-33 3.22077e-19
14.96 -2.86607e-30 1.11456e-33 3.22076e-19
14.97 2.86776e-30 1.87245e-33 3.22077e-19
14.98 -2.86988e-30 1.11116e-33 3.22078e-19
14.99 2.87142e-30 1.89768e-33 3.22077e-19
15 -2.87358e-30 1.11107e-33 3.22077e-19
15.01 2.87527e-30 1.87827e-33 3.22077e-19
15.02 -2.87739e-30 1.11203e-33 3.22078e-19
15.03 2.87912e-30 1.88337e-33 3.22078e-19
15.04 -2.88124e-30 1.10135e-33 3.22077e-19
15.05 2.88283e-30 1.89697e-33 3.22077e-19
15.06 -2.88499e-30 1.13791e-33 3.22077e-19
15.07 2.88663e-30 1.87881e-33 3.22078e-19
15.08 -2.88885e-30 1.1236e-33 3.22077e-19
15.09 2.89044e-30 1.90643e-33 3.22077e-19
15.1 -2.8926e-30 1.10296e-33 3.22077e-19
15.11 2.89424e-30 1.889e-33 3.22077e-19
15.12 -2.89645e-30 1.14368e-33 3.22077e-19
15.13 2.89795e-30 1.889e-33 3.22077e-19
15.14 -2.90016e-30 1.12106e-33 3.22077e-19
15.15 2.90175e-30 1.91009e-33 3.22077e-19
15.16 -2.90392e-30 1.10478e-33 3.22077e-19
15.17 2.90555e-30 1.8912e-33 3.22077e-19
15.18 -2.90772e-30 1.12535e-33 3.22077e-19
15.19 2.90941e-30 1.87667e-33 3.22077e-19
15.2 -2.91162e-30 1.12973e-33 3.22077e-19
15.21 2.91316e-30 1.90284e-33 3.22077e-19
15.22 -2.91528e-30 1.12217e-33 3.22077e-19
15.23 2.91692e-30 1.89246e-33 3.22077e-19
15.24 -2.91908e-30 1.11368e-33 3.22077e-19
15.25 2.92072e-30 1.88883e-33 3.22077e-19
15.26 -2.92294e-30 1.12335e-33 3.22077e-19
15.27 2.92457e-30 1.90628e-33 3.22077e-19
15.28 -2.92674e-30 1.11994e-33 3.22077e-19
15.29 2.92833e-30 1.88594e-33 3.22077e-19
15.3 -2.93045e-30 1.12546e-33 3.22077e-19
15.31 2.93218e-30 1.87141e-33 3.22077e-19
15.32 -2.9342e-30 1.09444e-33 3.22077e-19
15.33 2.93594e-30 1.8792e-33 3.22077e-19
15.34 -2.93805e-30 1.09466e-33 3.22077e-19
15.35 2.93969e-30 1.88575e-33 3.22077e-19
15.36 -2.94186e-30 1.13195e-33 3.22077e-19
15.37 2.9435e-30 1.88358e-33 3.22077e-19
15.38 -2.94561e-30 1.1084e-33 3.22077e-19
15.39 2.9473e-30 1.88794e-33 3.22077e-19
15.4 -2.94942e-30 1.11299e-33 3.22077e-19
15.41 2.9511e-30 1.88432e-33 3.22077e-19
15.42 -2.95327e-30 1.12536e-33 3.22077e-19
15.43 2.95486e-30 1.9001e-33 3.22077e-19
15.44 -2.95702e-30 1.11126e-33 3.22077e-19
15.45 2.95861e-30 1.90499e-33 3.22077e-19
15.46 -2.96083e-30 1.12114e-33 3.22077e-19
15.47 2.96242e-30 1.88122e-33 3.22077e-19
15.48 -2.96454e-30 1.12957e-33 3.22077e-19
15.49 2.96617e-30 1.87469e-33 3.22077e-19
15.5 -2.96834e-30 1.11671e-33 3.22077e-19
15.51 2.97002e-30 1.90158e-33 3.22077e-19
15.52 -2.97214e-30 1.08371e-33 3.22077e-19
15.53 2.97378e-30 1.88487e-33 3.22077e-19
15.54 -2.97595e-30 1.13554e-33 3.22077e-19
15.55 2.97754e-30 1.87543e-33 3.22077e-19
15.56 -2.9797e-30 1.1314e-33 3.22077e-19
15.57 2.98139e-30 1.89143e-33 3.22077e-19
15.58 -2.98351e-30 1.08024e-33 3.22077e-19
15.59 2.98514e-30 1.90794e-33 3.22077e-19
15.6 -2.98731e-30 1.13767e-33 3.22077e-19
15.61 2.98895e-30 1.86943e-33 3.22077e-19
15.62 -2.99107e-30 1.11921e-33 3.22077e-19
15.63 2.9927e-30 1.88106e-33 3.22077e-19
15.64 -2.99492e-30 1.1323e-33 3.22077e-19
15.65 2.99651e-30 1.92737e-33 3.22077e-19
15.66 -2.99872e-30 1.10003e-33 3.22077e-19
15.67 3.00036e-30 1.87402e-33 3.22077e-19
15.68 -3.00243e-30 1.12518e-33 3.22077e-19
15.69 3.00407e-30 1.87163e-33 3.22077e-19
15.7 -3.00623e-30 1.10817e-33 3.22077e-19
15.71 3.00787e-30 1.89926e-33 3.22077e-19
15.72 -3.01004e-30 1.11057e-33 3.22077e-19
15.73 3.01167e-30 1.892e-33 3.22077e-19
15.74 -3.01384e-30 1.12388e-33 3.22077e-19
15.75 3.01552e-30 1.86677e-33 3.22077e-19
15.76 -3.0176e-30 1.10251e-33 3.22077e-19
15.77 3.01928e-30 1.88837e-33 3.22077e-19
15.78 -3.02145e-30 1.12142e-33 3.22077e-19
15.79 3.02308e-30 1.89129e-33 3.22077e-19
15.8 -3.0252e-30 1.10296e-33 3.22077e-19
15.81 3.02689e-30 1.88257e-33 3.22077e-19
15.82 -3.02901e-30 1.12136e-33 3.22077e-19
15.83 3.0306e-30 1.88891e-33 3.22077e-19
15.84 -3.03281e-30 1.11452e-33 3.22077e-19
15.85 3.0344e-30 1.89058e-33 3.22077e-19
15.86 -3.03657e-30 1.11786e-33 3.22077e-19
15.87 3.03815e-30 1.89349e-33 3.22077e-19
15.88 -3.04037e-30 1.12266e-33 3.22077e-19
15.89 3.04196e-30 1.88789e-33 3.22077e-19
15.9 -3.04417e-30 1.11873e-33 3.22077e-19
15.91 3.04576e-30 1.88884e-33 3.22077e-19
15.92 -3.04793e-30 1.12062e-33 3.22077e-19
15.93 3.04961e-30 1.8796e-33 3.22077e-19
15.94 -3.05178e-30 1.09707e-33 3.22077e-19
15.95 3.05337e-30 1.90432e-33 3.22077e-19
15.96 -3.05549e-30 1.12148e-33 3.22077e-19
15.97 3.05717e-30 1.86653e-33 3.22077e-19
15.98 -3.05929e-30 1.12243e-33 3.22077e-19
15.99 3.06098e-30 1.88253e-33 3.22077e-19
16 -3.0631e-30 1.08653e-33 3.22077e-19
16.01 3.06468e-30 1.90631e-33 3.22077e-19
16.02 -3.0669e-30 1.13327e-33 3.22077e-19
16.03 3.06849e-30 1.88161e-33 3.22077e-19
16.04 -3.07065e-30 1.12062e-33 3.22077e-19
16.05 3.07229e-30 1.87601e-33 3.22077e-19
16.06 -3.07451e-30 1.12448e-33 3.22077e-19
16.07 3.0761e-30 1.91453e-33 3.22077e-19
16.08 -3.07826e-30 1.1082e-33 3.22077e-19
16.09 3.0799e-30 1.87405e-33 3.22077e-19
16.1 -3.08207e-30 1.13313e-33 3.22077e-19
16.11 3.08365e-30 1.90582e-33 3.22077e-19
16.12 -3.08587e-30 1.11176e-33 3.22077e-19
16.13 3.08746e-30 1.89295e-33 3.22077e-19
16.14 -3.08962e-30 1.12092e-33 3.22077e-19
16.15 3.09131e-30 1.88497e-33 3.22077e-19
16.16 -3.09343e-30 1.11387e-33 3.22077e-19
16.17 3.09502e-30 1.87625e-33 3.22077e-19
16.18 -3.09723e-30 1.12376e-33 3.22077e-19
16.19 3.09882e-30 1.91042e-33 3.22077e-19
16.2 -3.10104e-30 1.1218e-33 3.22077e-19
16.21 3.10262e-30 1.88374e-33 3.22077e-19
16.22 -3.10479e-30 1.10791e-33 3.22077e-19
16.23 3.10643e-30 1.89465e-33 3.22077e-19
16.24 -3.1086e-30 1.12339e-33 3.22077e-19
16.25 3.11018e-30 1.88448e-33 3.22077e-19
16.26 -3.11235e-30 1.12237e-33 3.22077e-19
16.27 3.11399e-30 1.89321e-33 3.22077e-19
16.28 -3.11611e-30 1.10464e-33 3.22077e-19
16.29 3.11779e-30 1.88595e-33 3.22077e-19
16.3 -3.11991e-30 1.11504e-33 3.22077e-19
16.31 3.12155e-30 1.87796e-33 3.22077e-19
16.32 -3.12376e-30 1.12544e-33 3.22077e-19
16.33 3.1254e-30 1.88253e-33 3.22077e-19
16.34 -3.12752e-30 1.10116e-33 3.22077e-19
16.35 3.12911e-30 1.90268e-33 3.22077e-19
16.36 -3.13132e-30 1.1154e-33 3.22077e-19
16.37 3.13286e-30 1.88618e-33 3.22077e-19
16.38 -3.13508e-30 1.12404e-33 3.22077e-19
16.39 3.13676e-30 1.88421e-33 3.22077e-19
16.4 -3.13893e-30 1.12551e-33 3.22077e-19
16.41 3.14052e-30 1.88858e-33 3.22077e-19
16.42 -3.14264e-30 1.11504e-33 3.22077e-19
16.43 3.14432e-30 1.88277e-33 3.22077e-19
16.44 -3.14644e-30 1.09149e-33 3.22077e-19
16.45 3.14813e-30 1.90365e-33 3.22077e-19
16.46 -3.15024e-30 1.11279e-33 3.22077e-19
16.47 3.15188e-30 1.86877e-33 3.22077e-19
16.48 -3.15405e-30 1.13773e-33 3.22077e-19
16.49 3.15564e-30 1.894e-33 3.22077e-19
16.5 -3.1578e-30 1.12051e-33 3.22077e-19
16.51 3.15939e-30 1.89692e-33 3.22077e-19
16.52 -3.16156e-30 1.10714e-33 3.22077e-19
16.53 3.16324e-30 1.87824e-33 3.22077e-19
16.54 -3.16541e-30 1.111e-33 3.22077e-19
16.55 3.16705e-30 1.88769e-33 3.22077e-19
16.56 -3.16921e-30 1.11631e-33 3.22077e-19
16.57 3.17085e-30 1.89548e-33 3.22077e-19
16.58 -3.17297e-30 1.11581e-33 3.22077e-19
16.59 3.17456e-30 1.88656e-33 3.22077e-19
16.6 -3.17677e-30 1.13784e-33 3.22077e-19
16.61 3.17836e-30 1.89456e-33 3.22077e-19
16.62 -3.18053e-30 1.10266e-33 3.22077e-19
16.63 3.18212e-30 1.89965e-33 3.22077e-19
16.64 -3.18433e-30 1.13559e-33 3.22077e-19
16.65 3.18597e-30 1.88025e-33 3.22077e-19
16.66 -3.18818e-30 1.10695e-33 3.22077e-19
16.67 3.18977e-30 1.90642e-33 3.22077e-19
16.68 -3.19194e-30 1.11683e-33 3.22077e-19
16.69 3.19353e-30 1.88389e-33 3.22077e-19
16.7 -3.1957e-30 1.14395e-33 3.22077e-19
16.71 3.19728e-30 1.88535e-33 3.22077e-19
16.72 -3.19955e-30 1.12746e-33 3.22077e-19
16.73 3.20118e-30 1.911e-33 3.22077e-19
16.74 -3.20325e-30 1.09155e-33 3.22077e-19
16.75 3.20494e-30 1.88682e-33 3.22077e-19
16.76 -3.20706e-30 1.11722e-33 3.22077e-19
16.77 3.2087e-30 1.86648e-33 3.22077e-19
16.78 -3.21086e-30 1.11329e-33 3.22077e-19
16.79 3.2125e-30 1.89192e-33 3.22077e-19
16.8 -3.21462e-30 1.11787e-33 3.22077e-19
16.81 3.21625e-30 1.89244e-33 3.22077e-19
16.82 -3.21847e-30 1.11665e-33 3.22077e-19
16.83 3.22001e-30 1.90481e-33 3.22077e-19
16.84 -3.22223e-30 1.13379e-33 3.22077e-19
16.85 3.22386e-30 1.89754e-33 3.22077e-19
16.86 -3.22608e-30 1.11948e-33 3.22077e-19
16.87 3.22762e-30 1.88831e-33 3.22077e-19
16.88 -3.22983e-30 1.12521e-33 3.22077e-19
16.89 3.23142e-30 1.88416e-33 3.22077e-19
16.9 -3.23359e-30 1.11475e-33 3.22077e-19
16.91 3.23523e-30 1.88074e-33 3.22077e-19
16.92 -3.23739e-30 1.10718e-33 3.22077e-19
16.93 3.23898e-30 1.9011e-33 3.22077e-19
16.94 -3.2412e-30 1.11707e-33 3.22077e-19
16.95 3.24278e-30 1.89965e-33 3.22077e-19
16.96 -3.245e-30 1.13473e-33 3.22077e-19
16.97 3.24659e-30 1.87734e-33 3.22077e-19
16.98 -3.24871e-30 1.11139e-33 3.22077e-19
16.99 3.25034e-30 1.88897e-33 3.22077e-19
17 -3.25256e-30 1.11525e-33 3.22077e-19
17.01 3.25424e-30 1.90351e-33 3.22077e-19
17.02 -3.25636e-30 1.116e-33 3.22077e-19
17.03 3.25795e-30 1.88369e-33 3.22077e-19
17.04 -3.26012e-30 1.12951e-33 3.22077e-19
17.05 3.2618e-30 1.8701e-33 3.22077e-19
17.06 -3.26392e-30 1.10285e-33 3.22077e-19
17.07 3.26556e-30 1.90042e-33 3.22077e-19
17.08 -3.26773e-30 1.09892e-33 3.22077e-19
17.09 3.26931e-30 1.89679e-33 3.22077e-19
17.1 -3.27148e-30 1.1306e-33 3.22077e-19
17.11 3.27307e-30 1.86575e-33 3.22077e-19
17.12 -3.27528e-30 1.11671e-33 3.22077e-19
17.13 3.27692e-30 1.89867e-33 3.22077e-19
17.14 -3.27909e-30 1.12908e-33 3.22077e-19
17.15 3.28073e-30 1.89993e-33 3.22077e-19
17.16 -3.28289e-30 1.1075e-33 3.22077e-19
17.17 3.28443e-30 1.90481e-33 3.22077e-19
17.18 -3.28665e-30 1.13119e-33 3.22077e-19
17.19 3.28824e-30 1.87595e-33 3.22077e-19
17.2 -3.29045e-30 1.12727e-33 3.22077e-19
17.21 3.29209e-30 1.8907e-33 3.22077e-19
17.22 -3.29421e-30 1.09427e-33 3.22077e-19
17.23 3.29589e-30 1.8878e-33 3.22077e-19
17.24 -3.29801e-30 1.11484e-33 3.22077e-19
17.25 3.29965e-30 1.87037e-33 3.22077e-19
17.26 -3.30177e-30 1.11455e-33 3.22077e-19
17.27 3.30345e-30 1.88418e-33 3.22077e-19
17.28 -3.30562e-30 1.11457e-33 3.22077e-19
17.29 3.30721e-30 1.90433e-33 3.22077e-19
17.3 -3.30937e-30 1.12279e-33 3.22077e-19
17.31 3.31096e-30 1.89613e-33 3.22077e-19
17.32 -3.31308e-30 1.11595e-33 3.22077e-19
17.33 3.31477e-30 1.87724e-33 3.22077e-19
17.34 -3.31698e-30 1.11254e-33 3.22077e-19
17.35 3.31862e-30 1.88763e-33 3.22077e-19
17.36 -3.32078e-30 1.12149e-33 3.22077e-19
17.37 3.32242e-30 1.88546e-33 3.22077e-19
17.38 -3.32449e-30 1.10521e-33 3.22077e-19
17.39 3.32613e-30 1.88526e-33 3.22077e-19
17.4 -3.32834e-30 1.12433e-33 3.22077e-19
17.41 3.32993e-30 1.89056e-33 3.22077e-19
17.42 -3.3321e-30 1.10389e-33 3.22077e-19
17.43 3.33369e-30 1.89856e-33 3.22077e-19
17.44 -3.3359e-30 1.13392e-33 3.22077e-19
17.45 3.33754e-30 1.88694e-33 3.22077e-19
17.46 -3.33971e-30 1.13175e-33 3.22077e-19
17.47 3.34139e-30 1.88694e-33 3.22077e-19
17.48 -3.34346e-30 1.08713e-33 3.22077e-19
17.49 3.3451e-30 1.89401e-33 3.22077e-19
17.5 -3.34727e-30 1.12515e-33 3.22077e-19
17.51 3.34886e-30 1.89236e-33 3.22077e-19
17.52 -3.35102e-30 1.12195e-33 3.22077e-19
17.53 3.35266e-30 1.87295e-33 3.22077e-19
17.54 -3.35487e-30 1.12362e-33 3.22077e-19
17.55 3.35646e-30 1.90857e-33 3.22077e-19
17.56 -3.35868e-30 1.1224e-33 3.22077e-19
17.57 3.36027e-30 1.90058e-33 3.22077e-19
17.58 -3.36243e-30 1.1192e-33 3.22077e-19
17.59 3.36402e-30 1.90038e-33 3.22077e-19
17.6 -3.36619e-30 1.1325e-33 3.22077e-19
17.61 3.36783e-30 1.87785e-33 3.22077e-19
17.62 -3.36999e-30 1.11747e-33 3.22077e-19
17.63 3.37158e-30 1.89457e-33 3.22077e-19
17.64 -3.37384e-30 1.11281e-33 3.22077e-19
17.65 3.37543e-30 1.90714e-33 3.22077e-19
17.66 -3.37765e-30 1.13484e-33 3.22077e-19
17.67 3.37914e-30 1.90403e-33 3.22077e-19
17.68 -3.38131e-30 1.12458e-33 3.22077e-19
17.69 3.38304e-30 1.86646e-33 3.22077e-19
17.7 -3.38516e-30 1.11806e-33 3.22077e-19
17.71 3.3868e-30 1.88609e-33 3.22077e-19
17.72 -3.38896e-30 1.09959e-33 3.22077e-19
17.73 3.3906e-30 1.90717e-33 3.22077e-19
17.74 -3.39272e-30 1.10511e-33 3.22077e-19
17.75 3.39436e-30 1.87084e-33 3.22077e-19
17.76 -3.39652e-30 1.14168e-33 3.22077e-19
17.77 3.39816e-30 1.88029e-33 3.22077e-19
17.78 -3.40033e-30 1.11065e-33 3.22077e-19
17.79 3.40191e-30 1.91497e-33 3.22077e-19
17.8 -3.40413e-30 1.11887e-33 3.22077e-19
17.81 3.40572e-30 1.89827e-33 3.22077e-19
17.82 -3.40788e-30 1.13654e-33 3.22077e-19
17.83 3.40952e-30 1.8801e-33 3.22077e-19
17.84 -3.41174e-30 1.1215e-33 3.22077e-19
17.85 3.41328e-30 1.90773e-33 3.22077e-19
17.86 -3.41544e-30 1.10761e-33 3.22077e-19
17.87 3.41703e-30 1.89538e-33 3.22077e-19
17.88 -3.41925e-30 1.12767e-33 3.22077e-19
17.89 3.42088e-30 1.88178e-33 3.22077e-19
17.9 -3.42305e-30 1.12716e-33 3.22077e-19
17.91 3.42469e-30 1.8876e-33 3.22077e-19
17.92 -3.42681e-30 1.09853e-33 3.22077e-19
17.93 3.42844e-30 1.90412e-33 3.22077e-19
17.94 -3.43061e-30 1.12128e-33 3.22077e-19
17.95 3.4323e-30 1.86218e-33 3.22077e-19
17.96 -3.43441e-30 1.12296e-33 3.22077e-19
17.97 3.43605e-30 1.89904e-33 3.22077e-19
17.98 -3.43822e-30 1.11083e-33 3.22077e-19
17.99 3.43986e-30 1.87818e-33 3.22077e-19
18 -3.44197e-30 1.10836e-33 3.22077e-19
18.01 3.44361e-30 1.89906e-33 3.22077e-19
18.02 -3.44583e-30 1.13163e-33 3.22077e-19
18.03 3.44741e-30 1.89107e-33 3.22077e-19
18.04 -3.44963e-30 1.11462e-33 3.22077e-19
18.05 3.45117e-30 1.90416e-33 3.22077e-19
18.06 -3.45334e-30 1.11163e-33 3.22077e-19
18.07 3.45502e-30 1.86803e-33 3.22077e-19
18.08 -3.45709e-30 1.12058e-33 3.22077e-19
18.09 3.45878e-30 1.878e-33 3.22077e-19
18.1 -3.46094e-30 1.10045e-33 3.22077e-19
18.11 3.46249e-30 1.9185e-33 3.22077e-19
18.12 -3.46475e-30 1.12705e-33 3.22077e-19
18.13 3.46639e-30 1.87023e-33 3.22077e-19
18.14 -3.4685e-30 1.13164e-33 3.22077e-19
18.15 3.47019e-30 1.87169e-33 3.22077e-19
18.16 -3.47226e-30 1.08992e-33 3.22077e-19
18.17 3.47399e-30 1.88696e-33 3.22077e-19
18.18 -3.47606e-30 1.08942e-33 3.22077e-19
18.19 3.4777e-30 1.88603e-33 3.22077e-19
18.2 -3.47987e-30 1.12889e-33 3.22077e-19
18.21 3.4815e-30 1.87659e-33 3.22077e-19
18.22 -3.48372e-30 1.12548e-33 3.22077e-19
18.23 3.48536e-30 1.89134e-33 3.22077e-19
18.24 -3.48747e-30 1.09829e-33 3.22077e-19
18.25 3.48911e-30 1.89695e-33 3.22077e-19
18.26 -3.49123e-30 1.10817e-33 3.22077e-19
18.27 3.49291e-30 1.86934e-33 3.22077e-19
18.28 -3.49503e-30 1.1193e-33 3.22077e-19
18.29 3.49672e-30 1.86301e-33 3.22077e-19
18.3 -3.49884e-30 1.10229e-33 3.22077e-19
18.31 3.50043e-30 1.91223e-33 3.22077e-19
18.32 -3.50264e-30 1.12359e-33 3.22077e-19
18.33 3.50423e-30 1.8948e-33 3.22077e-19
18.34 -3.5064e-30 1.13254e-33 3.22077e-19
18.35 3.50803e-30 1.88245e-33 3.22077e-19
18.36 -3.5102e-30 1.10754e-33 3.22077e-19
18.37 3.51179e-30 1.89772e-33 3.22077e-19
18.38 -3.51405e-30 1.12666e-33 3.22077e-19
18.39 3.51559e-30 1.90644e-33 3.22077e-19
18.4 -3.51781e-30 1.12564e-33 3.22077e-19
18.41 3.5194e-30 1.87977e-33 3.22077e-19
18.42 -3.52151e-30 1.10811e-33 3.22077e-19
18.43 3.5232e-30 1.88341e-33 3.22077e-19
18.44 -3.52532e-30 1.11124e-33 3.22077e-19
18.45 3.527e-30 1.87833e-33 3.22077e-19
18.46 -3.52912e-30 1.10783e-33 3.22077e-19
18.47 3.53071e-30 1.88415e-33 3.22077e-19
18.48 -3.53297e-30 1.12426e-33 3.22077e-19
18.49 3.53456e-30 1.90253e-33 3.22077e-19
18.5 -3.53668e-30 1.12812e-33 3.22077e-19
18.51 3.53837e-30 1.88707e-33 3.22077e-19
18.52 -3.54049e-30 1.10145e-33 3.22077e-19
18.53 3.54207e-30 1.90701e-33 3.22077e-19
18.54 -3.54434e-30 1.13002e-33 3.22077e-19
18.55 3.54593e-30 1.874e-33 3.22077e-19
18.56 -3.54809e-30 1.12755e-33 3.22077e-19
18.57 3.54968e-30 1.90287e-33 3.22077e-19
18.58 -3.55185e-30 1.10545e-33 3.22077e-19
18.59 3.55349e-30 1.89197e-33 3.22077e-19
18.6 -3.5557e-30 1.13527e-33 3.22077e-19
18.61 3.55729e-30 1.87692e-33 3.22077e-19
18.62 -3.55941e-30 1.10756e-33 3.22077e-19
18.63 3.56109e-30 1.89074e-33 3.22077e-19
18.64 -3.56326e-30 1.1027e-33 3.22077e-19
18.65 3.5648e-30 1.8922e-33 3.22077e-19
18.66 -3.56697e-30 1.12078e-33 3.22077e-19
18.67 3.5686e-30 1.88712e-33 3.22077e-19
18.68 -3.57077e-30 1.12246e-33 3.22077e-19
18.69 3.57246e-30 1.88712e-33 3.22077e-19
18.7 -3.57457e-30 1.10961e-33 3.22077e-19
18.71 3.57626e-30 1.88204e-33 3.22077e-19
18.72 -3.57843e-30 1.11056e-33 3.22077e-19
18.73 3.58001e-30 1.8779e-33 3.22077e-19
18.74 -3.58218e-30 1.11265e-33 3.22077e-19
18.75 3.58377e-30 1.89462e-33 3.22077e-19
18.76 -3.58594e-30 1.11381e-33 3.22077e-19
18.77 3.58762e-30 1.87521e-33 3.22077e-19
18.78 -3.58974e-30 1.11477e-33 3.22077e-19
18.79 3.59138e-30 1.89536e-33 3.22077e-19
18.8 -3.59354e-30 1.10284e-33 3.22077e-19
18.81 3.59518e-30 1.86308e-33 3.22077e-19
18.82 -3.59735e-30 1.11999e-33 3.22077e-19
18.83 3.59894e-30 1.89869e-33 3.22077e-19
18.84 -3.60115e-30 1.11389e-33 3.22077e-19
18.85 3.60274e-30 1.90452e-33 3.22077e-19
18.86 -3.60491e-30 1.11723e-33 3.22077e-19
18.87 3.60654e-30 1.88563e-33 3.22077e-19
18.88 -3.60871e-30 1.14268e-33 3.22077e-19
18.89 3.6103e-30 1.89487e-33 3.22077e-19
18.9 -3.61247e-30 1.11259e-33 3.22077e-19
18.91 3.61415e-30 1.88273e-33 3.22077e-19
18.92 -3.61627e-30 1.08904e-33 3.22077e-19
18.93 3.61796e-30 1.8871e-33 3.22077e-19
18.94 -3.62007e-30 1.11906e-33 3.22077e-19
18.95 3.62171e-30 1.86676e-33 3.22077e-19
18.96 -3.62383e-30 1.11586e-33 3.22077e-19
18.97 3.62551e-30 1.88711e-33 3.22077e-19
18.98 -3.62763e-30 1.11879e-33 3.22077e-19
18.99 3.62927e-30 1.89636e-33 3.22077e-19
19 -3.63149e-30 1.11102e-33 3.22077e-19
19.01 3.63307e-30 1.9029e-33 3.22077e-19
19.02 -3.63524e-30 1.1345e-33 3.22077e-19
19.03 3.63688e-30 1.89253e-33 3.22077e-19
19.04 -3.639e-30 1.10732e-33 3.22077e-19
19.05 3.64063e-30 1.87509e-33 3.22077e-19
19.06 -3.64285e-30 1.12135e-33 3.22077e-19
19.07 3.64444e-30 1.88548e-33 3.22077e-19
19.08 -3.6466e-30 1.12739e-33 3.22077e-19
19.09 3.64824e-30 1.90636e-33 3.22077e-19
19.1 -3.65041e-30 1.10872e-33 3.22077e-19
19.11 3.65195e-30 1.90688e-33 3.22077e-19
19.12 -3.65416e-30 1.11808e-33 3.22077e-19
19.13 3.6558e-30 1.86588e-33 3.22077e-19
19.14 -3.65797e-30 1.1236e-33 3.22077e-19
19.15 3.65956e-30 1.87699e-33 3.22077e-19
19.16 -3.66172e-30 1.09881e-33 3.22077e-19
19.17 3.66341e-30 1.88738e-33 3.22077e-19
19.18 -3.66553e-30 1.10049e-33 3.22077e-19
19.19 3.66716e-30 1.893e-33 3.22077e-19
19.2 -3.66933e-30 1.12687e-33 3.22077e-19
19.21 3.67092e-30 1.87847e-33 3.22077e-19
19.22 -3.67318e-30 1.13655e-33 3.22077e-19
19.23 3.67477e-30 1.89685e-33 3.22077e-19
19.24 -3.67694e-30 1.10573e-33 3.22077e-19
19.25 3.67857e-30 1.88544e-33 3.22077e-19
19.26 -3.68079e-30 1.11198e-33 3.22077e-19
19.27 3.68233e-30 1.90579e-33 3.22077e-19
19.28 -3.6845e-30 1.11407e-33 3.22077e-19
19.29 3.68609e-30 1.88109e-33 3.22077e-19
19.3 -3.68825e-30 1.12541e-33 3.22077e-19
19.31 3.68989e-30 1.88473e-33 3.22077e-19
19.32 -3.6921e-30 1.12906e-33 3.22077e-19
19.33 3.69364e-30 1.89854e-33 3.22077e-19
19.34 -3.69581e-30 1.10644e-33 3.22077e-19
19.35 3.6975e-30 1.88132e-33 3.22077e-19
19.36 -3.69962e-30 1.1074e-33 3.22077e-19
19.37 3.70125e-30 1.89347e-33 3.22077e-19
19.38 -3.70342e-30 1.12288e-33 3.22077e-19
19.39 3.70501e-30 1.88112e-33 3.22077e-19
19.4 -3.70722e-30 1.12041e-33 3.22077e-19
19.41 3.70886e-30 1.89224e-33 3.22077e-19
19.42 -3.71103e-30 1.117e-33 3.22077e-19
19.43 3.71262e-30 1.90657e-33 3.22077e-19
19.44 -3.71478e-30 1.1138e-33 3.22077e-19
19.45 3.71642e-30 1.88259e-33 3.22077e-19
19.46 -3.71854e-30 1.12493e-33 3.22077e-19
19.47 3.72022e-30 1.86516e-33 3.22077e-19
19.48 -3.72234e-30 1.10916e-33 3.22077e-19
19.49 3.72398e-30 1.90565e-33 3.22077e-19
19.5 -3.72614e-30 1.10866e-33 3.22077e-19
19.51 3.72778e-30 1.89258e-33 3.22077e-19
19.52 -3.73e-30 1.12778e-33 3.22077e-19
19.53 3.73159e-30 1.89113e-33 3.22077e-19
19.54 -3.73375e-30 1.13818e-33 3.22077e-19
19.55 3.73534e-30 1.90328e-33 3.22077e-19
19.56 -3.73756e-30 1.11173e-33 3.22077e-19
19.57 3.73919e-30 1.8926e-33 3.22077e-19
19.58 -3.74131e-30 1.12285e-33 3.22077e-19
19.59 3.74295e-30 1.88513e-33 3.22077e-19
19.6 -3.74512e-30 1.11726e-33 3.22077e-19
19.61 3.74675e-30 1.8895e-33 3.22077e-19
19.62 -3.74892e-30 1.11822e-33 3.22077e-19
19.63 3.75056e-30 1.89095e-33 3.22077e-19
19.64 -3.75267e-30 1.10702e-33 3.22077e-19
19.65 3.75431e-30 1.88224e-33 3.22077e-19
19.66 -3.75653e-30 1.12905e-33 3.22077e-19
19.67 3.75807e-30 1.90187e-33 3.22077e-19
19.68 -3.76023e-30 1.1244e-33 3.22077e-19
19.69 3.76187e-30 1.89097e-33 3.22077e-19
19.7 -3.76404e-30 1.10375e-33 3.22077e-19
19.71 3.76567e-30 1.89243e-33 3.22077e-19
19.72 -3.76789e-30 1.1372e-33 3.22077e-19
19.73 3.76943e-30 1.89171e-33 3.22077e-19
19.74 -3.77164e-30 1.13109e-33 3.22077e-19
19.75 3.77323e-30 1.90553e-33 3.22077e-19
19.76 -3.77545e-30 1.10754e-33 3.22077e-19
19.77 3.77709e-30 1.87833e-33 3.22077e-19
19.78 -3.7792e-30 1.10237e-33 3.22077e-19
19.79 3.78084e-30 1.8963e-33 3.22077e-19
19.8 -3.78301e-30 1.12222e-33 3.22077e-19
19.81 3.7846e-30 1.86381e-33 3.22077e-19
19.82 -3.78676e-30 1.12847e-33 3.22077e-19
19.83 3.7884e-30 1.89143e-33 3.22077e-19
19.84 -3.79062e-30 1.10471e-33 3.22077e-19
19.85 3.7922e-30 1.91688e-33 3.22077e-19
19.86 -3.79437e-30 1.11314e-33 3.22077e-19
19.87 3.79601e-30 1.86404e-33 3.22077e-19
19.88 -3.79813e-30 1.12229e-33 3.22077e-19
19.89 3.79976e-30 1.88927e-33 3.22077e-19
19.9 -3.80198e-30 1.11089e-33 3.22077e-19
19.91 3.80357e-30 1.90745e-33 3.22077e-19
19.92 -3.80569e-30 1.11932e-33 3.22077e-19
19.93 3.80732e-30 1.87112e-33 3.22077e-19
19.94 -3.80949e-30 1.13044e-33 3.22077e-19
19.95 3.81113e-30 1.89365e-33 3.22077e-19
19.96 -3.81329e-30 1.09599e-33 3.22077e-19
19.97 3.81493e-30 1.89875e-33 3.22077e-19
19.98 -3.8171e-30 1.13671e-33 3.22077e-19
19.99 3.81878e-30 1.87695e-33 3.22077e-19
20 -3.8209e-30 1.10859e-33 3.22077e-19
