0.01 0 4.36272e-20 -7.83968e-06
0.02 0 1.68568e-19 -3.28957e-05
0.03 0 3.02873e-19 -6.25543e-05
0.04 0 3.6842e-19 -7.84874e-05
0.05 0 4.11039e-19 -8.74571e-05
0.06 0 5.05018e-19 -0.000106024
0.07 0 6.24527e-19 -0.000131726
0.08 0 7.01742e-19 -0.000150103
0.09 0 7.45677e-19 -0.000160209
0.1 0 8.18371e-19 -0.000173839
0.11 0 9.13545e-19 -0.000194036
0.12 0 9.8362e-19 -0.000211442
0.13 0 1.03108e-18 -0.000221542
0.14 0 1.08124e-18 -0.000231167
0.15 0 1.14581e-18 -0.000245373
0.16 0 1.20854e-18 -0.000259374
0.17 0 1.24856e-18 -0.000267911
0.18 0 1.27335e-18 -0.000273863
0.19 0 1.31016e-18 -0.000282143
0.2 0 1.35813e-18 -0.000291269
0.21 0 1.378e-18 -0.000296786
0.22 0 1.38765e-18 -0.000299001
0.23 0 1.40432e-18 -0.000301668
0.24 0 1.4142e-18 -0.000305251
0.25 0 1.42232e-18 -0.000306687
0.26 0 1.4132e-18 -0.000304962
0.27 0 1.40184e-18 -0.000302431
0.28 0 1.39915e-18 -0.000300418
0.29 0 1.37662e-18 -0.000297229
0.3 0 1.33873e-18 -0.000291438
0.31 0 1.30504e-18 -0.000284202
0.32 0 1.28152e-18 -0.000276982
0.33 0 1.2477e-18 -0.000269141
0.34 0 1.19157e-18 -0.000259383
0.35 0 1.14508e-18 -0.000248033
0.36 0 1.09567e-18 -0.000236308
0.37 0 1.02955e-18 -0.000224244
0.38 0 9.71835e-19 -0.000210911
0.39 0 9.07899e-19 -0.00019617
0.4 0 8.30313e-19 -0.000180863
0.41 0 7.58302e-19 -0.000165364
0.42 0 6.84216e-19 -0.000149143
0.43 0 6.03745e-19 -0.000131883
0.44 0 5.23997e-19 -0.000114071
0.45 0 4.37744e-19 -9.61783e-05
0.46 0 3.53234e-19 -7.80073e-05
0.47 0 2.67757e-19 -5.92391e-05
0.48 0 1.76086e-19 -4.00947e-05
0.49 0 8.95141e-20 -2.10054e-05
0.5 0 1.1154e-21 -1.99516e-06
0.51 0 -8.97216e-20 1.71691e-05
0.52 0 -1.77777e-19 3.64303e-05
0.53 1.69407e-21 -2.68455e-19 5.54583e-05
0.54 0 -3.54144e-19 7.4112e-05
0.55 0 -4.35333e-19 9.25168e-05
0.56 0 -5.21944e-19 0.000110695
0.57 0 -6.05548e-19 0.000128428
0.58 0 -6.82939e-19 0.000145536
0.59 0 -7.59284e-19 0.000162054
0.6 0 -8.3476e-19 0.000178027
0.61 0 -9.0702e-19 0.000193331
0.62 0 -9.70432e-19 0.000207798
0.63 0 -1.02986e-18 0.000221403
0.64 0 -1.09366e-18 0.000234187
0.65 0 -1.1468e-18 0.000246093
0.66 0 -1.19193e-18 0.000256992
0.67 0 -1.24691e-18 0.000266832
0.68 0 -1.28728e-18 0.000275639
0.69 0 -1.31623e-18 0.0002834
0.7 0 -1.35627e-18 0.000290035
0.71 0 -1.37118e-18 0.000295487
0.72 0 -1.38398e-18 0.000299774
0.73 0 -1.40779e-18 0.000302908
0.74 0 -1.4097e-18 0.000304853
0.75 0 -1.419e-18 0.00030557
0.76 0 -1.41613e-18 0.000305072
0.77 0 -1.39796e-18 0.000303387
0.78 0 -1.39065e-18 0.000300518
0.79 0 -1.3745e-18 0.00029645
0.8 0 -1.34961e-18 0.000291198
0.81 0 -1.31618e-18 0.000284806
0.82 0 -1.28088e-18 0.000277303
0.83 0 -1.24376e-18 0.0002687
0.84 0 -1.19188e-18 0.000259026
0.85 0 -1.14345e-18 0.000248331
0.86 0 -1.09546e-18 0.000236666
0.87 0 -1.03332e-18 0.000224067
0.88 0 -9.67125e-19 0.000210576
0.89 0 -9.01958e-19 0.000196252
0.9 0 -8.36526e-19 0.000181159
0.91 0 -7.61282e-19 0.000165355
0.92 0 -6.81404e-19 0.000148894
0.93 0 -6.03697e-19 0.000131841
0.94 0 -5.21181e-19 0.000114271
0.95 0 -4.37432e-19 9.6254e-05
0.96 0 -3.5192e-19 7.7855e-05
0.97 0 -2.64194e-19 5.91454e-05
0.98 0 -1.78307e-19 4.02033e-05
0.99 0 -8.88594e-20 2.11056e-05
1 0 8.00076e-22 1.92431e-06
1.01 0 8.77385e-20 -1.72671e-05
1.02 0 1.77814e-19 -3.63906e-05
1.03 0 2.66161e-19 -5.53685e-05
1.04 0 3.53439e-19 -7.41272e-05
1.05 0 4.40558e-19 -9.25949e-05
1.06 0 5.21043e-19 -0.000110698
1.07 0 6.02739e-19 -0.000128363
1.08 0 6.83683e-19 -0.000145521
1.09 0 7.58677e-19 -0.000162105
1.1 0 8.35565e-19 -0.00017805
1.11 0 9.04259e-19 -0.000193292
1.12 0 9.66142e-19 -0.000207771
1.13 0 1.03237e-18 -0.000221429
1.14 0 1.09124e-18 -0.000234215
1.15 0 1.14579e-18 -0.000246076
1.16 0 1.19906e-18 -0.000256966
1.17 0 1.2411e-18 -0.000266841
1.18 0 1.28805e-18 -0.000275663
1.19 0 1.3234e-18 -0.000283398
1.2 0 1.34047e-18 -0.000290014
1.21 0 1.37512e-18 -0.000295485
1.22 0 1.39129e-18 -0.000299791
1.23 0 1.39539e-18 -0.000302913
1.24 0 1.42014e-18 -0.00030484
1.25 0 1.41966e-18 -0.000305563
1.26 0 1.40704e-18 -0.000305081
1.27 0 1.41176e-18 -0.000303395
1.28 0 1.39783e-18 -0.000300512
1.29 0 1.3686e-18 -0.000296442
1.3 0 1.35031e-18 -0.000291202
1.31 0 1.3169e-18 -0.000284814
1.32 0 1.27828e-18 -0.000277301
1.33 0 1.24768e-18 -0.000268694
1.34 0 1.19583e-18 -0.000259026
1.35 0 1.14251e-18 -0.000248336
1.36 0 1.09378e-18 -0.000236666
1.37 0 1.03329e-18 -0.000224063
1.38 0 9.73634e-19 -0.000210574
1.39 0 9.06867e-19 -0.000196255
1.4 0 8.33233e-19 -0.000181161
1.41 0 7.62861e-19 -0.000165353
1.42 0 6.82956e-19 -0.000148891
1.43 0 6.00351e-19 -0.000131842
1.44 0 5.21134e-19 -0.000114273
1.45 0 4.35708e-19 -9.62531e-05
1.46 0 3.51886e-19 -7.7853e-05
1.47 0 2.66657e-19 -5.91457e-05
1.48 0 1.765e-19 -4.0205e-05
1.49 0 8.95395e-20 -2.11056e-05
1.5 0 2.80397e-22 -1.92292e-06
1.51 0 -9.00634e-20 1.72674e-05
1.52 0 -1.77429e-19 3.63895e-05
1.53 0 -2.65773e-19 5.5368e-05
1.54 0 -3.53047e-19 7.4128e-05
1.55 0 -4.37712e-19 9.25955e-05
1.56 0 -5.22293e-19 0.000110698
1.57 0 -6.05625e-19 0.000128363
1.58 0 -6.83318e-19 0.000145521
1.59 0 -7.58312e-19 0.000162106
1.6 0 -8.31955e-19 0.00017805
1.61 0 -9.03923e-19 0.000193292
1.62 0 -9.71414e-19 0.000207771
1.63 0 -1.03107e-18 0.00022143
1.64 0 -1.08994e-18 0.000234215
1.65 0 -1.14776e-18 0.000246076
1.66 0 -1.20267e-18 0.000256965
1.67 0 -1.24143e-18 0.000266841
1.68 0 -1.27857e-18 0.000275663
1.69 0 -1.32045e-18 0.000283398
1.7 0 -1.34734e-18 0.000290014
1.71 0 -1.37219e-18 0.000295485
1.72 0 -1.39162e-18 0.000299791
1.73 0 -1.40883e-18 0.000302913
1.74 0 -1.41394e-18 0.00030484
1.75 0 -1.41673e-18 0.000305563
1.76 0 -1.42376e-18 0.000305081
1.77 0 -1.40883e-18 0.000303395
1.78 0 -1.39163e-18 0.000300511
1.79 0 -1.37222e-18 0.000296442
1.8 0 -1.35066e-18 0.000291202
1.81 0 -1.32379e-18 0.000284814
1.82 0 -1.28191e-18 0.000277301
1.83 0 -1.23822e-18 0.000268694
1.84 0 -1.19292e-18 0.000259026
1.85 0 -1.1445e-18 0.000248336
1.86 0 -1.09156e-18 0.000236666
1.87 0 -1.03435e-18 0.000224062
1.88 0 -9.69783e-19 0.000210574
1.89 0 -9.03016e-19 0.000196255
1.9 0 -8.34292e-19 0.000181161
1.91 0 -7.5901e-19 0.000165353
1.92 0 -6.84014e-19 0.000148891
1.93 0 -6.04683e-19 0.000131842
1.94 0 -5.21375e-19 0.000114273
1.95 0 -4.37585e-19 9.62531e-05
1.96 0 -3.52126e-19 7.7853e-05
1.97 0 -2.66079e-19 5.91457e-05
1.98 0 -1.77734e-19 4.0205e-05
1.99 0 -8.85233e-20 2.11056e-05
2 0 -1.33606e-22 1.92291e-06
2.01 0 8.88915e-20 -1.72674e-05
2.02 0 1.77791e-19 -3.63895e-05
2.03 0 2.66136e-19 -5.5368e-05
2.04 0 3.53e-19 -7.4128e-05
2.05 0 4.37666e-19 -9.25955e-05
2.06 0 5.19791e-19 -0.000110698
2.07 0 6.03942e-19 -0.000128363
2.08 0 6.86544e-19 -0.000145521
2.09 0 7.59902e-19 -0.000162106
2.1 0 8.31908e-19 -0.00017805
2.11 0 9.03876e-19 -0.000193292
2.12 0 9.70666e-19 -0.000207771
2.13 0 1.0336e-18 -0.00022143
2.14 0 1.09247e-18 -0.000234215
2.15 0 1.14865e-18 -0.000246076
2.16 0 1.19701e-18 -0.000256965
2.17 0 1.23905e-18 -0.000266841
2.18 0 1.28601e-18 -0.000275663
2.19 0 1.31807e-18 -0.000283398
2.2 0 1.34168e-18 -0.000290014
2.21 0 1.37308e-18 -0.000295485
2.22 0 1.39251e-18 -0.000299791
2.23 0 1.40317e-18 -0.000302913
2.24 0 1.41482e-18 -0.00030484
2.25 0 1.41435e-18 -0.000305563
2.26 0 1.41155e-18 -0.000305081
2.27 0 1.40972e-18 -0.000303395
2.28 0 1.38925e-18 -0.000300511
2.29 0 1.37311e-18 -0.000296442
2.3 0 1.35155e-18 -0.000291202
2.31 0 1.31158e-18 -0.000284814
2.32 0 1.28278e-18 -0.000277301
2.33 0 1.24564e-18 -0.000268694
2.34 0 1.19379e-18 -0.000259026
2.35 0 1.14701e-18 -0.000248336
2.36 0 1.09244e-18 -0.000236666
2.37 0 1.03359e-18 -0.000224062
2.38 0 9.72295e-19 -0.000210574
2.39 0 9.02255e-19 -0.000196255
2.4 0 8.35168e-19 -0.000181161
2.41 0 7.59886e-19 -0.000165353
2.42 0 6.83253e-19 -0.000148891
2.43 0 6.08832e-19 -0.000131842
2.44 0 5.19796e-19 -0.000114273
2.45 0 4.36825e-19 -9.62531e-05
2.46 0 3.54639e-19 -7.7853e-05
2.47 0 2.63682e-19 -5.91457e-05
2.48 0 1.77616e-19 -4.0205e-05
2.49 0 8.92238e-20 -2.11056e-05
2.5 0 -6.1066e-22 -1.92291e-06
2.51 0 -8.91244e-20 1.72674e-05
2.52 0 -1.78258e-19 3.63895e-05
2.53 0 -2.65375e-19 5.5368e-05
2.54 0 -3.53409e-19 7.4128e-05
2.55 0 -4.38892e-19 9.25955e-05
2.56 0 -5.22654e-19 0.000110698
2.57 0 -6.03532e-19 0.000128363
2.58 0 -6.79588e-19 0.000145521
2.59 0 -7.57855e-19 0.000162106
2.6 0 -8.31498e-19 0.00017805
2.61 0 -9.0183e-19 0.000193292
2.62 0 -9.70256e-19 0.000207771
2.63 0 -1.03155e-18 0.00022143
2.64 0 -1.09042e-18 0.000234215
2.65 0 -1.1466e-18 0.000246076
2.66 0 -1.1966e-18 0.000256965
2.67 0 -1.24191e-18 0.000266841
2.68 0 -1.27905e-18 0.000275663
2.69 0 -1.31439e-18 0.000283398
2.7 0 -1.35109e-18 0.000290014
2.71 0 -1.37267e-18 0.000295485
2.72 0 -1.38883e-18 0.000299791
2.73 0 -1.40603e-18 0.000302913
2.74 0 -1.41441e-18 0.00030484
2.75 0 -1.42048e-18 0.000305563
2.76 0 -1.42096e-18 0.000305081
2.77 0 -1.40604e-18 0.000303395
2.78 0 -1.39538e-18 0.000300511
2.79 0 -1.38252e-18 0.000296442
2.8 0 -1.34786e-18 0.000291202
2.81 0 -1.31771e-18 0.000284814
2.82 0 -1.28565e-18 0.000277301
2.83 0 -1.24056e-18 0.000268694
2.84 0 -1.19853e-18 0.000259026
2.85 0 -1.14684e-18 0.000248336
2.86 0 -1.0939e-18 0.000236666
2.87 0 -1.03833e-18 0.000224062
2.88 0 -9.68846e-19 0.000210574
2.89 0 -9.02079e-19 0.000196255
2.9 0 -8.30082e-19 0.000181161
2.91 0 -7.56437e-19 0.000165353
2.92 0 -6.83078e-19 0.000148891
2.93 0 -6.0211e-19 0.000131842
2.94 0 -5.22074e-19 0.000114273
2.95 0 -4.37467e-19 9.62531e-05
2.96 0 -3.50372e-19 7.7853e-05
2.97 0 -2.6637e-19 5.91457e-05
2.98 0 -1.78025e-19 4.0205e-05
2.99 0 -8.84049e-20 2.11056e-05
3 0 -5.52179e-22 1.92291e-06
3.01 0 8.91269e-20 -1.72674e-05
3.02 0 1.78158e-19 -3.63895e-05
3.03 0 2.65275e-19 -5.5368e-05
3.04 0 3.529e-19 -7.4128e-05
3.05 0 4.37565e-19 -9.25955e-05
3.06 0 5.20509e-19 -0.000110698
3.07 0 6.03841e-19 -0.000128363
3.08 0 6.84807e-19 -0.000145521
3.09 0 7.63074e-19 -0.000162106
3.1 0 8.3508e-19 -0.00017805
3.11 0 9.03775e-19 -0.000193292
3.12 0 9.72202e-19 -0.000207771
3.13 0 1.0335e-18 -0.00022143
3.14 0 1.09073e-18 -0.000234215
3.15 0 1.14528e-18 -0.000246076
3.16 0 1.19527e-18 -0.000256965
3.17 0 1.24386e-18 -0.000266841
3.18 0 1.28754e-18 -0.000275663
3.19 0 1.31306e-18 -0.000283398
3.2 0 1.33994e-18 -0.000290014
3.21 0 1.38116e-18 -0.000295485
3.22 0 1.39732e-18 -0.000299791
3.23 0 1.40143e-18 -0.000302913
3.24 0 1.41309e-18 -0.00030484
3.25 0 1.41261e-18 -0.000305563
3.26 0 1.41636e-18 -0.000305081
3.27 0 1.4178e-18 -0.000303395
3.28 0 1.39078e-18 -0.000300511
3.29 0 1.37137e-18 -0.000296442
3.3 0 1.35635e-18 -0.000291202
3.31 0 1.31639e-18 -0.000284814
3.32 0 1.28105e-18 -0.000277301
3.33 0 1.2439e-18 -0.000268694
3.34 0 1.1986e-18 -0.000259026
3.35 0 1.15019e-18 -0.000248336
3.36 0 1.08907e-18 -0.000236666
3.37 0 1.03349e-18 -0.000224062
3.38 0 9.73831e-19 -0.000210574
3.39 0 9.02154e-19 -0.000196255
3.4 0 8.35067e-19 -0.000181161
3.41 0 7.61422e-19 -0.000165353
3.42 0 6.7988e-19 -0.000148891
3.43 0 6.03821e-19 -0.000131842
3.44 0 5.22968e-19 -0.000114273
3.45 0 4.35087e-19 -9.62531e-05
3.46 0 3.5372e-19 -7.7853e-05
3.47 0 2.67263e-19 -5.91457e-05
3.48 0 1.75645e-19 -4.0205e-05
3.49 0 8.9912e-20 -2.11056e-05
3.5 0 8.27426e-25 -1.92291e-06
3.51 0 -8.98901e-20 1.72674e-05
3.52 0 -1.76846e-19 3.63895e-05
3.53 0 -2.66009e-19 5.5368e-05
3.54 0 -3.53224e-19 7.4128e-05
3.55 0 -4.3789e-19 9.25955e-05
3.56 0 -5.21652e-19 0.000110698
3.57 0 -6.02529e-19 0.000128363
3.58 0 -6.83495e-19 0.000145521
3.59 0 -7.63399e-19 0.000162106
3.6 0 -8.33769e-19 0.00017805
3.61 0 -9.02464e-19 0.000193292
3.62 0 -9.7089e-19 0.000207771
3.63 0 -1.03055e-18 0.00022143
3.64 0 -1.09269e-18 0.000234215
3.65 0 -1.15051e-18 0.000246076
3.66 0 -1.19396e-18 0.000256965
3.67 0 -1.24254e-18 0.000266841
3.68 0 -1.2895e-18 0.000275663
3.69 0 -1.31829e-18 0.000283398
3.7 0 -1.3419e-18 0.000290014
3.71 0 -1.37003e-18 0.000295485
3.72 0 -1.39274e-18 0.000299791
3.73 0 -1.40667e-18 0.000302913
3.74 0 -1.41505e-18 0.00030484
3.75 0 -1.41785e-18 0.000305563
3.76 0 -1.41505e-18 0.000305081
3.77 0 -1.40667e-18 0.000303395
3.78 0 -1.39275e-18 0.000300511
3.79 0 -1.3766e-18 0.000296442
3.8 0 -1.35177e-18 0.000291202
3.81 0 -1.31835e-18 0.000284814
3.82 0 -1.28628e-18 0.000277301
3.83 0 -1.24353e-18 0.000268694
3.84 0 -1.19495e-18 0.000259026
3.85 0 -1.14326e-18 0.000248336
3.86 0 -1.08799e-18 0.000236666
3.87 0 -1.03569e-18 0.000224062
3.88 0 -9.73689e-19 0.000210574
3.89 0 -9.03648e-19 0.000196255
3.9 0 -8.33289e-19 0.000181161
3.91 0 -7.59643e-19 0.000165353
3.92 0 -6.81374e-19 0.000148891
3.93 0 -6.02043e-19 0.000131842
3.94 0 -5.22007e-19 0.000114273
3.95 0 -4.39855e-19 9.62531e-05
3.96 0 -3.52759e-19 7.7853e-05
3.97 0 -2.64666e-19 5.91457e-05
3.98 0 -1.78191e-19 4.0205e-05
3.99 0 -8.85717e-20 2.11056e-05
4 0 1.63175e-22 1.92291e-06
4.01 0 8.875e-20 -1.72674e-05
4.02 0 1.77986e-19 -3.63895e-05
4.03 0 2.65103e-19 -5.5368e-05
4.04 0 3.52786e-19 -7.4128e-05
4.05 0 4.39088e-19 -9.25955e-05
4.06 0 5.21213e-19 -0.000110698
4.07 0 6.03727e-19 -0.000128363
4.08 0 6.83057e-19 -0.000145521
4.09 0 7.58051e-19 -0.000162106
4.1 0 8.31693e-19 -0.00017805
4.11 0 9.03662e-19 -0.000193292
4.12 0 9.70452e-19 -0.000207771
4.13 0 1.02847e-18 -0.00022143
4.14 0 1.09389e-18 -0.000234215
4.15 0 1.15171e-18 -0.000246076
4.16 0 1.18698e-18 -0.000256965
4.17 0 1.23556e-18 -0.000266841
4.18 0 1.28906e-18 -0.000275663
4.19 0 1.31785e-18 -0.000283398
4.2 0 1.34801e-18 -0.000290014
4.21 0 1.37614e-18 -0.000295485
4.22 0 1.38248e-18 -0.000299791
4.23 0 1.40295e-18 -0.000302913
4.24 0 1.42116e-18 -0.00030484
4.25 0 1.41413e-18 -0.000305563
4.26 0 1.41788e-18 -0.000305081
4.27 0 1.41278e-18 -0.000303395
4.28 0 1.38903e-18 -0.000300511
4.29 0 1.37289e-18 -0.000296442
4.3 0 1.35133e-18 -0.000291202
4.31 0 1.32118e-18 -0.000284814
4.32 0 1.28584e-18 -0.000277301
4.33 0 1.24543e-18 -0.000268694
4.34 0 1.20012e-18 -0.000259026
4.35 0 1.1468e-18 -0.000248336
4.36 0 1.09223e-18 -0.000236666
4.37 0 1.03338e-18 -0.000224062
4.38 0 9.68807e-19 -0.000210574
4.39 0 9.0204e-19 -0.000196255
4.4 0 8.33317e-19 -0.000181161
4.41 0 7.59672e-19 -0.000165353
4.42 0 6.81402e-19 -0.000148891
4.43 0 6.03708e-19 -0.000131842
4.44 0 5.22036e-19 -0.000114273
4.45 0 4.37428e-19 -9.62531e-05
4.46 0 3.52788e-19 -7.7853e-05
4.47 0 2.64695e-19 -5.91457e-05
4.48 0 1.76992e-19 -4.0205e-05
4.49 0 8.92138e-20 -2.11056e-05
4.5 0 -4.67215e-22 -1.92291e-06
4.51 0 -8.8875e-20 1.72674e-05
4.52 0 -1.77293e-19 3.63895e-05
4.53 0 -2.65228e-19 5.5368e-05
4.54 0 -3.52093e-19 7.4128e-05
4.55 0 -4.39213e-19 9.25955e-05
4.56 0 -5.22156e-19 0.000110698
4.57 0 -6.02216e-19 0.000128363
4.58 0 -6.83182e-19 0.000145521
4.59 0 -7.59812e-19 0.000162106
4.6 0 -8.33455e-19 0.00017805
4.61 0 -9.05423e-19 0.000193292
4.62 0 -9.6894e-19 0.000207771
4.63 0 -1.03023e-18 0.00022143
4.64 0 -1.09074e-18 0.000234215
4.65 0 -1.14692e-18 0.000246076
4.66 0 -1.19528e-18 0.000256965
4.67 0 -1.23732e-18 0.000266841
4.68 0 -1.29083e-18 0.000275663
4.69 0 -1.32616e-18 0.000283398
4.7 0 -1.34323e-18 0.000290014
4.71 0 -1.37462e-18 0.000295485
4.72 0 -1.39079e-18 0.000299791
4.73 0 -1.40144e-18 0.000302913
4.74 0 -1.41964e-18 0.00030484
4.75 0 -1.42571e-18 0.000305563
4.76 0 -1.41637e-18 0.000305081
4.77 0 -1.39818e-18 0.000303395
4.78 0 -1.39407e-18 0.000300511
4.79 0 -1.37793e-18 0.000296442
4.8 0 -1.34327e-18 0.000291202
4.81 0 -1.3164e-18 0.000284814
4.82 0 -1.27778e-18 0.000277301
4.83 0 -1.24391e-18 0.000268694
4.84 0 -1.20516e-18 0.000259026
4.85 0 -1.14365e-18 0.000248336
4.86 0 -1.09235e-18 0.000236666
4.87 0 -1.0335e-18 0.000224062
4.88 0 -9.65659e-19 0.000210574
4.89 0 -9.07075e-19 0.000196255
4.9 0 -8.33442e-19 0.000181161
4.91 0 -7.56524e-19 0.000165353
4.92 0 -6.86437e-19 0.000148891
4.93 0 -6.02196e-19 0.000131842
4.94 0 -5.19706e-19 0.000114273
4.95 0 -4.40827e-19 9.62531e-05
4.96 0 -3.51276e-19 7.7853e-05
4.97 0 -2.65229e-19 5.91457e-05
4.98 0 -1.79163e-19 4.0205e-05
4.99 0 -8.77023e-20 2.11056e-05
5 0 -4.24954e-22 1.92291e-06
5.01 0 8.87938e-20 -1.72674e-05
5.02 0 1.79023e-19 -3.63895e-05
5.03 0 2.64913e-19 -5.5368e-05
5.04 0 3.52187e-19 -7.4128e-05
5.05 0 4.39307e-19 -9.25955e-05
5.06 0 5.22251e-19 -0.000110698
5.07 0 6.03946e-19 -0.000128363
5.08 0 6.83276e-19 -0.000145521
5.09 0 7.5827e-19 -0.000162106
5.1 0 8.33549e-19 -0.00017805
5.11 0 9.02244e-19 -0.000193292
5.12 0 9.68099e-19 -0.000207771
5.13 0 1.03594e-18 -0.00022143
5.14 0 1.09481e-18 -0.000234215
5.15 0 1.14608e-18 -0.000246076
5.16 0 1.19608e-18 -0.000256965
5.17 0 1.24466e-18 -0.000266841
5.18 0 1.28835e-18 -0.000275663
5.19 0 1.32368e-18 -0.000283398
5.2 0 1.3473e-18 -0.000290014
5.21 0 1.37215e-18 -0.000295485
5.22 0 1.39485e-18 -0.000299791
5.23 0 1.40551e-18 -0.000302913
5.24 0 1.41389e-18 -0.00030484
5.25 0 1.41669e-18 -0.000305563
5.26 0 1.41717e-18 -0.000305081
5.27 0 1.41206e-18 -0.000303395
5.28 0 1.39486e-18 -0.000300511
5.29 0 1.37218e-18 -0.000296442
5.3 0 1.34734e-18 -0.000291202
5.31 0 1.32047e-18 -0.000284814
5.32 0 1.28185e-18 -0.000277301
5.33 0 1.23816e-18 -0.000268694
5.34 0 1.19286e-18 -0.000259026
5.35 0 1.14281e-18 -0.000248336
5.36 0 1.09151e-18 -0.000236666
5.37 0 1.03102e-18 -0.000224062
5.38 0 9.69728e-19 -0.000210574
5.39 0 9.04597e-19 -0.000196255
5.4 0 8.30964e-19 -0.000181161
5.41 0 7.60592e-19 -0.000165353
5.42 0 6.82323e-19 -0.000148891
5.43 0 5.99718e-19 -0.000131842
5.44 0 5.2132e-19 -0.000114273
5.45 0 4.38349e-19 -9.62531e-05
5.46 0 3.52071e-19 -7.7853e-05
5.47 0 2.65615e-19 -5.91457e-05
5.48 0 1.77504e-19 -4.0205e-05
5.49 0 8.89067e-20 -2.11056e-05
5.5 0 2.35713e-22 -1.92291e-06
5.51 0 -8.92388e-20 1.72674e-05
5.52 0 -1.77656e-19 3.63895e-05
5.53 0 -2.65592e-19 5.5368e-05
5.54 0 -3.52866e-19 7.4128e-05
5.55 0 -4.38349e-19 9.25955e-05
5.56 0 -5.21293e-19 0.000110698
5.57 0 -6.02989e-19 0.000128363
5.58 0 -6.85591e-19 0.000145521
5.59 0 -7.60585e-19 0.000162106
5.6 0 -8.29318e-19 0.00017805
5.61 0 -9.0456e-19 0.000193292
5.62 0 -9.7135e-19 0.000207771
5.63 0 -1.03101e-18 0.00022143
5.64 0 -1.09642e-18 0.000234215
5.65 0 -1.1477e-18 0.000246076
5.66 0 -1.19442e-18 0.000256965
5.67 0 -1.243e-18 0.000266841
5.68 0 -1.28014e-18 0.000275663
5.69 0 -1.31548e-18 0.000283398
5.7 0 -1.34891e-18 0.000290014
5.71 0 -1.37376e-18 0.000295485
5.72 0 -1.3932e-18 0.000299791
5.73 0 -1.40713e-18 0.000302913
5.74 0 -1.41223e-18 0.00030484
5.75 0 -1.41503e-18 0.000305563
5.76 0 -1.41224e-18 0.000305081
5.77 0 -1.40386e-18 0.000303395
5.78 0 -1.3932e-18 0.000300511
5.79 0 -1.37379e-18 0.000296442
5.8 0 -1.34896e-18 0.000291202
5.81 0 -1.31553e-18 0.000284814
5.82 0 -1.28019e-18 0.000277301
5.83 0 -1.24632e-18 0.000268694
5.84 0 -1.19775e-18 0.000259026
5.85 0 -1.14443e-18 0.000248336
5.86 0 -1.09312e-18 0.000236666
5.87 0 -1.03264e-18 0.000224062
5.88 0 -9.69705e-19 0.000210574
5.89 0 -9.04575e-19 0.000196255
5.9 0 -8.30942e-19 0.000181161
5.91 0 -7.5566e-19 0.000165353
5.92 0 -6.80664e-19 0.000148891
5.93 0 -6.06242e-19 0.000131842
5.94 0 -5.2457e-19 0.000114273
5.95 0 -4.3669e-19 9.62531e-05
5.96 0 -3.53686e-19 7.7853e-05
5.97 0 -2.65593e-19 5.91457e-05
5.98 0 -1.76254e-19 4.0205e-05
5.99 0 -9.05209e-20 2.11056e-05
6 0 5.41001e-22 1.92291e-06
6.01 0 8.93068e-20 -1.72674e-05
6.02 0 1.76088e-19 -3.63895e-05
6.03 0 2.66478e-19 -5.5368e-05
6.04 0 3.52115e-19 -7.4128e-05
6.05 0 4.3678e-19 -9.25955e-05
6.06 0 5.22997e-19 -0.000110698
6.07 0 6.05511e-19 -0.000128363
6.08 0 6.86477e-19 -0.000145521
6.09 0 7.63108e-19 -0.000162106
6.1 0 8.33478e-19 -0.00017805
6.11 0 9.02173e-19 -0.000193292
6.12 0 9.70599e-19 -0.000207771
6.13 0 1.03517e-18 -0.00022143
6.14 0 1.0924e-18 -0.000234215
6.15 0 1.14531e-18 -0.000246076
6.16 0 1.19858e-18 -0.000256965
6.17 0 1.24062e-18 -0.000266841
6.18 0 1.27448e-18 -0.000275663
6.19 0 1.31309e-18 -0.000283398
6.2 0 1.34325e-18 -0.000290014
6.21 0 1.37137e-18 -0.000295485
6.22 0 1.40063e-18 -0.000299791
6.23 0 1.40801e-18 -0.000302913
6.24 0 1.40657e-18 -0.00030484
6.25 0 1.41919e-18 -0.000305563
6.26 0 1.42294e-18 -0.000305081
6.27 0 1.40802e-18 -0.000303395
6.28 0 1.39409e-18 -0.000300511
6.29 0 1.3714e-18 -0.000296442
6.3 0 1.34657e-18 -0.000291202
6.31 0 1.32297e-18 -0.000284814
6.32 0 1.28108e-18 -0.000277301
6.33 0 1.23739e-18 -0.000268694
6.34 0 1.19864e-18 -0.000259026
6.35 0 1.15022e-18 -0.000248336
6.36 0 1.09237e-18 -0.000236666
6.37 0 1.03516e-18 -0.000224062
6.38 0 9.70592e-19 -0.000210574
6.39 0 9.02188e-19 -0.000196255
6.4 0 8.36738e-19 -0.000181161
6.41 0 7.56546e-19 -0.000165353
6.42 0 6.79914e-19 -0.000148891
6.43 0 6.05492e-19 -0.000131842
6.44 0 5.18092e-19 -0.000114273
6.45 0 4.39213e-19 -9.62531e-05
6.46 0 3.54572e-19 -7.7853e-05
6.47 0 2.62797e-19 -5.91457e-05
6.48 0 1.79186e-19 -4.0205e-05
6.49 0 8.87478e-20 -2.11056e-05
6.5 0 -1.11222e-21 -1.92291e-06
6.51 0 -8.75365e-20 1.72674e-05
6.52 0 -1.78993e-19 3.63895e-05
6.53 0 -2.6611e-19 5.5368e-05
6.54 -3.38813e-21 -3.51338e-19 7.4128e-05
6.55 0 -4.39609e-19 9.25955e-05
6.56 0 -5.22553e-19 0.000110698
6.57 0 -6.00976e-19 0.000128363
6.58 0 -6.81942e-19 0.000145521
6.59 0 -7.60209e-19 0.000162106
6.6 0 -8.32215e-19 0.00017805
6.61 0 -9.02547e-19 0.000193292
6.62 0 -9.7261e-19 0.000207771
6.63 0 -1.03881e-18 0.00022143
6.64 0 -1.09605e-18 0.000234215
6.65 0 -1.14568e-18 0.000246076
6.66 0 -1.19732e-18 0.000256965
6.67 0 -1.2459e-18 0.000266841
6.68 0 -1.27977e-18 0.000275663
6.69 0 -1.3151e-18 0.000283398
6.7 0 -1.35181e-18 0.000290014
6.71 0 -1.37666e-18 0.000295485
6.72 0 -1.38955e-18 0.000299791
6.73 0 -1.40348e-18 0.000302913
6.74 0 -1.41513e-18 0.00030484
6.75 0 -1.41466e-18 0.000305563
6.76 0 -1.42168e-18 0.000305081
6.77 0 -1.4133e-18 0.000303395
6.78 0 -1.38956e-18 0.000300511
6.79 0 -1.37669e-18 0.000296442
6.8 0 -1.34858e-18 0.000291202
6.81 0 -1.31843e-18 0.000284814
6.82 0 -1.29291e-18 0.000277301
6.83 0 -1.2394e-18 0.000268694
6.84 0 -1.1941e-18 0.000259026
6.85 0 -1.15387e-18 0.000248336
6.86 0 -1.08784e-18 0.000236666
6.87 0 -1.03226e-18 0.000224062
6.88 0 -9.70965e-19 0.000210574
6.89 0 -8.97652e-19 0.000196255
6.9 0 -8.38748e-19 0.000181161
6.91 0 -7.63466e-19 0.000165353
6.92 0 -6.78651e-19 0.000148891
6.93 0 -6.05866e-19 0.000131842
6.94 0 -5.21739e-19 0.000114273
6.95 0 -4.36313e-19 9.62531e-05
6.96 0 -3.55764e-19 7.7853e-05
6.97 0 -2.64807e-19 5.91457e-05
6.98 0 -1.76462e-19 4.0205e-05
6.99 0 -9.05244e-20 2.11056e-05
7 0 1.18953e-21 1.92291e-06
7.01 0 8.90019e-20 -1.72674e-05
7.02 0 1.76703e-19 -3.63895e-05
7.03 0 2.66275e-19 -5.5368e-05
7.04 0 3.51913e-19 -7.4128e-05
7.05 0 4.39033e-19 -9.25955e-05
7.06 0 5.23613e-19 -0.000110698
7.07 0 6.02036e-19 -0.000128363
7.08 0 6.81365e-19 -0.000145521
7.09 0 7.59632e-19 -0.000162106
7.1 0 8.33275e-19 -0.00017805
7.11 0 9.03607e-19 -0.000193292
7.12 0 9.6876e-19 -0.000207771
7.13 0 1.03333e-18 -0.00022143
7.14 0 1.09711e-18 -0.000234215
7.15 0 1.14838e-18 -0.000246076
7.16 0 1.1951e-18 -0.000256965
7.17 0 1.24369e-18 -0.000266841
7.18 0 1.2841e-18 -0.000275663
7.19 0 1.31944e-18 -0.000283398
7.2 0 1.34959e-18 -0.000290014
7.21 0 1.37117e-18 -0.000295485
7.22 0 1.39061e-18 -0.000299791
7.23 0 1.40454e-18 -0.000302913
7.24 0 1.41292e-18 -0.00030484
7.25 0 1.41899e-18 -0.000305563
7.26 0 1.41292e-18 -0.000305081
7.27 0 1.40127e-18 -0.000303395
7.28 0 1.39389e-18 -0.000300511
7.29 0 1.37447e-18 -0.000296442
7.3 0 1.34309e-18 -0.000291202
7.31 0 1.31949e-18 -0.000284814
7.32 0 1.2907e-18 -0.000277301
7.33 0 1.24046e-18 -0.000268694
7.34 0 1.19189e-18 -0.000259026
7.35 0 1.14675e-18 -0.000248336
7.36 0 1.09053e-18 -0.000236666
7.37 0 1.03496e-18 -0.000224062
7.38 0 9.72026e-19 -0.000210574
7.39 0 9.00349e-19 -0.000196255
7.4 0 8.34899e-19 -0.000181161
7.41 0 7.61253e-19 -0.000165353
7.42 0 6.81347e-19 -0.000148891
7.43 0 6.05289e-19 -0.000131842
7.44 0 5.21163e-19 -0.000114273
7.45 0 4.35737e-19 -9.62531e-05
7.46 0 3.54369e-19 -7.7853e-05
7.47 0 2.66276e-19 -5.91457e-05
7.48 0 1.76119e-19 -4.0205e-05
7.49 0 8.93635e-20 -2.11056e-05
7.5 0 1.4269e-22 -1.92291e-06
7.51 0 -8.97921e-20 1.72674e-05
7.52 0 -1.77084e-19 3.63895e-05
7.53 0 -2.65838e-19 5.5368e-05
7.54 0 -3.54339e-19 7.4128e-05
7.55 0 -4.38186e-19 9.25955e-05
7.56 0 -5.21948e-19 0.000110698
7.57 0 -6.05281e-19 0.000128363
7.58 0 -6.82973e-19 0.000145521
7.59 0 -7.57968e-19 0.000162106
7.6 0 -8.34884e-19 0.00017805
7.61 0 -9.08488e-19 0.000193292
7.62 0 -9.72005e-19 0.000207771
7.63 0 -1.03494e-18 0.00022143
7.64 0 -1.09381e-18 0.000234215
7.65 0 -1.14508e-18 0.000246076
7.66 0 -1.19835e-18 0.000256965
7.67 0 -1.24366e-18 0.000266841
7.68 0 -1.2808e-18 0.000275663
7.69 0 -1.32268e-18 0.000283398
7.7 0 -1.35284e-18 0.000290014
7.71 0 -1.37114e-18 0.000295485
7.72 0 -1.4004e-18 0.000299791
7.73 0 -1.41433e-18 0.000302913
7.74 0 -1.41289e-18 0.00030484
7.75 0 -1.41896e-18 0.000305563
7.76 0 -1.41289e-18 0.000305081
7.77 0 -1.40451e-18 0.000303395
7.78 0 -1.39713e-18 0.000300511
7.79 0 -1.3679e-18 0.000296442
7.8 0 -1.34307e-18 0.000291202
7.81 0 -1.31946e-18 0.000284814
7.82 0 -1.28085e-18 0.000277301
7.83 0 -1.24698e-18 0.000268694
7.84 0 -1.1984e-18 0.000259026
7.85 0 -1.14508e-18 0.000248336
7.86 0 -1.09214e-18 0.000236666
7.87 0 -1.03002e-18 0.000224062
7.88 0 -9.7527e-19 0.000210574
7.89 0 -9.0523e-19 0.000196255
7.9 0 -8.28324e-19 0.000181161
7.91 0 -7.64498e-19 0.000165353
7.92 0 -6.86229e-19 0.000148891
7.93 0 -5.98715e-19 0.000131842
7.94 0 -5.23589e-19 0.000114273
7.95 0 -4.398e-19 9.62531e-05
7.96 0 -3.48613e-19 7.7853e-05
7.97 0 -2.66657e-19 5.91457e-05
7.98 0 -1.78721e-19 4.0205e-05
7.99 0 -8.78741e-20 2.11056e-05
8 0 -1.05699e-21 1.92291e-06
8.01 0 8.97727e-20 -1.72674e-05
8.02 0 1.78775e-19 -3.63895e-05
8.03 0 2.64664e-19 -5.5368e-05
8.04 0 3.51938e-19 -7.4128e-05
8.05 0 4.37422e-19 -9.25955e-05
8.06 0 5.21184e-19 -0.000110698
8.07 0 6.05334e-19 -0.000128363
8.08 0 6.84664e-19 -0.000145521
8.09 0 7.59658e-19 -0.000162106
8.1 0 8.34937e-19 -0.00017805
8.11 0 9.03632e-19 -0.000193292
8.12 0 9.70422e-19 -0.000207771
8.13 0 1.03335e-18 -0.00022143
8.14 0 1.08731e-18 -0.000234215
8.15 0 1.14841e-18 -0.000246076
8.16 0 1.20495e-18 -0.000256965
8.17 0 1.24371e-18 -0.000266841
8.18 0 1.28085e-18 -0.000275663
8.19 0 1.31619e-18 -0.000283398
8.2 0 1.34635e-18 -0.000290014
8.21 0 1.37447e-18 -0.000295485
8.22 0 1.39063e-18 -0.000299791
8.23 0 1.40783e-18 -0.000302913
8.24 0 1.42276e-18 -0.00030484
8.25 0 1.41574e-18 -0.000305563
8.26 0 1.41294e-18 -0.000305081
8.27 0 1.40457e-18 -0.000303395
8.28 0 1.39064e-18 -0.000300511
8.29 0 1.38432e-18 -0.000296442
8.3 0 1.34967e-18 -0.000291202
8.31 0 1.31297e-18 -0.000284814
8.32 0 1.29072e-18 -0.000277301
8.33 0 1.24376e-18 -0.000268694
8.34 0 1.19191e-18 -0.000259026
8.35 0 1.15168e-18 -0.000248336
8.36 0 1.09149e-18 -0.000236666
8.37 0 1.03101e-18 -0.000224062
8.38 0 9.7626e-19 -0.000210574
8.39 0 9.04583e-19 -0.000196255
8.4 0 8.34223e-19 -0.000181161
8.41 0 7.60578e-19 -0.000165353
8.42 0 6.80672e-19 -0.000148891
8.43 0 6.01341e-19 -0.000131842
8.44 0 5.1885e-19 -0.000114273
8.45 0 4.38334e-19 -9.62531e-05
8.46 0 3.52875e-19 -7.7853e-05
8.47 0 2.64373e-19 -5.91457e-05
8.48 0 1.79301e-19 -4.0205e-05
8.49 0 8.82495e-20 -2.11056e-05
8.5 0 -9.32956e-22 -1.92291e-06
8.51 0 -8.7938e-20 1.72674e-05
8.52 0 -1.78913e-19 3.63895e-05
8.53 0 -2.65211e-19 5.5368e-05
8.54 0 -3.50849e-19 7.4128e-05
8.55 0 -4.38787e-19 9.25955e-05
8.56 0 -5.22549e-19 0.000110698
8.57 0 -6.03427e-19 0.000128363
8.58 0 -6.79483e-19 0.000145521
8.59 0 -7.5775e-19 0.000162106
8.6 0 -8.34666e-19 0.00017805
8.61 0 -9.01725e-19 0.000193292
8.62 0 -9.73424e-19 0.000207771
8.63 0 -1.03635e-18 0.00022143
8.64 0 -1.08868e-18 0.000234215
8.65 0 -1.14813e-18 0.000246076
8.66 0 -1.19813e-18 0.000256965
8.67 0 -1.24017e-18 0.000266841
8.68 0 -1.28385e-18 0.000275663
8.69 0 -1.31264e-18 0.000283398
8.7 0 -1.34935e-18 0.000290014
8.71 0 -1.38074e-18 0.000295485
8.72 0 -1.38381e-18 0.000299791
8.73 0 -1.40756e-18 0.000302913
8.74 0 -1.41922e-18 0.00030484
8.75 0 -1.40892e-18 0.000305563
8.76 0 -1.41595e-18 0.000305081
8.77 0 -1.4043e-18 0.000303395
8.78 0 -1.39037e-18 0.000300511
8.79 0 -1.38077e-18 0.000296442
8.8 0 -1.34612e-18 0.000291202
8.81 0 -1.3127e-18 0.000284814
8.82 0 -1.28391e-18 0.000277301
8.83 0 -1.24676e-18 0.000268694
8.84 0 -1.20146e-18 0.000259026
8.85 0 -1.14486e-18 0.000248336
8.86 0 -1.08865e-18 0.000236666
8.87 0 -1.03471e-18 0.000224062
8.88 0 -9.70143e-19 0.000210574
8.89 0 -9.0174e-19 0.000196255
8.9 0 -8.33016e-19 0.000181161
8.91 0 -7.56098e-19 0.000165353
8.92 0 -6.81102e-19 0.000148891
8.93 0 -6.0668e-19 0.000131842
8.94 0 -5.21735e-19 0.000114273
8.95 0 -4.37128e-19 9.62531e-05
8.96 0 -3.54942e-19 7.7853e-05
8.97 0 -2.66031e-19 5.91457e-05
8.98 0 -1.77685e-19 4.0205e-05
8.99 0 -9.03159e-20 2.11056e-05
9 0 6.82e-22 1.92291e-06
9.01 0 8.89035e-20 -1.72674e-05
9.02 0 1.77496e-19 -3.63895e-05
9.03 0 2.6625e-19 -5.5368e-05
9.04 0 3.51887e-19 -7.4128e-05
9.05 0 4.38189e-19 -9.25955e-05
9.06 0 5.22769e-19 -0.000110698
9.07 0 6.05283e-19 -0.000128363
9.08 0 6.82976e-19 -0.000145521
9.09 0 7.54697e-19 -0.000162106
9.1 0 8.31613e-19 -0.00017805
9.11 0 9.05218e-19 -0.000193292
9.12 0 9.70371e-19 -0.000207771
9.13 0 1.03657e-18 -0.00022143
9.14 0 1.09381e-18 -0.000234215
9.15 0 1.14835e-18 -0.000246076
9.16 0 1.20162e-18 -0.000256965
9.17 0 1.24039e-18 -0.000266841
9.18 0 1.2808e-18 -0.000275663
9.19 0 1.32268e-18 -0.000283398
9.2 0 1.34957e-18 -0.000290014
9.21 0 1.36787e-18 -0.000295485
9.22 0 1.38731e-18 -0.000299791
9.23 0 1.40124e-18 -0.000302913
9.24 0 1.40635e-18 -0.00030484
9.25 0 1.41242e-18 -0.000305563
9.26 0 1.41617e-18 -0.000305081
9.27 0 1.40779e-18 -0.000303395
9.28 0 1.38732e-18 -0.000300511
9.29 0 1.37118e-18 -0.000296442
9.3 0 1.35289e-18 -0.000291202
9.31 0 1.31947e-18 -0.000284814
9.32 0 1.28085e-18 -0.000277301
9.33 0 1.24044e-18 -0.000268694
9.34 0 1.19186e-18 -0.000259026
9.35 0 1.14017e-18 -0.000248336
9.36 0 1.09378e-18 -0.000236666
9.37 0 1.0333e-18 -0.000224062
9.38 0 9.70364e-19 -0.000210574
9.39 0 9.0687e-19 -0.000196255
9.4 0 8.33237e-19 -0.000181161
9.41 0 7.62864e-19 -0.000165353
9.42 0 6.84595e-19 -0.000148891
9.43 0 6.01991e-19 -0.000131842
9.44 0 5.20319e-19 -0.000114273
9.45 0 4.3653e-19 -9.62531e-05
9.46 0 3.51889e-19 -7.7853e-05
9.47 0 2.64614e-19 -5.91457e-05
9.48 0 1.77497e-19 -4.0205e-05
9.49 0 8.95134e-20 -2.11056e-05
9.5 0 -4.36178e-22 -1.92291e-06
9.51 0 -8.92129e-20 1.72674e-05
9.52 0 -1.77119e-19 3.63895e-05
9.53 0 -2.65873e-19 5.5368e-05
9.54 0 -3.53147e-19 7.4128e-05
9.55 0 -4.37812e-19 9.25955e-05
9.56 0 -5.20756e-19 0.000110698
9.57 0 -6.02451e-19 0.000128363
9.58 0 -6.83417e-19 0.000145521
9.59 0 -7.60048e-19 0.000162106
9.6 0 -8.35327e-19 0.00017805
9.61 0 -9.05659e-19 0.000193292
9.62 0 -9.65903e-19 0.000207771
9.63 0 -1.03211e-18 0.00022143
9.64 0 -1.09425e-18 0.000234215
9.65 0 -1.14552e-18 0.000246076
9.66 0 -1.20043e-18 0.000256965
9.67 0 -1.24901e-18 0.000266841
9.68 0 -1.28288e-18 0.000275663
9.69 0 -1.31494e-18 0.000283398
9.7 0 -1.35165e-18 0.000290014
9.71 0 -1.3765e-18 0.000295485
9.72 0 -1.38939e-18 0.000299791
9.73 0 -1.40659e-18 0.000302913
9.74 0 -1.41824e-18 0.00030484
9.75 0 -1.41777e-18 0.000305563
9.76 0 -1.41824e-18 0.000305081
9.77 0 -1.40987e-18 0.000303395
9.78 0 -1.39267e-18 0.000300511
9.79 0 -1.37653e-18 0.000296442
9.8 0 -1.34842e-18 0.000291202
9.81 0 -1.31827e-18 0.000284814
9.82 0 -1.2862e-18 0.000277301
9.83 0 -1.24251e-18 0.000268694
9.84 0 -1.20376e-18 0.000259026
9.85 0 -1.15043e-18 0.000248336
9.86 0 -1.08931e-18 0.000236666
9.87 0 -1.03865e-18 0.000224062
9.88 0 -9.69168e-19 0.000210574
9.89 0 -9.00764e-19 0.000196255
9.9 0 -8.36951e-19 0.000181161
9.91 0 -7.60032e-19 0.000165353
9.92 0 -6.85036e-19 0.000148891
9.93 0 -6.04068e-19 0.000131842
9.94 0 -5.19123e-19 0.000114273
9.95 0 -4.37789e-19 9.62531e-05
9.96 0 -3.5233e-19 7.7853e-05
9.97 0 -2.65055e-19 5.91457e-05
9.98 0 -1.78347e-19 4.0205e-05
9.99 0 -8.91361e-20 2.11056e-05
10 0 3.9155e-22 1.92291e-06
10.01 0 4.50949e-20 -9.42769e-06
10.02 0 9.13436e-21 -3.49379e-06
10.03 0 -3.62565e-20 7.18622e-06
10.04 0 -1.49511e-20 4.35932e-06
10.05 0 2.75423e-20 -5.13843e-06
10.06 0 1.77086e-20 -4.67366e-06
10.07 0 -1.92738e-20 3.36286e-06
10.08 0 -1.87062e-20 4.58146e-06
10.09 0 1.21738e-20 -1.89629e-06
10.1 0 1.82717e-20 -4.21102e-06
10.11 0 -6.69163e-21 7.43781e-07
10.12 0 -1.66487e-20 3.6707e-06
10.13 0 2.39076e-21 1.12069e-07
10.14 0 1.42135e-20 -3.04763e-06
10.15 0 8.95604e-22 -7.03256e-07
10.16 0 -1.17039e-20 2.40827e-06
10.17 0 -3.22056e-21 1.06983e-06
10.18 0 9.21743e-21 -1.80023e-06
10.19 0 4.49275e-21 -1.25481e-06
10.2 0 -6.87619e-21 1.25468e-06
10.21 0 -5.07378e-21 1.30042e-06
10.22 0 4.68799e-21 -7.89286e-07
10.23 0 5.1999e-21 -1.24548e-06
10.24 0 -2.81369e-21 4.11034e-07
10.25 0 -4.9587e-21 1.12388e-06
10.26 0 1.40073e-21 -1.18998e-07
10.27 0 4.42655e-21 -9.63772e-07
10.28 0 -3.32454e-22 -9.32287e-08
10.29 0 -3.72367e-21 7.87418e-07
10.3 0 -4.90451e-22 2.35457e-07
10.31 0 3.00229e-21 -6.11476e-07
10.32 0 1.04035e-21 -3.19223e-07
10.33 0 -2.32255e-21 4.47572e-07
10.34 0 -1.33039e-21 3.56501e-07
10.35 0 1.69093e-21 -3.03033e-07
10.36 0 1.4375e-21 -3.58771e-07
10.37 0 -1.12393e-21 1.81692e-07
10.38 0 -1.42729e-21 3.36401e-07
10.39 0 6.45497e-22 -8.468e-08
10.4 0 1.32901e-21 -2.9829e-07
10.41 0 -2.7859e-22 1.11653e-08
10.42 0 -1.16621e-21 2.51712e-07
10.43 0 3.77676e-24 4.10041e-08
10.44 0 9.7622e-22 -2.02322e-07
10.45 0 1.94404e-22 -7.47587e-08
10.46 0 -7.77623e-22 1.54263e-07
10.47 0 -3.17243e-22 9.3378e-08
10.48 0 5.87079e-22 -1.10344e-07
10.49 0 3.81576e-22 -1.00167e-07
10.5 0 -4.12569e-22 7.22545e-08
10.51 0 -4.01927e-22 9.82267e-08
10.52 0 2.64813e-22 -4.07857e-08
10.53 0 3.91073e-22 -9.03104e-08
10.54 0 -1.42914e-22 1.60496e-08
10.55 0 -3.55928e-22 7.87423e-08
10.56 0 5.02697e-23 2.32517e-09
10.57 0 3.07096e-22 -6.53921e-08
10.58 0 1.85922e-23 -1.50231e-08
10.59 0 -2.51318e-22 5.1687e-08
10.6 0 -6.71104e-23 2.29022e-08
10.61 0 1.97023e-22 -3.86487e-08
10.62 0 9.67191e-23 -2.68843e-08
10.63 -8.27181e-25 -1.45959e-22 2.69475e-08
10.64 0 -1.09695e-22 2.78745e-08
10.65 0 1.00355e-22 -1.6963e-08
10.66 0 1.11414e-22 -2.67058e-08
10.67 0 -6.15619e-23 8.84606e-09
10.68 0 -1.05701e-22 2.4105e-08
10.69 -1.03398e-25 3.04184e-23 -2.57752e-09
10.7 0 9.44531e-23 -2.06761e-08
10.71 0 -6.99431e-24 -1.97947e-09
10.72 0 -7.98938e-23 1.68968e-08
10.73 0 -1.02704e-23 5.03492e-09
10.74 4.1359e-25 6.43563e-23 -1.31249e-08
10.75 0 2.20201e-23 -6.836e-09
10.76 0 -4.97248e-23 9.60998e-09
10.77 0 -2.85611e-23 7.63938e-09
10.78 0 3.62981e-23 -6.50957e-09
10.79 0 3.08102e-23 -7.69121e-09
10.8 0 -2.419e-23 3.90612e-09
10.81 0 -3.04803e-23 7.21388e-09
10.82 0 1.39113e-23 -1.82416e-09
10.83 0 2.84247e-23 -6.39826e-09
10.84 0 -5.9209e-24 2.46012e-10
10.85 0 -2.51037e-23 5.40047e-09
10.86 0 5.02772e-26 8.74338e-10
10.87 0 2.09364e-23 -4.34189e-09
10.88 0 4.11302e-24 -1.59964e-09
10.89 0 -1.66469e-23 3.31147e-09
10.9 0 -6.86207e-24 2.00018e-09
10.91 0 1.25885e-23 -2.36956e-09
10.92 0 8.21626e-24 -2.14679e-09
10.93 0 -8.90428e-24 1.55245e-09
10.94 0 -8.5874e-24 2.10599e-09
10.95 0 5.70553e-24 -8.77219e-10
10.96 0 8.30806e-24 -1.93681e-09
10.97 0 -3.11923e-24 3.46311e-10
10.98 0 -7.58332e-24 1.68914e-09
10.99 0 1.05198e-24 4.81864e-11
11 0 6.57749e-24 -1.4031e-09
11.01 0 4.45487e-25 -3.20921e-10
11.02 0 -5.46767e-24 1.10932e-09
11.03 0 -1.4402e-24 4.9027e-10
11.04 0 4.26798e-24 -8.29739e-10
11.05 0 2.02867e-24 -5.75993e-10
11.06 0 -3.12965e-24 5.78764e-10
11.07 0 -2.33645e-24 5.97492e-10
11.08 0 2.13838e-24 -3.64559e-10
11.09 0 2.39866e-24 -5.72632e-10
11.1 0 -1.33276e-24 1.90378e-10
11.11 0 -2.26561e-24 5.17004e-10
11.12 0 6.62918e-25 -5.58259e-11
11.13 0 2.02633e-24 -4.43568e-10
11.14 0 -1.26958e-25 -4.20222e-11
11.15 0 -1.7322e-24 3.62578e-10
11.16 0 -2.275e-25 1.0766e-10
11.17 0 1.40344e-24 -2.81714e-10
11.18 0 4.49784e-25 -1.46384e-10
11.19 0 -1.07206e-24 2.06338e-10
11.2 0 -5.98514e-25 1.63696e-10
11.21 0 7.70478e-25 -1.39835e-10
11.22 0 6.66481e-25 -1.64875e-10
11.23 0 -5.18456e-25 8.39778e-11
11.24 0 -6.57655e-25 1.5469e-10
11.25 0 3.06758e-25 -3.92983e-11
11.26 0 6.039e-25 -1.37236e-10
11.27 0 -1.28831e-25 5.42086e-12
11.28 0 -5.32412e-25 1.15863e-10
11.29 -8.07794e-28 -2.27685e-27 1.86383e-11
11.3 0 4.51305e-25 -9.31756e-11
11.31 0 8.81928e-26 -3.4223e-11
11.32 0 -3.60055e-25 7.10838e-11
11.33 0 -1.43712e-25 4.28392e-11
11.34 0 2.68316e-25 -5.0884e-11
11.35 0 1.74987e-25 -4.60055e-11
11.36 0 -1.88862e-25 3.33564e-11
11.37 0 -1.88087e-25 4.51483e-11
11.38 0 1.21187e-25 -1.88685e-11
11.39 0 1.80994e-25 -4.15339e-11
11.4 0 -6.77707e-26 7.47428e-12
11.41 -1.61559e-27 -1.61081e-25 3.62321e-11
11.42 0 2.45213e-26 9.95062e-13
11.43 0 1.38909e-25 -3.0104e-11
11.44 0 1.04582e-26 -6.8529e-12
11.45 0 -1.16108e-25 2.38073e-11
11.46 0 -3.19739e-26 1.04928e-11
11.47 0 9.23231e-26 -1.78129e-11
11.48 0 4.33267e-26 -1.23383e-11
11.49 0 -6.77279e-26 1.24304e-11
11.5 0 -4.92976e-26 1.28058e-11
11.51 0 4.55985e-26 -7.83416e-12
11.52 0 5.14257e-26 -1.22765e-11
11.53 0 -2.79033e-26 4.09693e-12
11.54 0 -4.91637e-26 1.1087e-11
11.55 0 1.43078e-26 -1.20916e-12
11.56 0 4.35967e-26 -9.51451e-12
11.57 0 -3.43798e-27 -8.91566e-13
11.58 0 -3.679e-26 7.77925e-12
11.59 0 -4.92352e-27 2.30148e-12
11.6 0 2.97813e-26 -6.04596e-12
11.61 0 1.01085e-26 -3.13403e-12
11.62 0 -2.30643e-26 4.42981e-12
11.63 1.00974e-28 -1.29332e-26 3.50712e-12
11.64 0 1.6783e-26 -3.0035e-12
11.65 0 1.41666e-26 -3.53463e-12
11.66 -5.04871e-29 -1.11449e-26 1.80365e-12
11.67 0 -1.39841e-26 3.31622e-12
11.68 0 6.48273e-27 -8.45267e-13
11.69 0 1.29793e-26 -2.9426e-12
11.7 -6.31089e-30 -2.76962e-27 1.18442e-13
11.71 0 -1.14524e-26 2.48476e-12
11.72 0 4.29342e-29 3.97881e-13
11.73 0 9.6625e-27 -1.99858e-12
11.74 0 1.8851e-27 -7.32478e-13
11.75 0 -7.7335e-27 1.52504e-12
11.76 0 -3.11999e-27 9.16784e-13
11.77 0 5.81042e-27 -1.09379e-12
11.78 0 3.76667e-27 -9.862e-13
11.79 0 -4.08929e-27 7.17864e-13
11.8 0 -3.97407e-27 9.68879e-13
11.81 0 2.6318e-27 -4.05933e-13
11.82 0 3.83623e-27 -8.91837e-13
11.83 0 -1.42928e-27 1.59813e-13
11.84 0 -3.49569e-27 7.7804e-13
11.85 1.57772e-30 4.75225e-28 2.36369e-14
11.86 0 3.02321e-27 -6.46064e-13
11.87 -2.52435e-29 2.03476e-28 -1.50133e-13
11.88 0 -2.52135e-27 5.11664e-13
11.89 0 -6.81515e-28 2.30002e-13
11.9 0 1.96485e-27 -3.82639e-13
11.91 0 9.50719e-28 -2.708e-13
11.92 -1.89327e-29 -1.43861e-27 2.66068e-13
11.93 -1.26218e-29 -1.09863e-27 2.81343e-13
11.94 6.31089e-30 9.84427e-28 -1.66096e-13
11.95 0 1.14014e-27 -2.69869e-13
11.96 0 -5.97356e-28 8.45329e-14
11.97 0 -1.07171e-27 2.4366e-13
11.98 0 2.87783e-28 -2.14104e-14
11.99 0 9.52608e-28 -2.08834e-13
12 -5.52203e-30 -4.32901e-29 -2.44822e-14
12.01 -6.31089e-30 -8.11023e-28 1.70279e-13
12.02 0 -1.27895e-28 5.51596e-14
12.03 3.15544e-30 6.58288e-28 -1.31687e-13
12.04 0 2.42756e-28 -7.30585e-14
12.05 -3.15544e-30 -4.9941e-28 9.56624e-14
12.06 -3.15544e-30 -3.06059e-28 8.07577e-14
12.07 -1.57772e-30 3.59382e-28 -6.38643e-14
12.08 0 3.26304e-28 -8.0754e-14
12.09 0 -2.35224e-28 3.71808e-14
12.1 -3.15544e-30 -3.19749e-28 7.5328e-14
12.11 2.36658e-30 1.28226e-28 -1.58897e-14
12.12 0 2.98218e-28 -6.64454e-14
12.13 0 -4.74797e-29 -1.71329e-16
12.14 0 -2.61342e-28 5.57273e-14
12.15 1.18329e-30 -1.06116e-29 1.14722e-14
12.16 0 2.15511e-28 -4.44344e-14
12.17 0 5.27971e-29 -1.86595e-14
12.18 -1.57772e-30 -1.69796e-28 3.34973e-14
12.19 7.88861e-31 -8.00115e-29 2.24689e-14
12.2 -7.88861e-31 1.27301e-28 -2.35434e-14
12.21 1.57772e-30 9.21605e-29 -2.36413e-14
12.22 -1.18329e-30 -8.81346e-29 1.49527e-14
12.23 7.88861e-31 -9.43588e-29 2.288e-14
12.24 5.91646e-31 5.31669e-29 -7.89696e-15
12.25 7.88861e-31 9.15729e-29 -2.08059e-14
12.26 -1.2819e-30 -2.53903e-29 2.39843e-15
12.27 7.88861e-31 -8.27603e-29 1.79486e-14
12.28 -6.40949e-31 6.17592e-30 1.63623e-15
12.29 7.88861e-31 7.02049e-29 -1.47295e-14
12.3 -5.91646e-31 8.17669e-30 -4.36673e-15
12.31 3.9443e-31 -5.6752e-29 1.1474e-14
12.32 -5.91646e-31 -1.86254e-29 5.9975e-15
12.33 3.9443e-31 4.37016e-29 -8.40942e-15
12.34 -7.88861e-31 2.51376e-29 -6.74205e-15
12.35 7.88861e-31 -3.15208e-29 5.6873e-15
12.36 -7.88861e-31 -2.74214e-29 6.8146e-15
12.37 7.88861e-31 2.09843e-29 -3.38708e-15
12.38 -7.88861e-31 2.70496e-29 -6.40686e-15
12.39 6.90253e-31 -1.19614e-29 1.54064e-15
12.4 -5.91646e-31 -2.54401e-29 5.6904e-15
12.41 8.32002e-31 4.81946e-30 -1.35683e-16
12.42 -7.88861e-31 2.23295e-29 -4.80249e-15
12.43 6.65601e-31 2.41801e-31 -8.6183e-16
12.44 -6.90253e-31 -1.8721e-29 3.85563e-15
12.45 6.40949e-31 -4.05081e-30 1.50753e-15
12.46 -4.93038e-31 1.46737e-29 -2.92872e-15
12.47 6.90253e-31 6.36264e-30 -1.85994e-15
12.48 -6.40949e-31 -1.1076e-29 2.08025e-15
12.49 5.91646e-31 -7.67934e-30 1.98427e-15
12.5 -5.91646e-31 7.82866e-30 -1.34189e-15
12.51 5.91646e-31 8.07624e-30 -1.93746e-15
12.52 -6.65601e-31 -4.9531e-30 7.32817e-16
12.53 5.91646e-31 -7.75259e-30 1.77543e-15
12.54 -6.28624e-31 2.62667e-30 -2.5356e-16
12.55 6.90253e-31 7.01848e-30 -1.54097e-15
12.56 -6.22461e-31 -7.60612e-31 -9.9923e-17
12.57 6.40949e-31 -6.00292e-30 1.27341e-15
12.58 -6.28624e-31 -6.04005e-31 3.43236e-16
12.59 6.16298e-31 4.93057e-30 -9.98363e-16
12.6 -6.65601e-31 1.52696e-30 -4.90461e-16
12.61 6.16298e-31 -3.81133e-30 7.38664e-16
12.62 -6.16298e-31 -2.05456e-30 5.62278e-16
12.63 6.65601e-31 2.76513e-30 -5.0507e-16
12.64 -6.40949e-31 2.30774e-30 -5.7401e-16
12.65 6.40949e-31 -1.89146e-30 3.07705e-16
12.66 -6.40949e-31 -2.32166e-30 5.4479e-16
12.67 6.71764e-31 1.1109e-30 -1.4696e-16
12.68 -6.28624e-31 2.12857e-30 -4.8654e-16
12.69 6.47883e-31 -4.6841e-31 2.49562e-17
12.7 -6.53275e-31 -1.89762e-30 4.13909e-16
12.71 6.57898e-31 -8.19336e-33 6.37204e-17
12.72 -6.53275e-31 1.62117e-30 -3.33876e-16
12.73 6.59438e-31 3.07689e-31 -1.20816e-16
12.74 -6.53275e-31 -1.30016e-30 2.5616e-16
12.75 6.59438e-31 -5.16318e-31 1.53988e-16
12.76 -6.53275e-31 9.66492e-31 -1.83143e-16
12.77 6.59438e-31 6.33063e-31 -1.6593e-16
12.78 -6.50194e-31 -6.91307e-31 1.20493e-16
12.79 6.53275e-31 -6.70091e-31 1.6427e-16
12.8 -6.56357e-31 4.42651e-31 -6.72004e-17
12.81 6.59438e-31 6.47204e-31 -1.5099e-16
12.82 -6.57127e-31 -2.3524e-31 2.62297e-17
12.83 6.59438e-31 -5.94601e-31 1.32571e-16
12.84 -6.56935e-31 6.99062e-32 5.46302e-18
12.85 6.65601e-31 5.15084e-31 -1.09617e-16
12.86 -6.6252e-31 3.84185e-32 -2.63402e-17
12.87 6.59438e-31 -4.30871e-31 8.71646e-17
12.88 -6.59438e-31 -1.23151e-31 4.03501e-17
12.89 6.67142e-31 3.29486e-31 -6.44203e-17
12.9 -6.6252e-31 1.71007e-31 -4.64303e-17
12.91 6.65601e-31 -2.43955e-31 4.5151e-17
12.92 -6.65601e-31 -1.95423e-31 4.86697e-17
12.93 6.67142e-31 1.69359e-31 -2.74709e-17
12.94 -6.65601e-31 1.92932e-31 -4.59013e-17
12.95 6.67142e-31 -1.00883e-31 1.42502e-17
12.96 -6.65601e-31 -1.82506e-31 4.19444e-17
12.97 6.6849e-31 4.47445e-32 -2.90576e-18
12.98 -6.67142e-31 1.62705e-31 -3.52639e-17
12.99 6.69838e-31 -7.10859e-33 -4.20282e-18
13 -6.68683e-31 -1.41267e-31 2.92664e-17
13.01 6.70224e-31 -2.15998e-32 1.00031e-17
13.02 -6.70994e-31 1.09894e-31 -2.20004e-17
13.03 6.71764e-31 4.02163e-32 -1.23399e-17
13.04 -6.72535e-31 -8.53819e-32 1.64814e-17
13.05 6.72535e-31 -5.31092e-32 1.42329e-17
13.06 -6.71764e-31 5.99846e-32 -1.04113e-17
13.07 6.7369e-31 5.66997e-32 -1.35338e-17
13.08 -6.73305e-31 -4.0756e-32 6.51308e-18
13.09 6.74075e-31 -5.462e-32 1.32086e-17
13.1 -6.73979e-31 2.07695e-32 -2.25398e-18
13.11 6.75616e-31 5.05236e-32 -1.1016e-17
13.12 -6.75201e-31 -8.38887e-33 1.7918e-19
13.13 6.76387e-31 -4.47043e-32 9.80808e-18
13.14 -6.75905e-31 -3.43511e-33 2.37026e-18
13.15 6.77735e-31 3.65658e-32 -7.22232e-18
13.16 -6.77157e-31 8.0233e-33 -2.93036e-18
13.17 6.78698e-31 -2.91964e-32 5.99227e-18
13.18 -6.7812e-31 -1.49177e-32 4.20416e-18
13.19 6.79372e-31 2.07978e-32 -3.64728e-18
13.2 -6.79275e-31 1.53276e-32 -3.74267e-18
13.21 6.80527e-31 -1.5049e-32 2.82694e-18
13.22 -6.80238e-31 -1.77298e-32 4.24243e-18
13.23 6.81707e-31 9.05353e-33 -9.83118e-19
13.24 -6.81105e-31 1.44325e-32 -3.23323e-18
13.25 6.82598e-31 -4.86918e-33 6.94706e-19
13.26 -6.82164e-31 -1.49612e-32 3.38147e-18
13.27 6.83657e-31 4.94311e-34 6.3126e-19
13.28 -6.83224e-31 1.07904e-32 -2.18255e-18
13.29 6.84608e-31 1.48692e-33 -4.46518e-19
13.3 -6.84283e-31 -1.06833e-32 2.26774e-18
13.31 6.85727e-31 -3.71422e-33 1.36259e-18
13.32 -6.85198e-31 6.34534e-33 -1.09924e-18
13.33 6.86714e-31 4.08386e-33 -8.40051e-19
13.34 -6.86209e-31 -6.39773e-33 1.27863e-18
13.35 6.8775e-31 -5.0239e-33 1.49179e-18
13.36 -6.87286e-31 2.54816e-33 -2.42895e-19
13.37 6.88737e-31 4.44316e-33 -7.744e-19
13.38 -6.88327e-31 -3.07505e-33 5.73321e-19
13.39 6.89772e-31 -4.63553e-33 1.29332e-18
13.4 -6.89266e-31 -2.55954e-34 3.0866e-19
13.41 6.90783e-31 3.5631e-33 -4.95728e-19
13.42 -6.90319e-31 -9.6604e-34 1.67098e-19
13.43 6.9177e-31 -3.45434e-33 9.76884e-19
13.44 -6.91313e-31 -1.76391e-33 5.85243e-19
13.45 6.92811e-31 2.21259e-33 -1.73948e-19
13.46 -6.92341e-31 8.96598e-35 3.96869e-22
13.47 6.93816e-31 -2.15792e-33 6.72957e-19
13.48 -6.93359e-31 -2.36495e-33 6.63359e-19
13.49 6.94809e-31 1.08349e-33 9.69894e-20
13.5 -6.94369e-31 3.30019e-34 -1.00846e-20
13.51 6.95851e-31 -1.09605e-33 4.43453e-19
13.52 -6.95381e-31 -2.3376e-33 6.25503e-19
13.53 6.96862e-31 1.71589e-34 2.81896e-19
13.54 -6.964e-31 1.77358e-34 5.92715e-20
13.55 6.97873e-31 -3.81578e-34 3.02376e-19
13.56 -6.97451e-31 -2.07668e-33 5.38621e-19
13.57 6.98872e-31 -3.45195e-34 3.82629e-19
13.58 -6.98438e-31 -1.86484e-34 1.5266e-19
13.59 6.99895e-31 -1.99838e-35 2.36824e-19
13.6 -6.9945e-31 -1.68755e-33 4.46924e-19
13.61 7.00906e-31 -6.37095e-34 4.19001e-19
13.62 -7.00455e-31 -5.87935e-34 2.37007e-19
13.63 7.01929e-31 1.26052e-34 2.23445e-19
13.64 -7.01472e-31 -1.37442e-33 3.7342e-19
13.65 7.02952e-31 -6.82137e-34 4.15287e-19
13.66 -7.02471e-31 -8.60091e-34 2.97937e-19
13.67 7.03957e-31 9.74904e-35 2.38948e-19
13.68 -7.03506e-31 -1.11919e-33 3.25438e-19
13.69 7.04987e-31 -6.0871e-34 3.92523e-19
13.7 -7.04529e-31 -1.05243e-33 3.33577e-19
13.71 7.05998e-31 2.0557e-35 2.65296e-19
13.72 -7.05528e-31 -1.0012e-33 3.00884e-19
13.73 7.07021e-31 -5.17509e-34 3.65421e-19
13.74 -7.06551e-31 -1.12458e-33 3.48673e-19
13.75 7.08032e-31 -1.21271e-34 2.91109e-19
13.76 -7.07551e-31 -9.31994e-34 2.93463e-19
13.77 7.09043e-31 -3.74997e-34 3.42249e-19
13.78 -7.08586e-31 -1.17442e-33 3.50191e-19
13.79 7.10042e-31 -1.7471e-34 3.10863e-19
13.8 -7.09597e-31 -9.26994e-34 2.96204e-19
13.81 7.11065e-31 -3.32506e-34 3.26229e-19
13.82 -7.10608e-31 -1.13692e-33 3.44634e-19
13.83 7.12076e-31 -2.59563e-34 3.23179e-19
13.84 -7.11631e-31 -9.59073e-34 3.03371e-19
13.85 7.13088e-31 -2.42854e-34 3.1735e-19
13.86 -7.1263e-31 -1.10938e-33 3.36815e-19
13.87 7.14111e-31 -2.86316e-34 3.2904e-19
13.88 -7.13653e-31 -9.70474e-34 3.11125e-19
13.89 7.15122e-31 -2.38868e-34 3.14008e-19
13.9 -7.14689e-31 -1.07084e-33 3.29628e-19
13.91 7.16157e-31 -3.03021e-34 3.30384e-19
13.92 -7.15676e-31 -1.03021e-33 3.17429e-19
13.93 7.17156e-31 -2.42092e-34 3.14161e-19
13.94 -7.16711e-31 -1.0674e-33 3.24369e-19
13.95 7.18191e-31 -3.12369e-34 3.29186e-19
13.96 -7.17698e-31 -1.05767e-33 3.21599e-19
13.97 7.19178e-31 -2.41723e-34 3.16014e-19
13.98 -7.18733e-31 -1.03532e-33 3.21246e-19
13.99 7.20214e-31 -3.13263e-34 3.26997e-19
14 -7.19744e-31 -1.04846e-33 3.23775e-19
14.01 7.21225e-31 -2.56992e-34 3.18294e-19
14.02 -7.20755e-31 -1.0491e-33 3.19884e-19
14.03 7.22248e-31 -2.91006e-34 3.24806e-19
14.04 -7.21778e-31 -1.0631e-33 3.24473e-19
14.05 7.23259e-31 -2.71484e-34 3.20274e-19
14.06 -7.22789e-31 -1.04173e-33 3.197e-19
14.07 7.2427e-31 -2.76684e-34 3.23107e-19
14.08 -7.23801e-31 -1.03451e-33 3.24281e-19
14.09 7.25293e-31 -2.75896e-34 3.21661e-19
14.1 -7.24824e-31 -1.0539e-33 3.20143e-19
14.11 7.26304e-31 -2.60428e-34 3.22033e-19
14.12 -7.25847e-31 -1.05154e-33 3.23692e-19
14.13 7.27303e-31 -2.77063e-34 3.22442e-19
14.14 -7.26858e-31 -1.03732e-33 3.20796e-19
14.15 7.28339e-31 -2.84168e-34 3.21511e-19
14.16 -7.27869e-31 -1.05384e-33 3.23037e-19
14.17 7.29362e-31 -2.68596e-34 3.22748e-19
14.18 -7.2888e-31 -1.03056e-33 3.21408e-19
14.19 7.30361e-31 -2.61484e-34 3.21378e-19
14.2 -7.29903e-31 -1.04735e-33 3.22497e-19
14.21 7.3136e-31 -2.71391e-34 3.22749e-19
14.22 -7.30927e-31 -1.03783e-33 3.21862e-19
14.23 7.32383e-31 -2.7806e-34 3.2147e-19
14.24 -7.31938e-31 -1.03601e-33 3.22135e-19
14.25 7.33406e-31 -2.68358e-34 3.22599e-19
14.26 -7.32961e-31 -1.04582e-33 3.22135e-19
14.27 7.34429e-31 -2.61032e-34 3.21651e-19
14.28 -7.3396e-31 -1.05757e-33 3.21942e-19
14.29 7.35452e-31 -2.86494e-34 3.22407e-19
14.3 -7.34971e-31 -1.05875e-33 3.22258e-19
14.31 7.36464e-31 -2.83593e-34 3.21837e-19
14.32 -7.35994e-31 -1.04265e-33 3.21877e-19
14.33 7.37487e-31 -2.8647e-34 3.22238e-19
14.34 -7.37005e-31 -1.0389e-33 3.22278e-19
14.35 7.38474e-31 -2.66283e-34 3.21983e-19
14.36 -7.38028e-31 -1.06302e-33 3.2189e-19
14.37 7.39485e-31 -2.54119e-34 3.22118e-19
14.38 -7.3904e-31 -1.05104e-33 3.22243e-19
14.39 7.4052e-31 -2.98294e-34 3.22077e-19
14.4 -7.40039e-31 -1.03105e-33 3.21938e-19
14.41 7.41543e-31 -2.91125e-34 3.22049e-19
14.42 -7.41074e-31 -1.04458e-33 3.22188e-19
14.43 7.42554e-31 -2.55868e-34 3.22123e-19
14.44 -7.42085e-31 -1.07007e-33 3.21993e-19
14.45 7.43565e-31 -2.75887e-34 3.22022e-19
14.46 -7.43096e-31 -1.04152e-33 3.22136e-19
14.47 7.44577e-31 -2.77239e-34 3.22136e-19
14.48 -7.44119e-31 -1.02404e-33 3.22039e-19
14.49 7.456e-31 -2.64414e-34 3.2202e-19
14.5 -7.4513e-31 -1.05376e-33 3.22097e-19
14.51 7.46611e-31 -2.64143e-34 3.22129e-19
14.52 -7.46141e-31 -1.05188e-33 3.22071e-19
14.53 7.47622e-31 -2.8769e-34 3.22032e-19
14.54 -7.47165e-31 -1.04083e-33 3.22073e-19
14.55 7.48645e-31 -2.85882e-34 3.22114e-19
14.56 -7.48164e-31 -1.05494e-33 3.22088e-19
14.57 7.49644e-31 -2.6033e-34 3.22048e-19
14.58 -7.49199e-31 -1.03378e-33 3.22062e-19
14.59 7.50667e-31 -2.74384e-34 3.22098e-19
14.6 -7.50198e-31 -1.05453e-33 3.22094e-19
14.61 7.51678e-31 -2.66194e-34 3.22063e-19
14.62 -7.51209e-31 -1.03673e-33 3.2206e-19
14.63 7.5269e-31 -2.63621e-34 3.22086e-19
14.64 -7.52232e-31 -1.03498e-33 3.22093e-19
14.65 7.53713e-31 -2.78586e-34 3.22073e-19
14.66 -7.53255e-31 -1.03826e-33 3.22063e-19
14.67 7.54724e-31 -2.66994e-34 3.22078e-19
14.68 -7.54266e-31 -1.04739e-33 3.22089e-19
14.69 7.55723e-31 -2.49741e-34 3.22079e-19
14.7 -7.5529e-31 -1.03035e-33 3.22068e-19
14.71 7.56758e-31 -2.67686e-34 3.22073e-19
14.72 -7.56301e-31 -1.02637e-33 3.22085e-19
14.73 7.57769e-31 -2.64798e-34 3.22082e-19
14.74 -7.57324e-31 -1.04207e-33 3.22072e-19
14.75 7.58792e-31 -2.71817e-34 3.22072e-19
14.76 -7.58323e-31 -1.03005e-33 3.22081e-19
14.77 7.59791e-31 -2.73303e-34 3.22082e-19
14.78 -7.59334e-31 -1.07444e-33 3.22075e-19
14.79 7.60803e-31 -2.50727e-34 3.22073e-19
14.8 -7.60357e-31 -1.02824e-33 3.22078e-19
14.81 7.61838e-31 -2.89795e-34 3.22081e-19
14.82 -7.6138e-31 -1.02873e-33 3.22077e-19
14.83 7.62849e-31 -2.76467e-34 3.22074e-19
14.84 -7.62379e-31 -1.06152e-33 3.22076e-19
14.85 7.6386e-31 -2.54684e-34 3.2208e-19
14.86 -7.63403e-31 -1.04458e-33 3.22078e-19
14.87 7.64859e-31 -2.63586e-34 3.22075e-19
14.88 -7.64414e-31 -1.02379e-33 3.22076e-19
14.89 7.65894e-31 -2.99518e-34 3.22078e-19
14.9 -7.65437e-31 -1.04465e-33 3.22079e-19
14.91 7.66905e-31 -2.53195e-34 3.22076e-19
14.92 -7.66448e-31 -1.05386e-33 3.22076e-19
14.93 7.67916e-31 -2.67731e-34 3.22078e-19
14.94 -7.67459e-31 -1.04908e-33 3.22078e-19
14.95 7.6894e-31 -2.82983e-34 3.22077e-19
14.96 -7.6847e-31 -1.04646e-33 3.22076e-19
14.97 7.69963e-31 -2.88584e-34 3.22077e-19
14.98 -7.69493e-31 -1.04988e-33 3.22078e-19
14.99 7.70962e-31 -2.6335e-34 3.22077e-19
15 -7.70504e-31 -1.04995e-33 3.22077e-19
15.01 7.71985e-31 -2.82756e-34 3.22077e-19
15.02 -7.71528e-31 -1.04901e-33 3.22078e-19
15.03 7.73008e-31 -2.77665e-34 3.22078e-19
15.04 -7.72539e-31 -1.05968e-33 3.22077e-19
15.05 7.74019e-31 -2.64055e-34 3.22077e-19
15.06 -7.73562e-31 -1.02312e-33 3.22077e-19
15.07 7.7503e-31 -2.82221e-34 3.22078e-19
15.08 -7.74573e-31 -1.03743e-33 3.22077e-19
15.09 7.76053e-31 -2.54595e-34 3.22077e-19
15.1 -7.75572e-31 -1.05807e-33 3.22077e-19
15.11 7.77065e-31 -2.72033e-34 3.22077e-19
15.12 -7.76607e-31 -1.01735e-33 3.22077e-19
15.13 7.78076e-31 -2.72025e-34 3.22077e-19
15.14 -7.77618e-31 -1.03997e-33 3.22077e-19
15.15 7.79087e-31 -2.50944e-34 3.22077e-19
15.16 -7.78617e-31 -1.05625e-33 3.22077e-19
15.17 7.8011e-31 -2.69832e-34 3.22077e-19
15.18 -7.79641e-31 -1.03568e-33 3.22077e-19
15.19 7.81121e-31 -2.84362e-34 3.22077e-19
15.2 -7.80676e-31 -1.0313e-33 3.22077e-19
15.21 7.82144e-31 -2.58192e-34 3.22077e-19
15.22 -7.81675e-31 -1.03886e-33 3.22077e-19
15.23 7.83155e-31 -2.68568e-34 3.22077e-19
15.24 -7.82686e-31 -1.04736e-33 3.22077e-19
15.25 7.84154e-31 -2.72196e-34 3.22077e-19
15.26 -7.83709e-31 -1.03768e-33 3.22077e-19
15.27 7.85178e-31 -2.54747e-34 3.22077e-19
15.28 -7.84732e-31 -1.04109e-33 3.22077e-19
15.29 7.86201e-31 -2.7509e-34 3.22077e-19
15.3 -7.85731e-31 -1.03557e-33 3.22077e-19
15.31 7.87224e-31 -2.89619e-34 3.22077e-19
15.32 -7.86742e-31 -1.06659e-33 3.22077e-19
15.33 7.88235e-31 -2.81826e-34 3.22077e-19
15.34 -7.87766e-31 -1.06637e-33 3.22077e-19
15.35 7.89246e-31 -2.75279e-34 3.22077e-19
15.36 -7.88789e-31 -1.02908e-33 3.22077e-19
15.37 7.90257e-31 -2.77453e-34 3.22077e-19
15.38 -7.89788e-31 -1.05263e-33 3.22077e-19
15.39 7.91268e-31 -2.73086e-34 3.22077e-19
15.4 -7.90811e-31 -1.04804e-33 3.22077e-19
15.41 7.92304e-31 -2.76714e-34 3.22077e-19
15.42 -7.91834e-31 -1.03567e-33 3.22077e-19
15.43 7.93315e-31 -2.60926e-34 3.22077e-19
15.44 -7.92845e-31 -1.04977e-33 3.22077e-19
15.45 7.94302e-31 -2.56041e-34 3.22077e-19
15.46 -7.93856e-31 -1.03989e-33 3.22077e-19
15.47 7.95325e-31 -2.7981e-34 3.22077e-19
15.48 -7.94867e-31 -1.03146e-33 3.22077e-19
15.49 7.96348e-31 -2.86344e-34 3.22077e-19
15.5 -7.95891e-31 -1.04432e-33 3.22077e-19
15.51 7.97359e-31 -2.59447e-34 3.22077e-19
15.52 -7.9689e-31 -1.07732e-33 3.22077e-19
15.53 7.9837e-31 -2.76157e-34 3.22077e-19
15.54 -7.97913e-31 -1.02549e-33 3.22077e-19
15.55 7.99405e-31 -2.85598e-34 3.22077e-19
15.56 -7.98936e-31 -1.02963e-33 3.22077e-19
15.57 8.00416e-31 -2.69603e-34 3.22077e-19
15.58 -7.99935e-31 -1.08079e-33 3.22077e-19
15.59 8.01428e-31 -2.53089e-34 3.22077e-19
15.6 -8.0097e-31 -1.02336e-33 3.22077e-19
15.61 8.02439e-31 -2.91601e-34 3.22077e-19
15.62 -8.01969e-31 -1.04182e-33 3.22077e-19
15.63 8.0345e-31 -2.79967e-34 3.22077e-19
15.64 -8.03004e-31 -1.02873e-33 3.22077e-19
15.65 8.04461e-31 -2.33655e-34 3.22077e-19
15.66 -8.04016e-31 -1.061e-33 3.22077e-19
15.67 8.05496e-31 -2.87014e-34 3.22077e-19
15.68 -8.05027e-31 -1.03585e-33 3.22077e-19
15.69 8.06495e-31 -2.89396e-34 3.22077e-19
15.7 -8.06026e-31 -1.05286e-33 3.22077e-19
15.71 8.07518e-31 -2.61772e-34 3.22077e-19
15.72 -8.07061e-31 -1.05046e-33 3.22077e-19
15.73 8.08542e-31 -2.69034e-34 3.22077e-19
15.74 -8.08084e-31 -1.03715e-33 3.22077e-19
15.75 8.09565e-31 -2.94256e-34 3.22077e-19
15.76 -8.09083e-31 -1.05852e-33 3.22077e-19
15.77 8.10564e-31 -2.72655e-34 3.22077e-19
15.78 -8.10106e-31 -1.03961e-33 3.22077e-19
15.79 8.11587e-31 -2.69741e-34 3.22077e-19
15.8 -8.11129e-31 -1.05807e-33 3.22077e-19
15.81 8.12598e-31 -2.78456e-34 3.22077e-19
15.82 -8.12129e-31 -1.03967e-33 3.22077e-19
15.83 8.13597e-31 -2.72117e-34 3.22077e-19
15.84 -8.13152e-31 -1.04651e-33 3.22077e-19
15.85 8.1462e-31 -2.70449e-34 3.22077e-19
15.86 -8.14175e-31 -1.04317e-33 3.22077e-19
15.87 8.15631e-31 -2.67536e-34 3.22077e-19
15.88 -8.15186e-31 -1.03837e-33 3.22077e-19
15.89 8.16654e-31 -2.73135e-34 3.22077e-19
15.9 -8.16197e-31 -1.0423e-33 3.22077e-19
15.91 8.17666e-31 -2.72194e-34 3.22077e-19
15.92 -8.1722e-31 -1.04041e-33 3.22077e-19
15.93 8.18689e-31 -2.81428e-34 3.22077e-19
15.94 -8.18231e-31 -1.06396e-33 3.22077e-19
15.95 8.197e-31 -2.56711e-34 3.22077e-19
15.96 -8.19242e-31 -1.03955e-33 3.22077e-19
15.97 8.20723e-31 -2.94497e-34 3.22077e-19
15.98 -8.20266e-31 -1.03859e-33 3.22077e-19
15.99 8.21746e-31 -2.78502e-34 3.22077e-19
16 -8.21265e-31 -1.0745e-33 3.22077e-19
16.01 8.22745e-31 -2.5472e-34 3.22077e-19
16.02 -8.22276e-31 -1.02776e-33 3.22077e-19
16.03 8.23756e-31 -2.79424e-34 3.22077e-19
16.04 -8.23299e-31 -1.04041e-33 3.22077e-19
16.05 8.24767e-31 -2.85024e-34 3.22077e-19
16.06 -8.24334e-31 -1.03655e-33 3.22077e-19
16.07 8.25791e-31 -2.46499e-34 3.22077e-19
16.08 -8.25333e-31 -1.05283e-33 3.22077e-19
16.09 8.26814e-31 -2.86983e-34 3.22077e-19
16.1 -8.26356e-31 -1.0279e-33 3.22077e-19
16.11 8.27813e-31 -2.55207e-34 3.22077e-19
16.12 -8.27367e-31 -1.04927e-33 3.22077e-19
16.13 8.28848e-31 -2.68075e-34 3.22077e-19
16.14 -8.28379e-31 -1.04011e-33 3.22077e-19
16.15 8.29859e-31 -2.76063e-34 3.22077e-19
16.16 -8.2939e-31 -1.04715e-33 3.22077e-19
16.17 8.30858e-31 -2.84778e-34 3.22077e-19
16.18 -8.30413e-31 -1.03727e-33 3.22077e-19
16.19 8.31881e-31 -2.50613e-34 3.22077e-19
16.2 -8.31436e-31 -1.03923e-33 3.22077e-19
16.21 8.32905e-31 -2.77289e-34 3.22077e-19
16.22 -8.32435e-31 -1.05312e-33 3.22077e-19
16.23 8.33916e-31 -2.66381e-34 3.22077e-19
16.24 -8.33458e-31 -1.03763e-33 3.22077e-19
16.25 8.34927e-31 -2.7655e-34 3.22077e-19
16.26 -8.34469e-31 -1.03866e-33 3.22077e-19
16.27 8.35938e-31 -2.67822e-34 3.22077e-19
16.28 -8.3548e-31 -1.05639e-33 3.22077e-19
16.29 8.36961e-31 -2.75083e-34 3.22077e-19
16.3 -8.36504e-31 -1.04599e-33 3.22077e-19
16.31 8.37984e-31 -2.83072e-34 3.22077e-19
16.32 -8.37515e-31 -1.03559e-33 3.22077e-19
16.33 8.38995e-31 -2.78497e-34 3.22077e-19
16.34 -8.38526e-31 -1.05987e-33 3.22077e-19
16.35 8.39994e-31 -2.58349e-34 3.22077e-19
16.36 -8.39549e-31 -1.04563e-33 3.22077e-19
16.37 8.41017e-31 -2.7485e-34 3.22077e-19
16.38 -8.4056e-31 -1.03699e-33 3.22077e-19
16.39 8.42041e-31 -2.76816e-34 3.22077e-19
16.4 -8.41583e-31 -1.03552e-33 3.22077e-19
16.41 8.43064e-31 -2.72449e-34 3.22077e-19
16.42 -8.42594e-31 -1.04599e-33 3.22077e-19
16.43 8.44075e-31 -2.78257e-34 3.22077e-19
16.44 -8.43593e-31 -1.06954e-33 3.22077e-19
16.45 8.45074e-31 -2.57382e-34 3.22077e-19
16.46 -8.44617e-31 -1.04824e-33 3.22077e-19
16.47 8.46097e-31 -2.92261e-34 3.22077e-19
16.48 -8.45628e-31 -1.0233e-33 3.22077e-19
16.49 8.47108e-31 -2.67026e-34 3.22077e-19
16.5 -8.46651e-31 -1.04052e-33 3.22077e-19
16.51 8.48131e-31 -2.64112e-34 3.22077e-19
16.52 -8.47662e-31 -1.05389e-33 3.22077e-19
16.53 8.49155e-31 -2.82794e-34 3.22077e-19
16.54 -8.48673e-31 -1.05003e-33 3.22077e-19
16.55 8.50178e-31 -2.73339e-34 3.22077e-19
16.56 -8.49684e-31 -1.04472e-33 3.22077e-19
16.57 8.51177e-31 -2.65547e-34 3.22077e-19
16.58 -8.50707e-31 -1.04522e-33 3.22077e-19
16.59 8.52188e-31 -2.74469e-34 3.22077e-19
16.6 -8.51718e-31 -1.02319e-33 3.22077e-19
16.61 8.53211e-31 -2.66469e-34 3.22077e-19
16.62 -8.52742e-31 -1.05837e-33 3.22077e-19
16.63 8.5421e-31 -2.61375e-34 3.22077e-19
16.64 -8.53765e-31 -1.02544e-33 3.22077e-19
16.65 8.55245e-31 -2.80783e-34 3.22077e-19
16.66 -8.54776e-31 -1.05408e-33 3.22077e-19
16.67 8.56244e-31 -2.54613e-34 3.22077e-19
16.68 -8.55787e-31 -1.0442e-33 3.22077e-19
16.69 8.57255e-31 -2.77137e-34 3.22077e-19
16.7 -8.5681e-31 -1.01708e-33 3.22077e-19
16.71 8.58279e-31 -2.75677e-34 3.22077e-19
16.72 -8.57833e-31 -1.03357e-33 3.22077e-19
16.73 8.59302e-31 -2.50026e-34 3.22077e-19
16.74 -8.58832e-31 -1.06948e-33 3.22077e-19
16.75 8.60313e-31 -2.74211e-34 3.22077e-19
16.76 -8.59843e-31 -1.04381e-33 3.22077e-19
16.77 8.61336e-31 -2.94554e-34 3.22077e-19
16.78 -8.60867e-31 -1.04774e-33 3.22077e-19
16.79 8.62347e-31 -2.69111e-34 3.22077e-19
16.8 -8.61866e-31 -1.04316e-33 3.22077e-19
16.81 8.63358e-31 -2.68585e-34 3.22077e-19
16.82 -8.62901e-31 -1.04438e-33 3.22077e-19
16.83 8.64357e-31 -2.56224e-34 3.22077e-19
16.84 -8.63912e-31 -1.02723e-33 3.22077e-19
16.85 8.65381e-31 -2.63485e-34 3.22077e-19
16.86 -8.64935e-31 -1.04154e-33 3.22077e-19
16.87 8.66404e-31 -2.72719e-34 3.22077e-19
16.88 -8.65934e-31 -1.03582e-33 3.22077e-19
16.89 8.67427e-31 -2.76865e-34 3.22077e-19
16.9 -8.66957e-31 -1.04628e-33 3.22077e-19
16.91 8.68438e-31 -2.80285e-34 3.22077e-19
16.92 -8.67981e-31 -1.05385e-33 3.22077e-19
16.93 8.69437e-31 -2.59929e-34 3.22077e-19
16.94 -8.6898e-31 -1.04396e-33 3.22077e-19
16.95 8.7046e-31 -2.61376e-34 3.22077e-19
16.96 -8.70015e-31 -1.0263e-33 3.22077e-19
16.97 8.71471e-31 -2.83691e-34 3.22077e-19
16.98 -8.71014e-31 -1.04964e-33 3.22077e-19
16.99 8.72494e-31 -2.72057e-34 3.22077e-19
17 -8.72025e-31 -1.04578e-33 3.22077e-19
17.01 8.73518e-31 -2.57515e-34 3.22077e-19
17.02 -8.73048e-31 -1.04503e-33 3.22077e-19
17.03 8.74517e-31 -2.77339e-34 3.22077e-19
17.04 -8.74059e-31 -1.03152e-33 3.22077e-19
17.05 8.75564e-31 -2.90934e-34 3.22077e-19
17.06 -8.7507e-31 -1.05818e-33 3.22077e-19
17.07 8.76551e-31 -2.60611e-34 3.22077e-19
17.08 -8.76093e-31 -1.06211e-33 3.22077e-19
17.09 8.7755e-31 -2.64239e-34 3.22077e-19
17.1 -8.77117e-31 -1.03043e-33 3.22077e-19
17.11 8.78573e-31 -2.95275e-34 3.22077e-19
17.12 -8.78116e-31 -1.04432e-33 3.22077e-19
17.13 8.79596e-31 -2.62356e-34 3.22077e-19
17.14 -8.79127e-31 -1.03195e-33 3.22077e-19
17.15 8.80619e-31 -2.61104e-34 3.22077e-19
17.16 -8.8015e-31 -1.05353e-33 3.22077e-19
17.17 8.81619e-31 -2.56219e-34 3.22077e-19
17.18 -8.81173e-31 -1.02984e-33 3.22077e-19
17.19 8.8263e-31 -2.85075e-34 3.22077e-19
17.2 -8.82184e-31 -1.03376e-33 3.22077e-19
17.21 8.83665e-31 -2.70325e-34 3.22077e-19
17.22 -8.83195e-31 -1.06676e-33 3.22077e-19
17.23 8.84676e-31 -2.73226e-34 3.22077e-19
17.24 -8.84206e-31 -1.04619e-33 3.22077e-19
17.25 8.85687e-31 -2.90662e-34 3.22077e-19
17.26 -8.85218e-31 -1.04648e-33 3.22077e-19
17.27 8.86722e-31 -2.76847e-34 3.22077e-19
17.28 -8.86241e-31 -1.04646e-33 3.22077e-19
17.29 8.87733e-31 -2.56699e-34 3.22077e-19
17.3 -8.87264e-31 -1.03824e-33 3.22077e-19
17.31 8.88732e-31 -2.64896e-34 3.22077e-19
17.32 -8.88275e-31 -1.04508e-33 3.22077e-19
17.33 8.89756e-31 -2.83785e-34 3.22077e-19
17.34 -8.89286e-31 -1.04849e-33 3.22077e-19
17.35 8.90779e-31 -2.73396e-34 3.22077e-19
17.36 -8.90309e-31 -1.03954e-33 3.22077e-19
17.37 8.9179e-31 -2.7557e-34 3.22077e-19
17.38 -8.9132e-31 -1.05582e-33 3.22077e-19
17.39 8.92789e-31 -2.75772e-34 3.22077e-19
17.4 -8.92344e-31 -1.0367e-33 3.22077e-19
17.41 8.93812e-31 -2.7047e-34 3.22077e-19
17.42 -8.93355e-31 -1.05714e-33 3.22077e-19
17.43 8.94835e-31 -2.62469e-34 3.22077e-19
17.44 -8.94354e-31 -1.02711e-33 3.22077e-19
17.45 8.95858e-31 -2.74091e-34 3.22077e-19
17.46 -8.95389e-31 -1.02928e-33 3.22077e-19
17.47 8.96869e-31 -2.74085e-34 3.22077e-19
17.48 -8.964e-31 -1.0739e-33 3.22077e-19
17.49 8.97881e-31 -2.67019e-34 3.22077e-19
17.5 -8.97411e-31 -1.03588e-33 3.22077e-19
17.51 8.98868e-31 -2.68674e-34 3.22077e-19
17.52 -8.9841e-31 -1.03908e-33 3.22077e-19
17.53 8.99903e-31 -2.88082e-34 3.22077e-19
17.54 -8.99445e-31 -1.03741e-33 3.22077e-19
17.55 9.00926e-31 -2.52464e-34 3.22077e-19
17.56 -9.00457e-31 -1.03863e-33 3.22077e-19
17.57 9.01937e-31 -2.60452e-34 3.22077e-19
17.58 -9.01468e-31 -1.04183e-33 3.22077e-19
17.59 9.02948e-31 -2.60654e-34 3.22077e-19
17.6 -9.02479e-31 -1.02853e-33 3.22077e-19
17.61 9.03971e-31 -2.83177e-34 3.22077e-19
17.62 -9.03502e-31 -1.04356e-33 3.22077e-19
17.63 9.0497e-31 -2.66455e-34 3.22077e-19
17.64 -9.04525e-31 -1.04822e-33 3.22077e-19
17.65 9.05994e-31 -2.53886e-34 3.22077e-19
17.66 -9.05536e-31 -1.02619e-33 3.22077e-19
17.67 9.07005e-31 -2.56995e-34 3.22077e-19
17.68 -9.06535e-31 -1.03645e-33 3.22077e-19
17.69 9.08028e-31 -2.94572e-34 3.22077e-19
17.7 -9.0757e-31 -1.04297e-33 3.22077e-19
17.71 9.09039e-31 -2.74943e-34 3.22077e-19
17.72 -9.08594e-31 -1.06144e-33 3.22077e-19
17.73 9.10062e-31 -2.53861e-34 3.22077e-19
17.74 -9.09593e-31 -1.05592e-33 3.22077e-19
17.75 9.11073e-31 -2.90192e-34 3.22077e-19
17.76 -9.10604e-31 -1.01935e-33 3.22077e-19
17.77 9.12096e-31 -2.80738e-34 3.22077e-19
17.78 -9.11615e-31 -1.05038e-33 3.22077e-19
17.79 9.13095e-31 -2.46055e-34 3.22077e-19
17.8 -9.12638e-31 -1.04216e-33 3.22077e-19
17.81 9.14119e-31 -2.62764e-34 3.22077e-19
17.82 -9.13661e-31 -1.02449e-33 3.22077e-19
17.83 9.15142e-31 -2.80927e-34 3.22077e-19
17.84 -9.14684e-31 -1.03953e-33 3.22077e-19
17.85 9.16141e-31 -2.53304e-34 3.22077e-19
17.86 -9.15695e-31 -1.05342e-33 3.22077e-19
17.87 9.17152e-31 -2.65652e-34 3.22077e-19
17.88 -9.16707e-31 -1.03336e-33 3.22077e-19
17.89 9.18175e-31 -2.79247e-34 3.22077e-19
17.9 -9.17718e-31 -1.03387e-33 3.22077e-19
17.91 9.19198e-31 -2.73426e-34 3.22077e-19
17.92 -9.18729e-31 -1.0625e-33 3.22077e-19
17.93 9.20209e-31 -2.56912e-34 3.22077e-19
17.94 -9.1974e-31 -1.03975e-33 3.22077e-19
17.95 9.21232e-31 -2.9885e-34 3.22077e-19
17.96 -9.20763e-31 -1.03807e-33 3.22077e-19
17.97 9.22244e-31 -2.61987e-34 3.22077e-19
17.98 -9.21774e-31 -1.0502e-33 3.22077e-19
17.99 9.23267e-31 -2.82849e-34 3.22077e-19
18 -9.22797e-31 -1.05267e-33 3.22077e-19
18.01 9.24278e-31 -2.61974e-34 3.22077e-19
18.02 -9.23808e-31 -1.0294e-33 3.22077e-19
18.03 9.25289e-31 -2.69962e-34 3.22077e-19
18.04 -9.24832e-31 -1.04641e-33 3.22077e-19
18.05 9.263e-31 -2.56874e-34 3.22077e-19
18.06 -9.25831e-31 -1.0494e-33 3.22077e-19
18.07 9.27323e-31 -2.92998e-34 3.22077e-19
18.08 -9.26842e-31 -1.04045e-33 3.22077e-19
18.09 9.28334e-31 -2.83025e-34 3.22077e-19
18.1 -9.27877e-31 -1.06058e-33 3.22077e-19
18.11 9.29333e-31 -2.42528e-34 3.22077e-19
18.12 -9.28876e-31 -1.03398e-33 3.22077e-19
18.13 9.30369e-31 -2.90798e-34 3.22077e-19
18.14 -9.29899e-31 -1.02939e-33 3.22077e-19
18.15 9.3138e-31 -2.89339e-34 3.22077e-19
18.16 -9.30898e-31 -1.07111e-33 3.22077e-19
18.17 9.32403e-31 -2.7407e-34 3.22077e-19
18.18 -9.31921e-31 -1.07161e-33 3.22077e-19
18.19 9.33414e-31 -2.74999e-34 3.22077e-19
18.2 -9.32945e-31 -1.03214e-33 3.22077e-19
18.21 9.34425e-31 -2.8444e-34 3.22077e-19
18.22 -9.3398e-31 -1.03555e-33 3.22077e-19
18.23 9.3546e-31 -2.6969e-34 3.22077e-19
18.24 -9.34979e-31 -1.06274e-33 3.22077e-19
18.25 9.36459e-31 -2.64078e-34 3.22077e-19
18.26 -9.35978e-31 -1.05285e-33 3.22077e-19
18.27 9.3747e-31 -2.91689e-34 3.22077e-19
18.28 -9.37013e-31 -1.04173e-33 3.22077e-19
18.29 9.38482e-31 -2.98015e-34 3.22077e-19
18.3 -9.38024e-31 -1.05874e-33 3.22077e-19
18.31 9.39493e-31 -2.48797e-34 3.22077e-19
18.32 -9.39035e-31 -1.03744e-33 3.22077e-19
18.33 9.40516e-31 -2.66233e-34 3.22077e-19
18.34 -9.40058e-31 -1.02849e-33 3.22077e-19
18.35 9.41527e-31 -2.78582e-34 3.22077e-19
18.36 -9.41058e-31 -1.05349e-33 3.22077e-19
18.37 9.4255e-31 -2.63313e-34 3.22077e-19
18.38 -9.42081e-31 -1.03437e-33 3.22077e-19
18.39 9.43549e-31 -2.54586e-34 3.22077e-19
18.4 -9.43104e-31 -1.03539e-33 3.22077e-19
18.41 9.44572e-31 -2.81261e-34 3.22077e-19
18.42 -9.44103e-31 -1.05292e-33 3.22077e-19
18.43 9.45583e-31 -2.77621e-34 3.22077e-19
18.44 -9.45114e-31 -1.04979e-33 3.22077e-19
18.45 9.46607e-31 -2.82702e-34 3.22077e-19
18.46 -9.46149e-31 -1.0532e-33 3.22077e-19
18.47 9.47618e-31 -2.76882e-34 3.22077e-19
18.48 -9.4716e-31 -1.03677e-33 3.22077e-19
18.49 9.48641e-31 -2.58498e-34 3.22077e-19
18.5 -9.48171e-31 -1.03291e-33 3.22077e-19
18.51 9.49664e-31 -2.73962e-34 3.22077e-19
18.52 -9.4917e-31 -1.05958e-33 3.22077e-19
18.53 9.50651e-31 -2.54022e-34 3.22077e-19
18.54 -9.50206e-31 -1.03101e-33 3.22077e-19
18.55 9.51686e-31 -2.87031e-34 3.22077e-19
18.56 -9.51217e-31 -1.03348e-33 3.22077e-19
18.57 9.52697e-31 -2.58162e-34 3.22077e-19
18.58 -9.52216e-31 -1.05558e-33 3.22077e-19
18.59 9.53721e-31 -2.69057e-34 3.22077e-19
18.6 -9.53263e-31 -1.02576e-33 3.22077e-19
18.61 9.54732e-31 -2.84105e-34 3.22077e-19
18.62 -9.54262e-31 -1.05347e-33 3.22077e-19
18.63 9.55755e-31 -2.7029e-34 3.22077e-19
18.64 -9.55285e-31 -1.05833e-33 3.22077e-19
18.65 9.56754e-31 -2.6883e-34 3.22077e-19
18.66 -9.56284e-31 -1.04025e-33 3.22077e-19
18.67 9.57777e-31 -2.73911e-34 3.22077e-19
18.68 -9.57308e-31 -1.03857e-33 3.22077e-19
18.69 9.58788e-31 -2.73905e-34 3.22077e-19
18.7 -9.58319e-31 -1.05142e-33 3.22077e-19
18.71 9.59811e-31 -2.78986e-34 3.22077e-19
18.72 -9.59354e-31 -1.05047e-33 3.22077e-19
18.73 9.60822e-31 -2.83132e-34 3.22077e-19
18.74 -9.60353e-31 -1.04838e-33 3.22077e-19
18.75 9.61833e-31 -2.6641e-34 3.22077e-19
18.76 -9.61376e-31 -1.04722e-33 3.22077e-19
18.77 9.62857e-31 -2.85818e-34 3.22077e-19
18.78 -9.62387e-31 -1.04626e-33 3.22077e-19
18.79 9.63856e-31 -2.65671e-34 3.22077e-19
18.8 -9.63398e-31 -1.05819e-33 3.22077e-19
18.81 9.64879e-31 -2.97953e-34 3.22077e-19
18.82 -9.64433e-31 -1.04104e-33 3.22077e-19
18.83 9.65902e-31 -2.62335e-34 3.22077e-19
18.84 -9.65433e-31 -1.04714e-33 3.22077e-19
18.85 9.66901e-31 -2.56514e-34 3.22077e-19
18.86 -9.66444e-31 -1.0438e-33 3.22077e-19
18.87 9.67936e-31 -2.75404e-34 3.22077e-19
18.88 -9.67467e-31 -1.01835e-33 3.22077e-19
18.89 9.68923e-31 -2.66157e-34 3.22077e-19
18.9 -9.68466e-31 -1.04844e-33 3.22077e-19
18.91 9.69959e-31 -2.78298e-34 3.22077e-19
18.92 -9.69489e-31 -1.07199e-33 3.22077e-19
18.93 9.7097e-31 -2.73931e-34 3.22077e-19
18.94 -9.705e-31 -1.04197e-33 3.22077e-19
18.95 9.71981e-31 -2.94274e-34 3.22077e-19
18.96 -9.71523e-31 -1.04517e-33 3.22077e-19
18.97 9.73004e-31 -2.73918e-34 3.22077e-19
18.98 -9.72546e-31 -1.04224e-33 3.22077e-19
18.99 9.74027e-31 -2.64672e-34 3.22077e-19
19 -9.7357e-31 -1.05001e-33 3.22077e-19
19.01 9.75038e-31 -2.58125e-34 3.22077e-19
19.02 -9.74581e-31 -1.02653e-33 3.22077e-19
19.03 9.76037e-31 -2.68501e-34 3.22077e-19
19.04 -9.75568e-31 -1.05371e-33 3.22077e-19
19.05 9.7706e-31 -2.85937e-34 3.22077e-19
19.06 -9.76603e-31 -1.03968e-33 3.22077e-19
19.07 9.78096e-31 -2.75548e-34 3.22077e-19
19.08 -9.77626e-31 -1.03364e-33 3.22077e-19
19.09 9.79107e-31 -2.54674e-34 3.22077e-19
19.1 -9.78637e-31 -1.05231e-33 3.22077e-19
19.11 9.80094e-31 -2.54148e-34 3.22077e-19
19.12 -9.79648e-31 -1.04295e-33 3.22077e-19
19.13 9.81117e-31 -2.95152e-34 3.22077e-19
19.14 -9.80659e-31 -1.03743e-33 3.22077e-19
19.15 9.8214e-31 -2.84036e-34 3.22077e-19
19.16 -9.81671e-31 -1.06222e-33 3.22077e-19
19.17 9.83175e-31 -2.73647e-34 3.22077e-19
19.18 -9.82694e-31 -1.06054e-33 3.22077e-19
19.19 9.84174e-31 -2.68034e-34 3.22077e-19
19.2 -9.83705e-31 -1.03416e-33 3.22077e-19
19.21 9.85185e-31 -2.82563e-34 3.22077e-19
19.22 -9.84728e-31 -1.02448e-33 3.22077e-19
19.23 9.86209e-31 -2.6418e-34 3.22077e-19
19.24 -9.85751e-31 -1.0553e-33 3.22077e-19
19.25 9.8722e-31 -2.75594e-34 3.22077e-19
19.26 -9.86762e-31 -1.04905e-33 3.22077e-19
19.27 9.88231e-31 -2.55238e-34 3.22077e-19
19.28 -9.87761e-31 -1.04696e-33 3.22077e-19
19.29 9.89242e-31 -2.79941e-34 3.22077e-19
19.3 -9.88772e-31 -1.03562e-33 3.22077e-19
19.31 9.90277e-31 -2.76301e-34 3.22077e-19
19.32 -9.89808e-31 -1.03197e-33 3.22077e-19
19.33 9.91276e-31 -2.62486e-34 3.22077e-19
19.34 -9.90807e-31 -1.05459e-33 3.22077e-19
19.35 9.92311e-31 -2.79714e-34 3.22077e-19
19.36 -9.9183e-31 -1.05363e-33 3.22077e-19
19.37 9.9331e-31 -2.67561e-34 3.22077e-19
19.38 -9.92841e-31 -1.03815e-33 3.22077e-19
19.39 9.94322e-31 -2.7991e-34 3.22077e-19
19.4 -9.93864e-31 -1.04062e-33 3.22077e-19
19.41 9.95345e-31 -2.68794e-34 3.22077e-19
19.42 -9.94887e-31 -1.04403e-33 3.22077e-19
19.43 9.96356e-31 -2.5446e-34 3.22077e-19
19.44 -9.95886e-31 -1.04723e-33 3.22077e-19
19.45 9.97379e-31 -2.78437e-34 3.22077e-19
19.46 -9.96897e-31 -1.0361e-33 3.22077e-19
19.47 9.9839e-31 -2.95873e-34 3.22077e-19
19.48 -9.97921e-31 -1.05187e-33 3.22077e-19
19.49 9.99401e-31 -2.55376e-34 3.22077e-19
19.5 -9.98944e-31 -1.05237e-33 3.22077e-19
19.51 1.00041e-30 -2.68451e-34 3.22077e-19
19.52 -9.99955e-31 -1.03325e-33 3.22077e-19
19.53 1.00142e-30 -2.69898e-34 3.22077e-19
19.54 -1.00098e-30 -1.02285e-33 3.22077e-19
19.55 1.00243e-30 -2.57745e-34 3.22077e-19
19.56 -1.00198e-30 -1.0493e-33 3.22077e-19
19.57 1.00346e-30 -2.68432e-34 3.22077e-19
19.58 -1.00299e-30 -1.03818e-33 3.22077e-19
19.59 1.00448e-30 -2.75901e-34 3.22077e-19
19.6 -1.00401e-30 -1.04377e-33 3.22077e-19
19.61 1.00549e-30 -2.71534e-34 3.22077e-19
19.62 -1.00503e-30 -1.04281e-33 3.22077e-19
19.63 1.0065e-30 -2.70075e-34 3.22077e-19
19.64 -1.00605e-30 -1.05401e-33 3.22077e-19
19.65 1.00751e-30 -2.78789e-34 3.22077e-19
19.66 -1.00707e-30 -1.03198e-33 3.22077e-19
19.67 1.00854e-30 -2.5916e-34 3.22077e-19
19.68 -1.00808e-30 -1.03663e-33 3.22077e-19
19.69 1.00955e-30 -2.70055e-34 3.22077e-19
19.7 -1.00908e-30 -1.05728e-33 3.22077e-19
19.71 1.01057e-30 -2.68596e-34 3.22077e-19
19.72 -1.01011e-30 -1.02383e-33 3.22077e-19
19.73 1.01157e-30 -2.69316e-34 3.22077e-19
19.74 -1.01113e-30 -1.02994e-33 3.22077e-19
19.75 1.01259e-30 -2.55501e-34 3.22077e-19
19.76 -1.01215e-30 -1.05349e-33 3.22077e-19
19.77 1.01362e-30 -2.82696e-34 3.22077e-19
19.78 -1.01315e-30 -1.05866e-33 3.22077e-19
19.79 1.01463e-30 -2.64728e-34 3.22077e-19
19.8 -1.01417e-30 -1.03881e-33 3.22077e-19
19.81 1.01565e-30 -2.97218e-34 3.22077e-19
19.82 -1.01517e-30 -1.03256e-33 3.22077e-19
19.83 1.01666e-30 -2.69595e-34 3.22077e-19
19.84 -1.0162e-30 -1.05632e-33 3.22077e-19
19.85 1.01767e-30 -2.44152e-34 3.22077e-19
19.86 -1.01722e-30 -1.04789e-33 3.22077e-19
19.87 1.0187e-30 -2.96991e-34 3.22077e-19
19.88 -1.01822e-30 -1.03874e-33 3.22077e-19
19.89 1.01971e-30 -2.71756e-34 3.22077e-19
19.9 -1.01925e-30 -1.05014e-33 3.22077e-19
19.91 1.02071e-30 -2.53581e-34 3.22077e-19
19.92 -1.02025e-30 -1.04171e-33 3.22077e-19
19.93 1.02173e-30 -2.89912e-34 3.22077e-19
19.94 -1.02127e-30 -1.03059e-33 3.22077e-19
19.95 1.02275e-30 -2.67376e-34 3.22077e-19
19.96 -1.02227e-30 -1.06504e-33 3.22077e-19
19.97 1.02376e-30 -2.62283e-34 3.22077e-19
19.98 -1.02331e-30 -1.02432e-33 3.22077e-19
19.99 1.0248e-30 -2.84079e-34 3.22077e-19
20 -1.02432e-30 -1.05244e-33 3.22077e-19
